2025-03-21 11:40:05.470 +08:00  ERR  An unhandled exception has occurred while executing the request.System.ArgumentException: Delegate to an instance method cannot have null 'this'.
   at System.MulticastDelegate.ThrowNullThisInDelegateToInstance()
   at System.MulticastDelegate.CtorClosed(Object target, IntPtr methodPtr)
   at tas.Persistence.Repositories.EmployeeRepository.SetTransport(RosterExecuteEmployeeRequest employee, List`1 activeDates, Int32 flightGroupMasterId, List`1 shiftData)
   at tas.Persistence.Repositories.EmployeeRepository.RosterExecute(RosterExecuteEmployeeRequest request, CancellationToken cancellationToken)
   at tas.Application.Features.EmployeeFeature.RosterExecuteEmployee.RosterExecuteEmployeeHandler.Handle(RosterExecuteEmployeeRequest request, CancellationToken cancellationToken) in D:\00 Fractal\Development\OT\V8\tas.WebAPI\tas.Application\Features\EmployeeFeature\RosterExecuteEmployee\RosterExecuteEmployeeHandler.cs:line 25
   at tas.Application.Common.Behaviors.ValidationBehavior`2.Handle(TRequest request, RequestHandlerDelegate`1 next, CancellationToken cancellationToken) in D:\00 Fractal\Development\OT\V8\tas.WebAPI\tas.Application\Common\Behaviors\ValidatorBehavior.cs:line 39
   at MediatR.Pipeline.RequestExceptionProcessorBehavior`2.Handle(TRequest request, RequestHandlerDelegate`1 next, CancellationToken cancellationToken)
   at MediatR.Pipeline.RequestExceptionProcessorBehavior`2.Handle(TRequest request, RequestHandlerDelegate`1 next, CancellationToken cancellationToken)
   at MediatR.Pipeline.RequestExceptionActionProcessorBehavior`2.Handle(TRequest request, RequestHandlerDelegate`1 next, CancellationToken cancellationToken)
   at MediatR.Pipeline.RequestExceptionActionProcessorBehavior`2.Handle(TRequest request, RequestHandlerDelegate`1 next, CancellationToken cancellationToken)
   at MediatR.Pipeline.RequestPostProcessorBehavior`2.Handle(TRequest request, RequestHandlerDelegate`1 next, CancellationToken cancellationToken)
   at MediatR.Pipeline.RequestPreProcessorBehavior`2.Handle(TRequest request, RequestHandlerDelegate`1 next, CancellationToken cancellationToken)
   at tas.WebAPI.Controllers.Tas.EmployeeController.RosterExcecute(RosterExecuteEmployeeRequest request, CancellationToken cancellationToken) in D:\00 Fractal\Development\OT\V8\tas.WebAPI\tas.WebAPI\Controllers\Tas\EmployeeController.cs:line 438
   at lambda_method911(Closure, Object)
   at Microsoft.AspNetCore.Mvc.Infrastructure.ActionMethodExecutor.TaskOfActionResultExecutor.Execute(ActionContext actionContext, IActionResultTypeMapper mapper, ObjectMethodExecutor executor, Object controller, Object[] arguments)
   at Microsoft.AspNetCore.Mvc.Infrastructure.ControllerActionInvoker.<InvokeActionMethodAsync>g__Awaited|12_0(ControllerActionInvoker invoker, ValueTask`1 actionResultValueTask)
   at Microsoft.AspNetCore.Mvc.Infrastructure.ControllerActionInvoker.<InvokeNextActionFilterAsync>g__Awaited|10_0(ControllerActionInvoker invoker, Task lastTask, State next, Scope scope, Object state, Boolean isCompleted)
   at Microsoft.AspNetCore.Mvc.Infrastructure.ControllerActionInvoker.Rethrow(ActionExecutedContextSealed context)
   at Microsoft.AspNetCore.Mvc.Infrastructure.ControllerActionInvoker.Next(State& next, Scope& scope, Object& state, Boolean& isCompleted)
   at Microsoft.AspNetCore.Mvc.Infrastructure.ControllerActionInvoker.<InvokeInnerFilterAsync>g__Awaited|13_0(ControllerActionInvoker invoker, Task lastTask, State next, Scope scope, Object state, Boolean isCompleted)
   at Microsoft.AspNetCore.Mvc.Infrastructure.ResourceInvoker.<InvokeFilterPipelineAsync>g__Awaited|20_0(ResourceInvoker invoker, Task lastTask, State next, Scope scope, Object state, Boolean isCompleted)
   at Microsoft.AspNetCore.Mvc.Infrastructure.ResourceInvoker.<InvokeAsync>g__Awaited|17_0(ResourceInvoker invoker, Task task, IDisposable scope)
   at Microsoft.AspNetCore.Mvc.Infrastructure.ResourceInvoker.<InvokeAsync>g__Awaited|17_0(ResourceInvoker invoker, Task task, IDisposable scope)
   at Microsoft.AspNetCore.Diagnostics.ExceptionHandlerMiddlewareImpl.<Invoke>g__Awaited|10_0(ExceptionHandlerMiddlewareImpl middleware, HttpContext context, Task task)

