2024-11-14 08:15:15.055 +08:00  ERR  An unhandled exception has occurred while executing the request.tas.Application.Common.Exceptions.BadRequestException: Action cannot be completed because the employee's status is inactive. Please contact the system administrator 
   at tas.Persistence.Repositories.SysRoleRepository.AddEmployee(AddEmployeeRequest request, CancellationToken cancellationToken) in D:\00 Fractal\Development\OT\V8\tas.WebAPI\tas.Persistence\Repositories\SysRoleRepository.cs:line 308
   at tas.Application.Features.SysRoleFeature.AddEmployee.AddEmployeeHandler.Handle(AddEmployeeRequest request, CancellationToken cancellationToken) in D:\00 Fractal\Development\OT\V8\tas.WebAPI\tas.Application\Features\SysRoleFeature\AddEmployee\AddEmployeeHandler.cs:line 29
   at tas.Application.Common.Behaviors.ValidationBehavior`2.Handle(TRequest request, RequestHandlerDelegate`1 next, CancellationToken cancellationToken) in D:\00 Fractal\Development\OT\V8\tas.WebAPI\tas.Application\Common\Behaviors\ValidatorBehavior.cs:line 39
   at MediatR.Pipeline.RequestExceptionProcessorBehavior`2.Handle(TRequest request, RequestHandlerDelegate`1 next, CancellationToken cancellationToken)
   at MediatR.Pipeline.RequestExceptionProcessorBehavior`2.Handle(TRequest request, RequestHandlerDelegate`1 next, CancellationToken cancellationToken)
   at MediatR.Pipeline.RequestExceptionActionProcessorBehavior`2.Handle(TRequest request, RequestHandlerDelegate`1 next, CancellationToken cancellationToken)
   at MediatR.Pipeline.RequestExceptionActionProcessorBehavior`2.Handle(TRequest request, RequestHandlerDelegate`1 next, CancellationToken cancellationToken)
   at MediatR.Pipeline.RequestPostProcessorBehavior`2.Handle(TRequest request, RequestHandlerDelegate`1 next, CancellationToken cancellationToken)
   at MediatR.Pipeline.RequestPreProcessorBehavior`2.Handle(TRequest request, RequestHandlerDelegate`1 next, CancellationToken cancellationToken)
   at tas.WebAPI.Controllers.Tas.SysRoleController.AddEmployee(AddEmployeeRequest request, CancellationToken cancellationToken) in D:\00 Fractal\Development\OT\V8\tas.WebAPI\tas.WebAPI\Controllers\Tas\SysRoleController.cs:line 59
   at lambda_method1546(Closure, Object)
   at Microsoft.AspNetCore.Mvc.Infrastructure.ActionMethodExecutor.TaskOfActionResultExecutor.Execute(ActionContext actionContext, IActionResultTypeMapper mapper, ObjectMethodExecutor executor, Object controller, Object[] arguments)
   at Microsoft.AspNetCore.Mvc.Infrastructure.ControllerActionInvoker.<InvokeActionMethodAsync>g__Awaited|12_0(ControllerActionInvoker invoker, ValueTask`1 actionResultValueTask)
   at Microsoft.AspNetCore.Mvc.Infrastructure.ControllerActionInvoker.<InvokeNextActionFilterAsync>g__Awaited|10_0(ControllerActionInvoker invoker, Task lastTask, State next, Scope scope, Object state, Boolean isCompleted)
   at Microsoft.AspNetCore.Mvc.Infrastructure.ControllerActionInvoker.Rethrow(ActionExecutedContextSealed context)
   at Microsoft.AspNetCore.Mvc.Infrastructure.ControllerActionInvoker.Next(State& next, Scope& scope, Object& state, Boolean& isCompleted)
   at Microsoft.AspNetCore.Mvc.Infrastructure.ControllerActionInvoker.<InvokeInnerFilterAsync>g__Awaited|13_0(ControllerActionInvoker invoker, Task lastTask, State next, Scope scope, Object state, Boolean isCompleted)
   at Microsoft.AspNetCore.Mvc.Infrastructure.ResourceInvoker.<InvokeFilterPipelineAsync>g__Awaited|20_0(ResourceInvoker invoker, Task lastTask, State next, Scope scope, Object state, Boolean isCompleted)
   at Microsoft.AspNetCore.Mvc.Infrastructure.ResourceInvoker.<InvokeAsync>g__Awaited|17_0(ResourceInvoker invoker, Task task, IDisposable scope)
   at Microsoft.AspNetCore.Mvc.Infrastructure.ResourceInvoker.<InvokeAsync>g__Awaited|17_0(ResourceInvoker invoker, Task task, IDisposable scope)
   at Microsoft.AspNetCore.Diagnostics.ExceptionHandlerMiddlewareImpl.<Invoke>g__Awaited|10_0(ExceptionHandlerMiddlewareImpl middleware, HttpContext context, Task task)

2024-11-14 08:15:16.638 +08:00  ERR  An unhandled exception has occurred while executing the request.tas.Application.Common.Exceptions.BadRequestException: Action cannot be completed because the employee's status is inactive. Please contact the system administrator 
   at tas.Persistence.Repositories.SysRoleRepository.AddEmployee(AddEmployeeRequest request, CancellationToken cancellationToken) in D:\00 Fractal\Development\OT\V8\tas.WebAPI\tas.Persistence\Repositories\SysRoleRepository.cs:line 308
   at tas.Application.Features.SysRoleFeature.AddEmployee.AddEmployeeHandler.Handle(AddEmployeeRequest request, CancellationToken cancellationToken) in D:\00 Fractal\Development\OT\V8\tas.WebAPI\tas.Application\Features\SysRoleFeature\AddEmployee\AddEmployeeHandler.cs:line 29
   at tas.Application.Common.Behaviors.ValidationBehavior`2.Handle(TRequest request, RequestHandlerDelegate`1 next, CancellationToken cancellationToken) in D:\00 Fractal\Development\OT\V8\tas.WebAPI\tas.Application\Common\Behaviors\ValidatorBehavior.cs:line 39
   at MediatR.Pipeline.RequestExceptionProcessorBehavior`2.Handle(TRequest request, RequestHandlerDelegate`1 next, CancellationToken cancellationToken)
   at MediatR.Pipeline.RequestExceptionProcessorBehavior`2.Handle(TRequest request, RequestHandlerDelegate`1 next, CancellationToken cancellationToken)
   at MediatR.Pipeline.RequestExceptionActionProcessorBehavior`2.Handle(TRequest request, RequestHandlerDelegate`1 next, CancellationToken cancellationToken)
   at MediatR.Pipeline.RequestExceptionActionProcessorBehavior`2.Handle(TRequest request, RequestHandlerDelegate`1 next, CancellationToken cancellationToken)
   at MediatR.Pipeline.RequestPostProcessorBehavior`2.Handle(TRequest request, RequestHandlerDelegate`1 next, CancellationToken cancellationToken)
   at MediatR.Pipeline.RequestPreProcessorBehavior`2.Handle(TRequest request, RequestHandlerDelegate`1 next, CancellationToken cancellationToken)
   at tas.WebAPI.Controllers.Tas.SysRoleController.AddEmployee(AddEmployeeRequest request, CancellationToken cancellationToken) in D:\00 Fractal\Development\OT\V8\tas.WebAPI\tas.WebAPI\Controllers\Tas\SysRoleController.cs:line 59
   at lambda_method1546(Closure, Object)
   at Microsoft.AspNetCore.Mvc.Infrastructure.ActionMethodExecutor.TaskOfActionResultExecutor.Execute(ActionContext actionContext, IActionResultTypeMapper mapper, ObjectMethodExecutor executor, Object controller, Object[] arguments)
   at Microsoft.AspNetCore.Mvc.Infrastructure.ControllerActionInvoker.<InvokeActionMethodAsync>g__Awaited|12_0(ControllerActionInvoker invoker, ValueTask`1 actionResultValueTask)
   at Microsoft.AspNetCore.Mvc.Infrastructure.ControllerActionInvoker.<InvokeNextActionFilterAsync>g__Awaited|10_0(ControllerActionInvoker invoker, Task lastTask, State next, Scope scope, Object state, Boolean isCompleted)
   at Microsoft.AspNetCore.Mvc.Infrastructure.ControllerActionInvoker.Rethrow(ActionExecutedContextSealed context)
   at Microsoft.AspNetCore.Mvc.Infrastructure.ControllerActionInvoker.Next(State& next, Scope& scope, Object& state, Boolean& isCompleted)
   at Microsoft.AspNetCore.Mvc.Infrastructure.ControllerActionInvoker.<InvokeInnerFilterAsync>g__Awaited|13_0(ControllerActionInvoker invoker, Task lastTask, State next, Scope scope, Object state, Boolean isCompleted)
   at Microsoft.AspNetCore.Mvc.Infrastructure.ResourceInvoker.<InvokeFilterPipelineAsync>g__Awaited|20_0(ResourceInvoker invoker, Task lastTask, State next, Scope scope, Object state, Boolean isCompleted)
   at Microsoft.AspNetCore.Mvc.Infrastructure.ResourceInvoker.<InvokeAsync>g__Awaited|17_0(ResourceInvoker invoker, Task task, IDisposable scope)
   at Microsoft.AspNetCore.Mvc.Infrastructure.ResourceInvoker.<InvokeAsync>g__Awaited|17_0(ResourceInvoker invoker, Task task, IDisposable scope)
   at Microsoft.AspNetCore.Diagnostics.ExceptionHandlerMiddlewareImpl.<Invoke>g__Awaited|10_0(ExceptionHandlerMiddlewareImpl middleware, HttpContext context, Task task)

2024-11-14 09:36:53.471 +08:00  ERR  An unhandled exception has occurred while executing the request.tas.Application.Common.Exceptions.BadRequestException: "'Department Admin' rights have already been assigned to this user. Creating a new role is not possible. Please delete your current role instead."
   at tas.Persistence.Repositories.SysRoleRepository.ValidateEmployeeRole(AddEmployeeRequest request) in D:\00 Fractal\Development\OT\V8\tas.WebAPI\tas.Persistence\Repositories\SysRoleRepository.cs:line 326
   at tas.Persistence.Repositories.SysRoleRepository.AddEmployee(AddEmployeeRequest request, CancellationToken cancellationToken) in D:\00 Fractal\Development\OT\V8\tas.WebAPI\tas.Persistence\Repositories\SysRoleRepository.cs:line 253
   at tas.Application.Features.SysRoleFeature.AddEmployee.AddEmployeeHandler.Handle(AddEmployeeRequest request, CancellationToken cancellationToken) in D:\00 Fractal\Development\OT\V8\tas.WebAPI\tas.Application\Features\SysRoleFeature\AddEmployee\AddEmployeeHandler.cs:line 29
   at tas.Application.Common.Behaviors.ValidationBehavior`2.Handle(TRequest request, RequestHandlerDelegate`1 next, CancellationToken cancellationToken) in D:\00 Fractal\Development\OT\V8\tas.WebAPI\tas.Application\Common\Behaviors\ValidatorBehavior.cs:line 39
   at MediatR.Pipeline.RequestExceptionProcessorBehavior`2.Handle(TRequest request, RequestHandlerDelegate`1 next, CancellationToken cancellationToken)
   at MediatR.Pipeline.RequestExceptionProcessorBehavior`2.Handle(TRequest request, RequestHandlerDelegate`1 next, CancellationToken cancellationToken)
   at MediatR.Pipeline.RequestExceptionActionProcessorBehavior`2.Handle(TRequest request, RequestHandlerDelegate`1 next, CancellationToken cancellationToken)
   at MediatR.Pipeline.RequestExceptionActionProcessorBehavior`2.Handle(TRequest request, RequestHandlerDelegate`1 next, CancellationToken cancellationToken)
   at MediatR.Pipeline.RequestPostProcessorBehavior`2.Handle(TRequest request, RequestHandlerDelegate`1 next, CancellationToken cancellationToken)
   at MediatR.Pipeline.RequestPreProcessorBehavior`2.Handle(TRequest request, RequestHandlerDelegate`1 next, CancellationToken cancellationToken)
   at tas.WebAPI.Controllers.Tas.SysRoleController.AddEmployee(AddEmployeeRequest request, CancellationToken cancellationToken) in D:\00 Fractal\Development\OT\V8\tas.WebAPI\tas.WebAPI\Controllers\Tas\SysRoleController.cs:line 59
   at lambda_method2575(Closure, Object)
   at Microsoft.AspNetCore.Mvc.Infrastructure.ActionMethodExecutor.TaskOfActionResultExecutor.Execute(ActionContext actionContext, IActionResultTypeMapper mapper, ObjectMethodExecutor executor, Object controller, Object[] arguments)
   at Microsoft.AspNetCore.Mvc.Infrastructure.ControllerActionInvoker.<InvokeActionMethodAsync>g__Awaited|12_0(ControllerActionInvoker invoker, ValueTask`1 actionResultValueTask)
   at Microsoft.AspNetCore.Mvc.Infrastructure.ControllerActionInvoker.<InvokeNextActionFilterAsync>g__Awaited|10_0(ControllerActionInvoker invoker, Task lastTask, State next, Scope scope, Object state, Boolean isCompleted)
   at Microsoft.AspNetCore.Mvc.Infrastructure.ControllerActionInvoker.Rethrow(ActionExecutedContextSealed context)
   at Microsoft.AspNetCore.Mvc.Infrastructure.ControllerActionInvoker.Next(State& next, Scope& scope, Object& state, Boolean& isCompleted)
   at Microsoft.AspNetCore.Mvc.Infrastructure.ControllerActionInvoker.<InvokeInnerFilterAsync>g__Awaited|13_0(ControllerActionInvoker invoker, Task lastTask, State next, Scope scope, Object state, Boolean isCompleted)
   at Microsoft.AspNetCore.Mvc.Infrastructure.ResourceInvoker.<InvokeFilterPipelineAsync>g__Awaited|20_0(ResourceInvoker invoker, Task lastTask, State next, Scope scope, Object state, Boolean isCompleted)
   at Microsoft.AspNetCore.Mvc.Infrastructure.ResourceInvoker.<InvokeAsync>g__Awaited|17_0(ResourceInvoker invoker, Task task, IDisposable scope)
   at Microsoft.AspNetCore.Mvc.Infrastructure.ResourceInvoker.<InvokeAsync>g__Awaited|17_0(ResourceInvoker invoker, Task task, IDisposable scope)
   at Microsoft.AspNetCore.Diagnostics.ExceptionHandlerMiddlewareImpl.<Invoke>g__Awaited|10_0(ExceptionHandlerMiddlewareImpl middleware, HttpContext context, Task task)

2024-11-14 09:36:59.732 +08:00  ERR  An unhandled exception has occurred while executing the request.tas.Application.Common.Exceptions.BadRequestException: "'Department Admin' rights have already been assigned to this user. Creating a new role is not possible. Please delete your current role instead."
   at tas.Persistence.Repositories.SysRoleRepository.ValidateEmployeeRole(AddEmployeeRequest request) in D:\00 Fractal\Development\OT\V8\tas.WebAPI\tas.Persistence\Repositories\SysRoleRepository.cs:line 326
   at tas.Persistence.Repositories.SysRoleRepository.AddEmployee(AddEmployeeRequest request, CancellationToken cancellationToken) in D:\00 Fractal\Development\OT\V8\tas.WebAPI\tas.Persistence\Repositories\SysRoleRepository.cs:line 253
   at tas.Application.Features.SysRoleFeature.AddEmployee.AddEmployeeHandler.Handle(AddEmployeeRequest request, CancellationToken cancellationToken) in D:\00 Fractal\Development\OT\V8\tas.WebAPI\tas.Application\Features\SysRoleFeature\AddEmployee\AddEmployeeHandler.cs:line 29
   at tas.Application.Common.Behaviors.ValidationBehavior`2.Handle(TRequest request, RequestHandlerDelegate`1 next, CancellationToken cancellationToken) in D:\00 Fractal\Development\OT\V8\tas.WebAPI\tas.Application\Common\Behaviors\ValidatorBehavior.cs:line 39
   at MediatR.Pipeline.RequestExceptionProcessorBehavior`2.Handle(TRequest request, RequestHandlerDelegate`1 next, CancellationToken cancellationToken)
   at MediatR.Pipeline.RequestExceptionProcessorBehavior`2.Handle(TRequest request, RequestHandlerDelegate`1 next, CancellationToken cancellationToken)
   at MediatR.Pipeline.RequestExceptionActionProcessorBehavior`2.Handle(TRequest request, RequestHandlerDelegate`1 next, CancellationToken cancellationToken)
   at MediatR.Pipeline.RequestExceptionActionProcessorBehavior`2.Handle(TRequest request, RequestHandlerDelegate`1 next, CancellationToken cancellationToken)
   at MediatR.Pipeline.RequestPostProcessorBehavior`2.Handle(TRequest request, RequestHandlerDelegate`1 next, CancellationToken cancellationToken)
   at MediatR.Pipeline.RequestPreProcessorBehavior`2.Handle(TRequest request, RequestHandlerDelegate`1 next, CancellationToken cancellationToken)
   at tas.WebAPI.Controllers.Tas.SysRoleController.AddEmployee(AddEmployeeRequest request, CancellationToken cancellationToken) in D:\00 Fractal\Development\OT\V8\tas.WebAPI\tas.WebAPI\Controllers\Tas\SysRoleController.cs:line 59
   at lambda_method2575(Closure, Object)
   at Microsoft.AspNetCore.Mvc.Infrastructure.ActionMethodExecutor.TaskOfActionResultExecutor.Execute(ActionContext actionContext, IActionResultTypeMapper mapper, ObjectMethodExecutor executor, Object controller, Object[] arguments)
   at Microsoft.AspNetCore.Mvc.Infrastructure.ControllerActionInvoker.<InvokeActionMethodAsync>g__Awaited|12_0(ControllerActionInvoker invoker, ValueTask`1 actionResultValueTask)
   at Microsoft.AspNetCore.Mvc.Infrastructure.ControllerActionInvoker.<InvokeNextActionFilterAsync>g__Awaited|10_0(ControllerActionInvoker invoker, Task lastTask, State next, Scope scope, Object state, Boolean isCompleted)
   at Microsoft.AspNetCore.Mvc.Infrastructure.ControllerActionInvoker.Rethrow(ActionExecutedContextSealed context)
   at Microsoft.AspNetCore.Mvc.Infrastructure.ControllerActionInvoker.Next(State& next, Scope& scope, Object& state, Boolean& isCompleted)
   at Microsoft.AspNetCore.Mvc.Infrastructure.ControllerActionInvoker.<InvokeInnerFilterAsync>g__Awaited|13_0(ControllerActionInvoker invoker, Task lastTask, State next, Scope scope, Object state, Boolean isCompleted)
   at Microsoft.AspNetCore.Mvc.Infrastructure.ResourceInvoker.<InvokeFilterPipelineAsync>g__Awaited|20_0(ResourceInvoker invoker, Task lastTask, State next, Scope scope, Object state, Boolean isCompleted)
   at Microsoft.AspNetCore.Mvc.Infrastructure.ResourceInvoker.<InvokeAsync>g__Awaited|17_0(ResourceInvoker invoker, Task task, IDisposable scope)
   at Microsoft.AspNetCore.Mvc.Infrastructure.ResourceInvoker.<InvokeAsync>g__Awaited|17_0(ResourceInvoker invoker, Task task, IDisposable scope)
   at Microsoft.AspNetCore.Diagnostics.ExceptionHandlerMiddlewareImpl.<Invoke>g__Awaited|10_0(ExceptionHandlerMiddlewareImpl middleware, HttpContext context, Task task)

2024-11-14 09:37:01.940 +08:00  ERR  An unhandled exception has occurred while executing the request.tas.Application.Common.Exceptions.BadRequestException: "'Department Admin' rights have already been assigned to this user. Creating a new role is not possible. Please delete your current role instead."
   at tas.Persistence.Repositories.SysRoleRepository.ValidateEmployeeRole(AddEmployeeRequest request) in D:\00 Fractal\Development\OT\V8\tas.WebAPI\tas.Persistence\Repositories\SysRoleRepository.cs:line 326
   at tas.Persistence.Repositories.SysRoleRepository.AddEmployee(AddEmployeeRequest request, CancellationToken cancellationToken) in D:\00 Fractal\Development\OT\V8\tas.WebAPI\tas.Persistence\Repositories\SysRoleRepository.cs:line 253
   at tas.Application.Features.SysRoleFeature.AddEmployee.AddEmployeeHandler.Handle(AddEmployeeRequest request, CancellationToken cancellationToken) in D:\00 Fractal\Development\OT\V8\tas.WebAPI\tas.Application\Features\SysRoleFeature\AddEmployee\AddEmployeeHandler.cs:line 29
   at tas.Application.Common.Behaviors.ValidationBehavior`2.Handle(TRequest request, RequestHandlerDelegate`1 next, CancellationToken cancellationToken) in D:\00 Fractal\Development\OT\V8\tas.WebAPI\tas.Application\Common\Behaviors\ValidatorBehavior.cs:line 39
   at MediatR.Pipeline.RequestExceptionProcessorBehavior`2.Handle(TRequest request, RequestHandlerDelegate`1 next, CancellationToken cancellationToken)
   at MediatR.Pipeline.RequestExceptionProcessorBehavior`2.Handle(TRequest request, RequestHandlerDelegate`1 next, CancellationToken cancellationToken)
   at MediatR.Pipeline.RequestExceptionActionProcessorBehavior`2.Handle(TRequest request, RequestHandlerDelegate`1 next, CancellationToken cancellationToken)
   at MediatR.Pipeline.RequestExceptionActionProcessorBehavior`2.Handle(TRequest request, RequestHandlerDelegate`1 next, CancellationToken cancellationToken)
   at MediatR.Pipeline.RequestPostProcessorBehavior`2.Handle(TRequest request, RequestHandlerDelegate`1 next, CancellationToken cancellationToken)
   at MediatR.Pipeline.RequestPreProcessorBehavior`2.Handle(TRequest request, RequestHandlerDelegate`1 next, CancellationToken cancellationToken)
   at tas.WebAPI.Controllers.Tas.SysRoleController.AddEmployee(AddEmployeeRequest request, CancellationToken cancellationToken) in D:\00 Fractal\Development\OT\V8\tas.WebAPI\tas.WebAPI\Controllers\Tas\SysRoleController.cs:line 59
   at lambda_method2575(Closure, Object)
   at Microsoft.AspNetCore.Mvc.Infrastructure.ActionMethodExecutor.TaskOfActionResultExecutor.Execute(ActionContext actionContext, IActionResultTypeMapper mapper, ObjectMethodExecutor executor, Object controller, Object[] arguments)
   at Microsoft.AspNetCore.Mvc.Infrastructure.ControllerActionInvoker.<InvokeActionMethodAsync>g__Awaited|12_0(ControllerActionInvoker invoker, ValueTask`1 actionResultValueTask)
   at Microsoft.AspNetCore.Mvc.Infrastructure.ControllerActionInvoker.<InvokeNextActionFilterAsync>g__Awaited|10_0(ControllerActionInvoker invoker, Task lastTask, State next, Scope scope, Object state, Boolean isCompleted)
   at Microsoft.AspNetCore.Mvc.Infrastructure.ControllerActionInvoker.Rethrow(ActionExecutedContextSealed context)
   at Microsoft.AspNetCore.Mvc.Infrastructure.ControllerActionInvoker.Next(State& next, Scope& scope, Object& state, Boolean& isCompleted)
   at Microsoft.AspNetCore.Mvc.Infrastructure.ControllerActionInvoker.<InvokeInnerFilterAsync>g__Awaited|13_0(ControllerActionInvoker invoker, Task lastTask, State next, Scope scope, Object state, Boolean isCompleted)
   at Microsoft.AspNetCore.Mvc.Infrastructure.ResourceInvoker.<InvokeFilterPipelineAsync>g__Awaited|20_0(ResourceInvoker invoker, Task lastTask, State next, Scope scope, Object state, Boolean isCompleted)
   at Microsoft.AspNetCore.Mvc.Infrastructure.ResourceInvoker.<InvokeAsync>g__Awaited|17_0(ResourceInvoker invoker, Task task, IDisposable scope)
   at Microsoft.AspNetCore.Mvc.Infrastructure.ResourceInvoker.<InvokeAsync>g__Awaited|17_0(ResourceInvoker invoker, Task task, IDisposable scope)
   at Microsoft.AspNetCore.Diagnostics.ExceptionHandlerMiddlewareImpl.<Invoke>g__Awaited|10_0(ExceptionHandlerMiddlewareImpl middleware, HttpContext context, Task task)

2024-11-14 09:37:43.704 +08:00  ERR  An unhandled exception has occurred while executing the request.tas.Application.Common.Exceptions.BadRequestException: "'Department Admin' rights have already been assigned to this user. Creating a new role is not possible. Please delete your current role instead."
   at tas.Persistence.Repositories.SysRoleRepository.ValidateEmployeeRole(AddEmployeeRequest request) in D:\00 Fractal\Development\OT\V8\tas.WebAPI\tas.Persistence\Repositories\SysRoleRepository.cs:line 326
   at tas.Persistence.Repositories.SysRoleRepository.AddEmployee(AddEmployeeRequest request, CancellationToken cancellationToken) in D:\00 Fractal\Development\OT\V8\tas.WebAPI\tas.Persistence\Repositories\SysRoleRepository.cs:line 253
   at tas.Application.Features.SysRoleFeature.AddEmployee.AddEmployeeHandler.Handle(AddEmployeeRequest request, CancellationToken cancellationToken) in D:\00 Fractal\Development\OT\V8\tas.WebAPI\tas.Application\Features\SysRoleFeature\AddEmployee\AddEmployeeHandler.cs:line 29
   at tas.Application.Common.Behaviors.ValidationBehavior`2.Handle(TRequest request, RequestHandlerDelegate`1 next, CancellationToken cancellationToken) in D:\00 Fractal\Development\OT\V8\tas.WebAPI\tas.Application\Common\Behaviors\ValidatorBehavior.cs:line 39
   at MediatR.Pipeline.RequestExceptionProcessorBehavior`2.Handle(TRequest request, RequestHandlerDelegate`1 next, CancellationToken cancellationToken)
   at MediatR.Pipeline.RequestExceptionProcessorBehavior`2.Handle(TRequest request, RequestHandlerDelegate`1 next, CancellationToken cancellationToken)
   at MediatR.Pipeline.RequestExceptionActionProcessorBehavior`2.Handle(TRequest request, RequestHandlerDelegate`1 next, CancellationToken cancellationToken)
   at MediatR.Pipeline.RequestExceptionActionProcessorBehavior`2.Handle(TRequest request, RequestHandlerDelegate`1 next, CancellationToken cancellationToken)
   at MediatR.Pipeline.RequestPostProcessorBehavior`2.Handle(TRequest request, RequestHandlerDelegate`1 next, CancellationToken cancellationToken)
   at MediatR.Pipeline.RequestPreProcessorBehavior`2.Handle(TRequest request, RequestHandlerDelegate`1 next, CancellationToken cancellationToken)
   at tas.WebAPI.Controllers.Tas.SysRoleController.AddEmployee(AddEmployeeRequest request, CancellationToken cancellationToken) in D:\00 Fractal\Development\OT\V8\tas.WebAPI\tas.WebAPI\Controllers\Tas\SysRoleController.cs:line 59
   at lambda_method2575(Closure, Object)
   at Microsoft.AspNetCore.Mvc.Infrastructure.ActionMethodExecutor.TaskOfActionResultExecutor.Execute(ActionContext actionContext, IActionResultTypeMapper mapper, ObjectMethodExecutor executor, Object controller, Object[] arguments)
   at Microsoft.AspNetCore.Mvc.Infrastructure.ControllerActionInvoker.<InvokeActionMethodAsync>g__Awaited|12_0(ControllerActionInvoker invoker, ValueTask`1 actionResultValueTask)
   at Microsoft.AspNetCore.Mvc.Infrastructure.ControllerActionInvoker.<InvokeNextActionFilterAsync>g__Awaited|10_0(ControllerActionInvoker invoker, Task lastTask, State next, Scope scope, Object state, Boolean isCompleted)
   at Microsoft.AspNetCore.Mvc.Infrastructure.ControllerActionInvoker.Rethrow(ActionExecutedContextSealed context)
   at Microsoft.AspNetCore.Mvc.Infrastructure.ControllerActionInvoker.Next(State& next, Scope& scope, Object& state, Boolean& isCompleted)
   at Microsoft.AspNetCore.Mvc.Infrastructure.ControllerActionInvoker.<InvokeInnerFilterAsync>g__Awaited|13_0(ControllerActionInvoker invoker, Task lastTask, State next, Scope scope, Object state, Boolean isCompleted)
   at Microsoft.AspNetCore.Mvc.Infrastructure.ResourceInvoker.<InvokeFilterPipelineAsync>g__Awaited|20_0(ResourceInvoker invoker, Task lastTask, State next, Scope scope, Object state, Boolean isCompleted)
   at Microsoft.AspNetCore.Mvc.Infrastructure.ResourceInvoker.<InvokeAsync>g__Awaited|17_0(ResourceInvoker invoker, Task task, IDisposable scope)
   at Microsoft.AspNetCore.Mvc.Infrastructure.ResourceInvoker.<InvokeAsync>g__Awaited|17_0(ResourceInvoker invoker, Task task, IDisposable scope)
   at Microsoft.AspNetCore.Diagnostics.ExceptionHandlerMiddlewareImpl.<Invoke>g__Awaited|10_0(ExceptionHandlerMiddlewareImpl middleware, HttpContext context, Task task)

2024-11-14 14:11:58.673 +08:00  ERR  An unhandled exception has occurred while executing the request.System.InvalidOperationException: An exception was thrown while attempting to evaluate the LINQ query parameter expression 'value(tas.Persistence.Repositories.RosterExecuteRepository+<>c__DisplayClass10_1).firstINTransport.EventDate'. See the inner exception for more information.
 ---> System.NullReferenceException: Object reference not set to an instance of an object.
   at System.Linq.Expressions.Interpreter.Instruction.NullCheck(Object o)
   at System.Linq.Expressions.Interpreter.FuncCallInstruction`2.Run(InterpretedFrame frame)
   at System.Linq.Expressions.Interpreter.Interpreter.Run(InterpretedFrame frame)
   at System.Linq.Expressions.Interpreter.LightLambda.Run(Object[] arguments)
   at System.Dynamic.Utils.DelegateHelpers.FuncThunk[TReturn](Func`2 handler)
   at Microsoft.EntityFrameworkCore.Query.Internal.ExpressionTreeFuncletizer.<Evaluate>g__EvaluateCore|63_0(Expression expression, String& parameterName, Boolean& isContextAccessor)
   --- End of inner exception stack trace ---
   at Microsoft.EntityFrameworkCore.Query.Internal.ExpressionTreeFuncletizer.<Evaluate>g__EvaluateCore|63_0(Expression expression, String& parameterName, Boolean& isContextAccessor)
   at Microsoft.EntityFrameworkCore.Query.Internal.ExpressionTreeFuncletizer.<Evaluate>g__EvaluateCore|63_0(Expression expression, String& parameterName, Boolean& isContextAccessor)
   at Microsoft.EntityFrameworkCore.Query.Internal.ExpressionTreeFuncletizer.<Evaluate>g__EvaluateCore|63_0(Expression expression, String& parameterName, Boolean& isContextAccessor)
   at Microsoft.EntityFrameworkCore.Query.Internal.ExpressionTreeFuncletizer.<Evaluate>g__EvaluateCore|63_0(Expression expression, String& parameterName, Boolean& isContextAccessor)
   at Microsoft.EntityFrameworkCore.Query.Internal.ExpressionTreeFuncletizer.Evaluate(Expression expression, String& parameterName, Boolean& isContextAccessor)
   at Microsoft.EntityFrameworkCore.Query.Internal.ExpressionTreeFuncletizer.ProcessEvaluatableRoot(Expression evaluatableRoot, State& state)
   at Microsoft.EntityFrameworkCore.Query.Internal.ExpressionTreeFuncletizer.VisitBinary(BinaryExpression binary)
   at Microsoft.EntityFrameworkCore.Query.Internal.ExpressionTreeFuncletizer.Visit(Expression expression, State& state)
   at Microsoft.EntityFrameworkCore.Query.Internal.ExpressionTreeFuncletizer.VisitBinary(BinaryExpression binary)
   at Microsoft.EntityFrameworkCore.Query.Internal.ExpressionTreeFuncletizer.Visit(Expression expression, State& state)
   at Microsoft.EntityFrameworkCore.Query.Internal.ExpressionTreeFuncletizer.VisitBinary(BinaryExpression binary)
   at Microsoft.EntityFrameworkCore.Query.Internal.ExpressionTreeFuncletizer.Visit(Expression expression, State& state)
   at Microsoft.EntityFrameworkCore.Query.Internal.ExpressionTreeFuncletizer.VisitLambda[T](Expression`1 lambda)
   at Microsoft.EntityFrameworkCore.Query.Internal.ExpressionTreeFuncletizer.Visit(Expression expression, State& state)
   at Microsoft.EntityFrameworkCore.Query.Internal.ExpressionTreeFuncletizer.VisitUnary(UnaryExpression unary)
   at Microsoft.EntityFrameworkCore.Query.Internal.ExpressionTreeFuncletizer.Visit(Expression expression)
   at Microsoft.EntityFrameworkCore.Query.Internal.ExpressionTreeFuncletizer.Visit[T](ReadOnlyCollection`1 expressions, Func`2 elementVisitor, StateType& aggregateStateType, State[]& expressionStates, Boolean poolExpressionStates)
   at Microsoft.EntityFrameworkCore.Query.Internal.ExpressionTreeFuncletizer.Visit(ReadOnlyCollection`1 expressions, StateType& aggregateStateType, State[]& expressionStates, Boolean poolExpressionStates)
   at Microsoft.EntityFrameworkCore.Query.Internal.ExpressionTreeFuncletizer.VisitMethodCall(MethodCallExpression methodCall)
   at Microsoft.EntityFrameworkCore.Query.Internal.ExpressionTreeFuncletizer.Visit(Expression expression, State& state)
   at Microsoft.EntityFrameworkCore.Query.Internal.ExpressionTreeFuncletizer.ExtractParameters(Expression expression, IParameterValues parameterValues, Boolean parameterize, Boolean clearParameterizedValues)
   at Microsoft.EntityFrameworkCore.Query.Internal.QueryCompiler.ExtractParameters(Expression query, IParameterValues parameterValues, IDiagnosticsLogger`1 logger, Boolean compiledQuery, Boolean generateContextAccessors)
   at Microsoft.EntityFrameworkCore.Query.Internal.QueryCompiler.ExecuteCore[TResult](Expression query, Boolean async, CancellationToken cancellationToken)
   at Microsoft.EntityFrameworkCore.Query.Internal.QueryCompiler.ExecuteAsync[TResult](Expression query, CancellationToken cancellationToken)
   at Microsoft.EntityFrameworkCore.Query.Internal.EntityQueryProvider.ExecuteAsync[TResult](Expression expression, CancellationToken cancellationToken)
   at Microsoft.EntityFrameworkCore.Query.Internal.EntityQueryable`1.GetAsyncEnumerator(CancellationToken cancellationToken)
   at System.Runtime.CompilerServices.ConfiguredCancelableAsyncEnumerable`1.GetAsyncEnumerator()
   at Microsoft.EntityFrameworkCore.EntityFrameworkQueryableExtensions.ToListAsync[TSource](IQueryable`1 source, CancellationToken cancellationToken)
   at tas.Persistence.Repositories.RosterExecuteRepository.GetEmployeeOnSiteData(BulkRosterExecutePreviewEmployee employee, DateTime startDate) in D:\00 Fractal\Development\OT\V8\tas.WebAPI\tas.Persistence\Repositories\RosterExecuteRepository.cs:line 315
   at tas.Persistence.Repositories.RosterExecuteRepository.ExecuteBulkRosterPreview(BulkRosterExecutePreviewRequest request, CancellationToken cancellationToken) in D:\00 Fractal\Development\OT\V8\tas.WebAPI\tas.Persistence\Repositories\RosterExecuteRepository.cs:line 128
   at tas.Application.Features.RosterExecuteFeature.BulkRosterExecutePreview.BulkRosterExecutePreviewHandler.Handle(BulkRosterExecutePreviewRequest request, CancellationToken cancellationToken) in D:\00 Fractal\Development\OT\V8\tas.WebAPI\tas.Application\Features\RosterExecuteFeature\BulkRosterExectutePreview\BulkRosterExecutePreviewHandler.cs:line 24
   at tas.Application.Common.Behaviors.ValidationBehavior`2.Handle(TRequest request, RequestHandlerDelegate`1 next, CancellationToken cancellationToken) in D:\00 Fractal\Development\OT\V8\tas.WebAPI\tas.Application\Common\Behaviors\ValidatorBehavior.cs:line 39
   at MediatR.Pipeline.RequestExceptionProcessorBehavior`2.Handle(TRequest request, RequestHandlerDelegate`1 next, CancellationToken cancellationToken)
   at MediatR.Pipeline.RequestExceptionProcessorBehavior`2.Handle(TRequest request, RequestHandlerDelegate`1 next, CancellationToken cancellationToken)
   at MediatR.Pipeline.RequestExceptionActionProcessorBehavior`2.Handle(TRequest request, RequestHandlerDelegate`1 next, CancellationToken cancellationToken)
   at MediatR.Pipeline.RequestExceptionActionProcessorBehavior`2.Handle(TRequest request, RequestHandlerDelegate`1 next, CancellationToken cancellationToken)
   at MediatR.Pipeline.RequestPostProcessorBehavior`2.Handle(TRequest request, RequestHandlerDelegate`1 next, CancellationToken cancellationToken)
   at MediatR.Pipeline.RequestPreProcessorBehavior`2.Handle(TRequest request, RequestHandlerDelegate`1 next, CancellationToken cancellationToken)
   at tas.WebAPI.Controllers.Tas.BulkRosterController.RosterExcecutePreview(BulkRosterExecutePreviewRequest request, CancellationToken cancellationToken) in D:\00 Fractal\Development\OT\V8\tas.WebAPI\tas.WebAPI\Controllers\Tas\BulkRosterController.cs:line 46
   at lambda_method1177(Closure, Object)
   at Microsoft.AspNetCore.Mvc.Infrastructure.ActionMethodExecutor.TaskOfActionResultExecutor.Execute(ActionContext actionContext, IActionResultTypeMapper mapper, ObjectMethodExecutor executor, Object controller, Object[] arguments)
   at Microsoft.AspNetCore.Mvc.Infrastructure.ControllerActionInvoker.<InvokeActionMethodAsync>g__Awaited|12_0(ControllerActionInvoker invoker, ValueTask`1 actionResultValueTask)
   at Microsoft.AspNetCore.Mvc.Infrastructure.ControllerActionInvoker.<InvokeNextActionFilterAsync>g__Awaited|10_0(ControllerActionInvoker invoker, Task lastTask, State next, Scope scope, Object state, Boolean isCompleted)
   at Microsoft.AspNetCore.Mvc.Infrastructure.ControllerActionInvoker.Rethrow(ActionExecutedContextSealed context)
   at Microsoft.AspNetCore.Mvc.Infrastructure.ControllerActionInvoker.Next(State& next, Scope& scope, Object& state, Boolean& isCompleted)
   at Microsoft.AspNetCore.Mvc.Infrastructure.ControllerActionInvoker.<InvokeInnerFilterAsync>g__Awaited|13_0(ControllerActionInvoker invoker, Task lastTask, State next, Scope scope, Object state, Boolean isCompleted)
   at Microsoft.AspNetCore.Mvc.Infrastructure.ResourceInvoker.<InvokeFilterPipelineAsync>g__Awaited|20_0(ResourceInvoker invoker, Task lastTask, State next, Scope scope, Object state, Boolean isCompleted)
   at Microsoft.AspNetCore.Mvc.Infrastructure.ResourceInvoker.<InvokeAsync>g__Awaited|17_0(ResourceInvoker invoker, Task task, IDisposable scope)
   at Microsoft.AspNetCore.Mvc.Infrastructure.ResourceInvoker.<InvokeAsync>g__Awaited|17_0(ResourceInvoker invoker, Task task, IDisposable scope)
   at Microsoft.AspNetCore.Diagnostics.ExceptionHandlerMiddlewareImpl.<Invoke>g__Awaited|10_0(ExceptionHandlerMiddlewareImpl middleware, HttpContext context, Task task)

2024-11-14 14:12:28.758 +08:00  ERR  An unhandled exception has occurred while executing the request.System.InvalidOperationException: An exception was thrown while attempting to evaluate the LINQ query parameter expression 'value(tas.Persistence.Repositories.RosterExecuteRepository+<>c__DisplayClass10_1).firstINTransport.EventDate'. See the inner exception for more information.
 ---> System.NullReferenceException: Object reference not set to an instance of an object.
   at System.Linq.Expressions.Interpreter.Instruction.NullCheck(Object o)
   at System.Linq.Expressions.Interpreter.FuncCallInstruction`2.Run(InterpretedFrame frame)
   at System.Linq.Expressions.Interpreter.Interpreter.Run(InterpretedFrame frame)
   at System.Linq.Expressions.Interpreter.LightLambda.Run(Object[] arguments)
   at System.Dynamic.Utils.DelegateHelpers.FuncThunk[TReturn](Func`2 handler)
   at Microsoft.EntityFrameworkCore.Query.Internal.ExpressionTreeFuncletizer.<Evaluate>g__EvaluateCore|63_0(Expression expression, String& parameterName, Boolean& isContextAccessor)
   --- End of inner exception stack trace ---
   at Microsoft.EntityFrameworkCore.Query.Internal.ExpressionTreeFuncletizer.<Evaluate>g__EvaluateCore|63_0(Expression expression, String& parameterName, Boolean& isContextAccessor)
   at Microsoft.EntityFrameworkCore.Query.Internal.ExpressionTreeFuncletizer.<Evaluate>g__EvaluateCore|63_0(Expression expression, String& parameterName, Boolean& isContextAccessor)
   at Microsoft.EntityFrameworkCore.Query.Internal.ExpressionTreeFuncletizer.<Evaluate>g__EvaluateCore|63_0(Expression expression, String& parameterName, Boolean& isContextAccessor)
   at Microsoft.EntityFrameworkCore.Query.Internal.ExpressionTreeFuncletizer.<Evaluate>g__EvaluateCore|63_0(Expression expression, String& parameterName, Boolean& isContextAccessor)
   at Microsoft.EntityFrameworkCore.Query.Internal.ExpressionTreeFuncletizer.Evaluate(Expression expression, String& parameterName, Boolean& isContextAccessor)
   at Microsoft.EntityFrameworkCore.Query.Internal.ExpressionTreeFuncletizer.ProcessEvaluatableRoot(Expression evaluatableRoot, State& state)
   at Microsoft.EntityFrameworkCore.Query.Internal.ExpressionTreeFuncletizer.VisitBinary(BinaryExpression binary)
   at Microsoft.EntityFrameworkCore.Query.Internal.ExpressionTreeFuncletizer.Visit(Expression expression, State& state)
   at Microsoft.EntityFrameworkCore.Query.Internal.ExpressionTreeFuncletizer.VisitBinary(BinaryExpression binary)
   at Microsoft.EntityFrameworkCore.Query.Internal.ExpressionTreeFuncletizer.Visit(Expression expression, State& state)
   at Microsoft.EntityFrameworkCore.Query.Internal.ExpressionTreeFuncletizer.VisitBinary(BinaryExpression binary)
   at Microsoft.EntityFrameworkCore.Query.Internal.ExpressionTreeFuncletizer.Visit(Expression expression, State& state)
   at Microsoft.EntityFrameworkCore.Query.Internal.ExpressionTreeFuncletizer.VisitLambda[T](Expression`1 lambda)
   at Microsoft.EntityFrameworkCore.Query.Internal.ExpressionTreeFuncletizer.Visit(Expression expression, State& state)
   at Microsoft.EntityFrameworkCore.Query.Internal.ExpressionTreeFuncletizer.VisitUnary(UnaryExpression unary)
   at Microsoft.EntityFrameworkCore.Query.Internal.ExpressionTreeFuncletizer.Visit(Expression expression)
   at Microsoft.EntityFrameworkCore.Query.Internal.ExpressionTreeFuncletizer.Visit[T](ReadOnlyCollection`1 expressions, Func`2 elementVisitor, StateType& aggregateStateType, State[]& expressionStates, Boolean poolExpressionStates)
   at Microsoft.EntityFrameworkCore.Query.Internal.ExpressionTreeFuncletizer.Visit(ReadOnlyCollection`1 expressions, StateType& aggregateStateType, State[]& expressionStates, Boolean poolExpressionStates)
   at Microsoft.EntityFrameworkCore.Query.Internal.ExpressionTreeFuncletizer.VisitMethodCall(MethodCallExpression methodCall)
   at Microsoft.EntityFrameworkCore.Query.Internal.ExpressionTreeFuncletizer.Visit(Expression expression, State& state)
   at Microsoft.EntityFrameworkCore.Query.Internal.ExpressionTreeFuncletizer.ExtractParameters(Expression expression, IParameterValues parameterValues, Boolean parameterize, Boolean clearParameterizedValues)
   at Microsoft.EntityFrameworkCore.Query.Internal.QueryCompiler.ExtractParameters(Expression query, IParameterValues parameterValues, IDiagnosticsLogger`1 logger, Boolean compiledQuery, Boolean generateContextAccessors)
   at Microsoft.EntityFrameworkCore.Query.Internal.QueryCompiler.ExecuteCore[TResult](Expression query, Boolean async, CancellationToken cancellationToken)
   at Microsoft.EntityFrameworkCore.Query.Internal.QueryCompiler.ExecuteAsync[TResult](Expression query, CancellationToken cancellationToken)
   at Microsoft.EntityFrameworkCore.Query.Internal.EntityQueryProvider.ExecuteAsync[TResult](Expression expression, CancellationToken cancellationToken)
   at Microsoft.EntityFrameworkCore.Query.Internal.EntityQueryable`1.GetAsyncEnumerator(CancellationToken cancellationToken)
   at System.Runtime.CompilerServices.ConfiguredCancelableAsyncEnumerable`1.GetAsyncEnumerator()
   at Microsoft.EntityFrameworkCore.EntityFrameworkQueryableExtensions.ToListAsync[TSource](IQueryable`1 source, CancellationToken cancellationToken)
   at tas.Persistence.Repositories.RosterExecuteRepository.GetEmployeeOnSiteData(BulkRosterExecutePreviewEmployee employee, DateTime startDate) in D:\00 Fractal\Development\OT\V8\tas.WebAPI\tas.Persistence\Repositories\RosterExecuteRepository.cs:line 315
   at tas.Persistence.Repositories.RosterExecuteRepository.ExecuteBulkRosterPreview(BulkRosterExecutePreviewRequest request, CancellationToken cancellationToken) in D:\00 Fractal\Development\OT\V8\tas.WebAPI\tas.Persistence\Repositories\RosterExecuteRepository.cs:line 128
   at tas.Application.Features.RosterExecuteFeature.BulkRosterExecutePreview.BulkRosterExecutePreviewHandler.Handle(BulkRosterExecutePreviewRequest request, CancellationToken cancellationToken) in D:\00 Fractal\Development\OT\V8\tas.WebAPI\tas.Application\Features\RosterExecuteFeature\BulkRosterExectutePreview\BulkRosterExecutePreviewHandler.cs:line 24
   at tas.Application.Common.Behaviors.ValidationBehavior`2.Handle(TRequest request, RequestHandlerDelegate`1 next, CancellationToken cancellationToken) in D:\00 Fractal\Development\OT\V8\tas.WebAPI\tas.Application\Common\Behaviors\ValidatorBehavior.cs:line 39
   at MediatR.Pipeline.RequestExceptionProcessorBehavior`2.Handle(TRequest request, RequestHandlerDelegate`1 next, CancellationToken cancellationToken)
   at MediatR.Pipeline.RequestExceptionProcessorBehavior`2.Handle(TRequest request, RequestHandlerDelegate`1 next, CancellationToken cancellationToken)
   at MediatR.Pipeline.RequestExceptionActionProcessorBehavior`2.Handle(TRequest request, RequestHandlerDelegate`1 next, CancellationToken cancellationToken)
   at MediatR.Pipeline.RequestExceptionActionProcessorBehavior`2.Handle(TRequest request, RequestHandlerDelegate`1 next, CancellationToken cancellationToken)
   at MediatR.Pipeline.RequestPostProcessorBehavior`2.Handle(TRequest request, RequestHandlerDelegate`1 next, CancellationToken cancellationToken)
   at MediatR.Pipeline.RequestPreProcessorBehavior`2.Handle(TRequest request, RequestHandlerDelegate`1 next, CancellationToken cancellationToken)
   at tas.WebAPI.Controllers.Tas.BulkRosterController.RosterExcecutePreview(BulkRosterExecutePreviewRequest request, CancellationToken cancellationToken) in D:\00 Fractal\Development\OT\V8\tas.WebAPI\tas.WebAPI\Controllers\Tas\BulkRosterController.cs:line 46
   at lambda_method1177(Closure, Object)
   at Microsoft.AspNetCore.Mvc.Infrastructure.ActionMethodExecutor.TaskOfActionResultExecutor.Execute(ActionContext actionContext, IActionResultTypeMapper mapper, ObjectMethodExecutor executor, Object controller, Object[] arguments)
   at Microsoft.AspNetCore.Mvc.Infrastructure.ControllerActionInvoker.<InvokeActionMethodAsync>g__Awaited|12_0(ControllerActionInvoker invoker, ValueTask`1 actionResultValueTask)
   at Microsoft.AspNetCore.Mvc.Infrastructure.ControllerActionInvoker.<InvokeNextActionFilterAsync>g__Awaited|10_0(ControllerActionInvoker invoker, Task lastTask, State next, Scope scope, Object state, Boolean isCompleted)
   at Microsoft.AspNetCore.Mvc.Infrastructure.ControllerActionInvoker.Rethrow(ActionExecutedContextSealed context)
   at Microsoft.AspNetCore.Mvc.Infrastructure.ControllerActionInvoker.Next(State& next, Scope& scope, Object& state, Boolean& isCompleted)
   at Microsoft.AspNetCore.Mvc.Infrastructure.ControllerActionInvoker.<InvokeInnerFilterAsync>g__Awaited|13_0(ControllerActionInvoker invoker, Task lastTask, State next, Scope scope, Object state, Boolean isCompleted)
   at Microsoft.AspNetCore.Mvc.Infrastructure.ResourceInvoker.<InvokeFilterPipelineAsync>g__Awaited|20_0(ResourceInvoker invoker, Task lastTask, State next, Scope scope, Object state, Boolean isCompleted)
   at Microsoft.AspNetCore.Mvc.Infrastructure.ResourceInvoker.<InvokeAsync>g__Awaited|17_0(ResourceInvoker invoker, Task task, IDisposable scope)
   at Microsoft.AspNetCore.Mvc.Infrastructure.ResourceInvoker.<InvokeAsync>g__Awaited|17_0(ResourceInvoker invoker, Task task, IDisposable scope)
   at Microsoft.AspNetCore.Diagnostics.ExceptionHandlerMiddlewareImpl.<Invoke>g__Awaited|10_0(ExceptionHandlerMiddlewareImpl middleware, HttpContext context, Task task)

