2024-11-15 15:02:33.287 +08:00  ERR  An unhandled exception has occurred while executing the request.tas.Application.Common.Exceptions.BadRequestException: An error occurred while executing the query.
   at tas.Persistence.Repositories.DashboardTransportAdminRepository.GetRawQueryData[T](String query, CancellationToken cancellationToken) in D:\00 Fractal\Development\OT\V8\tas.WebAPI\tas.Persistence\Repositories\DashboardTransportAdminRepository.cs:line 537
   at tas.Persistence.Repositories.DashboardTransportAdminRepository.GetRawQueryData[T](String query, CancellationToken cancellationToken) in D:\00 Fractal\Development\OT\V8\tas.WebAPI\tas.Persistence\Repositories\DashboardTransportAdminRepository.cs:line 545
   at tas.Persistence.Repositories.DashboardTransportAdminRepository.GetFlightGroupData(DateTime startDate, DateTime endDate, String depIds, CancellationToken cancellationToken) in D:\00 Fractal\Development\OT\V8\tas.WebAPI\tas.Persistence\Repositories\DashboardTransportAdminRepository.cs:line 428
   at tas.Persistence.Repositories.DashboardTransportAdminRepository.GetRosterData(GetRosterDataRequest request, CancellationToken cancellationToken) in D:\00 Fractal\Development\OT\V8\tas.WebAPI\tas.Persistence\Repositories\DashboardTransportAdminRepository.cs:line 371
   at tas.Application.Features.DashboardTransportAdminFeature.GetRosterData.GetRosterDataHandler.Handle(GetRosterDataRequest request, CancellationToken cancellationToken) in D:\00 Fractal\Development\OT\V8\tas.WebAPI\tas.Application\Features\DashboardTransportAdminFeature\GetRosterData\GetRosterDataHandler.cs:line 26
   at tas.Application.Common.Behaviors.ValidationBehavior`2.Handle(TRequest request, RequestHandlerDelegate`1 next, CancellationToken cancellationToken) in D:\00 Fractal\Development\OT\V8\tas.WebAPI\tas.Application\Common\Behaviors\ValidatorBehavior.cs:line 24
   at MediatR.Pipeline.RequestExceptionProcessorBehavior`2.Handle(TRequest request, RequestHandlerDelegate`1 next, CancellationToken cancellationToken)
   at MediatR.Pipeline.RequestExceptionProcessorBehavior`2.Handle(TRequest request, RequestHandlerDelegate`1 next, CancellationToken cancellationToken)
   at MediatR.Pipeline.RequestExceptionActionProcessorBehavior`2.Handle(TRequest request, RequestHandlerDelegate`1 next, CancellationToken cancellationToken)
   at MediatR.Pipeline.RequestExceptionActionProcessorBehavior`2.Handle(TRequest request, RequestHandlerDelegate`1 next, CancellationToken cancellationToken)
   at MediatR.Pipeline.RequestPostProcessorBehavior`2.Handle(TRequest request, RequestHandlerDelegate`1 next, CancellationToken cancellationToken)
   at MediatR.Pipeline.RequestPreProcessorBehavior`2.Handle(TRequest request, RequestHandlerDelegate`1 next, CancellationToken cancellationToken)
   at tas.WebAPI.Controllers.Tas.DashboardTransportAdminController.GetRosterMonthlyData(Nullable`1 startDate, String DepartmentIds, CancellationToken cancellationToken) in D:\00 Fractal\Development\OT\V8\tas.WebAPI\tas.WebAPI\Controllers\Tas\DashboardTransportAdminController.cs:line 89
   at lambda_method1177(Closure, Object)
   at Microsoft.AspNetCore.Mvc.Infrastructure.ActionMethodExecutor.AwaitableObjectResultExecutor.Execute(ActionContext actionContext, IActionResultTypeMapper mapper, ObjectMethodExecutor executor, Object controller, Object[] arguments)
   at Microsoft.AspNetCore.Mvc.Infrastructure.ControllerActionInvoker.<InvokeActionMethodAsync>g__Awaited|12_0(ControllerActionInvoker invoker, ValueTask`1 actionResultValueTask)
   at Microsoft.AspNetCore.Mvc.Infrastructure.ControllerActionInvoker.<InvokeNextActionFilterAsync>g__Awaited|10_0(ControllerActionInvoker invoker, Task lastTask, State next, Scope scope, Object state, Boolean isCompleted)
   at Microsoft.AspNetCore.Mvc.Infrastructure.ControllerActionInvoker.Rethrow(ActionExecutedContextSealed context)
   at Microsoft.AspNetCore.Mvc.Infrastructure.ControllerActionInvoker.Next(State& next, Scope& scope, Object& state, Boolean& isCompleted)
   at Microsoft.AspNetCore.Mvc.Infrastructure.ControllerActionInvoker.<InvokeInnerFilterAsync>g__Awaited|13_0(ControllerActionInvoker invoker, Task lastTask, State next, Scope scope, Object state, Boolean isCompleted)
   at Microsoft.AspNetCore.Mvc.Infrastructure.ResourceInvoker.<InvokeFilterPipelineAsync>g__Awaited|20_0(ResourceInvoker invoker, Task lastTask, State next, Scope scope, Object state, Boolean isCompleted)
   at Microsoft.AspNetCore.Mvc.Infrastructure.ResourceInvoker.<InvokeAsync>g__Awaited|17_0(ResourceInvoker invoker, Task task, IDisposable scope)
   at Microsoft.AspNetCore.Mvc.Infrastructure.ResourceInvoker.<InvokeAsync>g__Awaited|17_0(ResourceInvoker invoker, Task task, IDisposable scope)
   at Microsoft.AspNetCore.Diagnostics.ExceptionHandlerMiddlewareImpl.<Invoke>g__Awaited|10_0(ExceptionHandlerMiddlewareImpl middleware, HttpContext context, Task task)

2024-11-15 15:03:48.520 +08:00  ERR  An unhandled exception has occurred while executing the request.tas.Application.Common.Exceptions.BadRequestException: An error occurred while executing the query.
   at tas.Persistence.Repositories.DashboardTransportAdminRepository.GetRawQueryData[T](String query, CancellationToken cancellationToken) in D:\00 Fractal\Development\OT\V8\tas.WebAPI\tas.Persistence\Repositories\DashboardTransportAdminRepository.cs:line 537
   at tas.Persistence.Repositories.DashboardTransportAdminRepository.GetRawQueryData[T](String query, CancellationToken cancellationToken) in D:\00 Fractal\Development\OT\V8\tas.WebAPI\tas.Persistence\Repositories\DashboardTransportAdminRepository.cs:line 545
   at tas.Persistence.Repositories.DashboardTransportAdminRepository.GetFlightGroupData(DateTime startDate, DateTime endDate, String depIds, CancellationToken cancellationToken) in D:\00 Fractal\Development\OT\V8\tas.WebAPI\tas.Persistence\Repositories\DashboardTransportAdminRepository.cs:line 428
   at tas.Persistence.Repositories.DashboardTransportAdminRepository.GetRosterData(GetRosterDataRequest request, CancellationToken cancellationToken) in D:\00 Fractal\Development\OT\V8\tas.WebAPI\tas.Persistence\Repositories\DashboardTransportAdminRepository.cs:line 371
   at tas.Application.Features.DashboardTransportAdminFeature.GetRosterData.GetRosterDataHandler.Handle(GetRosterDataRequest request, CancellationToken cancellationToken) in D:\00 Fractal\Development\OT\V8\tas.WebAPI\tas.Application\Features\DashboardTransportAdminFeature\GetRosterData\GetRosterDataHandler.cs:line 26
   at tas.Application.Common.Behaviors.ValidationBehavior`2.Handle(TRequest request, RequestHandlerDelegate`1 next, CancellationToken cancellationToken) in D:\00 Fractal\Development\OT\V8\tas.WebAPI\tas.Application\Common\Behaviors\ValidatorBehavior.cs:line 24
   at MediatR.Pipeline.RequestExceptionProcessorBehavior`2.Handle(TRequest request, RequestHandlerDelegate`1 next, CancellationToken cancellationToken)
   at MediatR.Pipeline.RequestExceptionProcessorBehavior`2.Handle(TRequest request, RequestHandlerDelegate`1 next, CancellationToken cancellationToken)
   at MediatR.Pipeline.RequestExceptionActionProcessorBehavior`2.Handle(TRequest request, RequestHandlerDelegate`1 next, CancellationToken cancellationToken)
   at MediatR.Pipeline.RequestExceptionActionProcessorBehavior`2.Handle(TRequest request, RequestHandlerDelegate`1 next, CancellationToken cancellationToken)
   at MediatR.Pipeline.RequestPostProcessorBehavior`2.Handle(TRequest request, RequestHandlerDelegate`1 next, CancellationToken cancellationToken)
   at MediatR.Pipeline.RequestPreProcessorBehavior`2.Handle(TRequest request, RequestHandlerDelegate`1 next, CancellationToken cancellationToken)
   at tas.WebAPI.Controllers.Tas.DashboardTransportAdminController.GetRosterMonthlyData(Nullable`1 startDate, String DepartmentIds, CancellationToken cancellationToken) in D:\00 Fractal\Development\OT\V8\tas.WebAPI\tas.WebAPI\Controllers\Tas\DashboardTransportAdminController.cs:line 89
   at lambda_method1177(Closure, Object)
   at Microsoft.AspNetCore.Mvc.Infrastructure.ActionMethodExecutor.AwaitableObjectResultExecutor.Execute(ActionContext actionContext, IActionResultTypeMapper mapper, ObjectMethodExecutor executor, Object controller, Object[] arguments)
   at Microsoft.AspNetCore.Mvc.Infrastructure.ControllerActionInvoker.<InvokeActionMethodAsync>g__Awaited|12_0(ControllerActionInvoker invoker, ValueTask`1 actionResultValueTask)
   at Microsoft.AspNetCore.Mvc.Infrastructure.ControllerActionInvoker.<InvokeNextActionFilterAsync>g__Awaited|10_0(ControllerActionInvoker invoker, Task lastTask, State next, Scope scope, Object state, Boolean isCompleted)
   at Microsoft.AspNetCore.Mvc.Infrastructure.ControllerActionInvoker.Rethrow(ActionExecutedContextSealed context)
   at Microsoft.AspNetCore.Mvc.Infrastructure.ControllerActionInvoker.Next(State& next, Scope& scope, Object& state, Boolean& isCompleted)
   at Microsoft.AspNetCore.Mvc.Infrastructure.ControllerActionInvoker.<InvokeInnerFilterAsync>g__Awaited|13_0(ControllerActionInvoker invoker, Task lastTask, State next, Scope scope, Object state, Boolean isCompleted)
   at Microsoft.AspNetCore.Mvc.Infrastructure.ResourceInvoker.<InvokeFilterPipelineAsync>g__Awaited|20_0(ResourceInvoker invoker, Task lastTask, State next, Scope scope, Object state, Boolean isCompleted)
   at Microsoft.AspNetCore.Mvc.Infrastructure.ResourceInvoker.<InvokeAsync>g__Awaited|17_0(ResourceInvoker invoker, Task task, IDisposable scope)
   at Microsoft.AspNetCore.Mvc.Infrastructure.ResourceInvoker.<InvokeAsync>g__Awaited|17_0(ResourceInvoker invoker, Task task, IDisposable scope)
   at Microsoft.AspNetCore.Diagnostics.ExceptionHandlerMiddlewareImpl.<Invoke>g__Awaited|10_0(ExceptionHandlerMiddlewareImpl middleware, HttpContext context, Task task)

2024-11-15 15:03:56.820 +08:00  ERR  An unhandled exception has occurred while executing the request.tas.Application.Common.Exceptions.BadRequestException: An error occurred while executing the query.
   at tas.Persistence.Repositories.DashboardTransportAdminRepository.GetRawQueryData[T](String query, CancellationToken cancellationToken) in D:\00 Fractal\Development\OT\V8\tas.WebAPI\tas.Persistence\Repositories\DashboardTransportAdminRepository.cs:line 537
   at tas.Persistence.Repositories.DashboardTransportAdminRepository.GetRawQueryData[T](String query, CancellationToken cancellationToken) in D:\00 Fractal\Development\OT\V8\tas.WebAPI\tas.Persistence\Repositories\DashboardTransportAdminRepository.cs:line 545
   at tas.Persistence.Repositories.DashboardTransportAdminRepository.GetFlightGroupData(DateTime startDate, DateTime endDate, String depIds, CancellationToken cancellationToken) in D:\00 Fractal\Development\OT\V8\tas.WebAPI\tas.Persistence\Repositories\DashboardTransportAdminRepository.cs:line 428
   at tas.Persistence.Repositories.DashboardTransportAdminRepository.GetRosterData(GetRosterDataRequest request, CancellationToken cancellationToken) in D:\00 Fractal\Development\OT\V8\tas.WebAPI\tas.Persistence\Repositories\DashboardTransportAdminRepository.cs:line 371
   at tas.Application.Features.DashboardTransportAdminFeature.GetRosterData.GetRosterDataHandler.Handle(GetRosterDataRequest request, CancellationToken cancellationToken) in D:\00 Fractal\Development\OT\V8\tas.WebAPI\tas.Application\Features\DashboardTransportAdminFeature\GetRosterData\GetRosterDataHandler.cs:line 26
   at tas.Application.Common.Behaviors.ValidationBehavior`2.Handle(TRequest request, RequestHandlerDelegate`1 next, CancellationToken cancellationToken) in D:\00 Fractal\Development\OT\V8\tas.WebAPI\tas.Application\Common\Behaviors\ValidatorBehavior.cs:line 24
   at MediatR.Pipeline.RequestExceptionProcessorBehavior`2.Handle(TRequest request, RequestHandlerDelegate`1 next, CancellationToken cancellationToken)
   at MediatR.Pipeline.RequestExceptionProcessorBehavior`2.Handle(TRequest request, RequestHandlerDelegate`1 next, CancellationToken cancellationToken)
   at MediatR.Pipeline.RequestExceptionActionProcessorBehavior`2.Handle(TRequest request, RequestHandlerDelegate`1 next, CancellationToken cancellationToken)
   at MediatR.Pipeline.RequestExceptionActionProcessorBehavior`2.Handle(TRequest request, RequestHandlerDelegate`1 next, CancellationToken cancellationToken)
   at MediatR.Pipeline.RequestPostProcessorBehavior`2.Handle(TRequest request, RequestHandlerDelegate`1 next, CancellationToken cancellationToken)
   at MediatR.Pipeline.RequestPreProcessorBehavior`2.Handle(TRequest request, RequestHandlerDelegate`1 next, CancellationToken cancellationToken)
   at tas.WebAPI.Controllers.Tas.DashboardTransportAdminController.GetRosterMonthlyData(Nullable`1 startDate, String DepartmentIds, CancellationToken cancellationToken) in D:\00 Fractal\Development\OT\V8\tas.WebAPI\tas.WebAPI\Controllers\Tas\DashboardTransportAdminController.cs:line 89
   at lambda_method1177(Closure, Object)
   at Microsoft.AspNetCore.Mvc.Infrastructure.ActionMethodExecutor.AwaitableObjectResultExecutor.Execute(ActionContext actionContext, IActionResultTypeMapper mapper, ObjectMethodExecutor executor, Object controller, Object[] arguments)
   at Microsoft.AspNetCore.Mvc.Infrastructure.ControllerActionInvoker.<InvokeActionMethodAsync>g__Awaited|12_0(ControllerActionInvoker invoker, ValueTask`1 actionResultValueTask)
   at Microsoft.AspNetCore.Mvc.Infrastructure.ControllerActionInvoker.<InvokeNextActionFilterAsync>g__Awaited|10_0(ControllerActionInvoker invoker, Task lastTask, State next, Scope scope, Object state, Boolean isCompleted)
   at Microsoft.AspNetCore.Mvc.Infrastructure.ControllerActionInvoker.Rethrow(ActionExecutedContextSealed context)
   at Microsoft.AspNetCore.Mvc.Infrastructure.ControllerActionInvoker.Next(State& next, Scope& scope, Object& state, Boolean& isCompleted)
   at Microsoft.AspNetCore.Mvc.Infrastructure.ControllerActionInvoker.<InvokeInnerFilterAsync>g__Awaited|13_0(ControllerActionInvoker invoker, Task lastTask, State next, Scope scope, Object state, Boolean isCompleted)
   at Microsoft.AspNetCore.Mvc.Infrastructure.ResourceInvoker.<InvokeFilterPipelineAsync>g__Awaited|20_0(ResourceInvoker invoker, Task lastTask, State next, Scope scope, Object state, Boolean isCompleted)
   at Microsoft.AspNetCore.Mvc.Infrastructure.ResourceInvoker.<InvokeAsync>g__Awaited|17_0(ResourceInvoker invoker, Task task, IDisposable scope)
   at Microsoft.AspNetCore.Mvc.Infrastructure.ResourceInvoker.<InvokeAsync>g__Awaited|17_0(ResourceInvoker invoker, Task task, IDisposable scope)
   at Microsoft.AspNetCore.Diagnostics.ExceptionHandlerMiddlewareImpl.<Invoke>g__Awaited|10_0(ExceptionHandlerMiddlewareImpl middleware, HttpContext context, Task task)

2024-11-15 15:04:11.767 +08:00  ERR  An unhandled exception has occurred while executing the request.tas.Application.Common.Exceptions.BadRequestException: An error occurred while executing the query.
   at tas.Persistence.Repositories.DashboardTransportAdminRepository.GetRawQueryData[T](String query, CancellationToken cancellationToken) in D:\00 Fractal\Development\OT\V8\tas.WebAPI\tas.Persistence\Repositories\DashboardTransportAdminRepository.cs:line 537
   at tas.Persistence.Repositories.DashboardTransportAdminRepository.GetRawQueryData[T](String query, CancellationToken cancellationToken) in D:\00 Fractal\Development\OT\V8\tas.WebAPI\tas.Persistence\Repositories\DashboardTransportAdminRepository.cs:line 545
   at tas.Persistence.Repositories.DashboardTransportAdminRepository.GetFlightGroupData(DateTime startDate, DateTime endDate, String depIds, CancellationToken cancellationToken) in D:\00 Fractal\Development\OT\V8\tas.WebAPI\tas.Persistence\Repositories\DashboardTransportAdminRepository.cs:line 428
   at tas.Persistence.Repositories.DashboardTransportAdminRepository.GetRosterData(GetRosterDataRequest request, CancellationToken cancellationToken) in D:\00 Fractal\Development\OT\V8\tas.WebAPI\tas.Persistence\Repositories\DashboardTransportAdminRepository.cs:line 371
   at tas.Application.Features.DashboardTransportAdminFeature.GetRosterData.GetRosterDataHandler.Handle(GetRosterDataRequest request, CancellationToken cancellationToken) in D:\00 Fractal\Development\OT\V8\tas.WebAPI\tas.Application\Features\DashboardTransportAdminFeature\GetRosterData\GetRosterDataHandler.cs:line 26
   at tas.Application.Common.Behaviors.ValidationBehavior`2.Handle(TRequest request, RequestHandlerDelegate`1 next, CancellationToken cancellationToken) in D:\00 Fractal\Development\OT\V8\tas.WebAPI\tas.Application\Common\Behaviors\ValidatorBehavior.cs:line 24
   at MediatR.Pipeline.RequestExceptionProcessorBehavior`2.Handle(TRequest request, RequestHandlerDelegate`1 next, CancellationToken cancellationToken)
   at MediatR.Pipeline.RequestExceptionProcessorBehavior`2.Handle(TRequest request, RequestHandlerDelegate`1 next, CancellationToken cancellationToken)
   at MediatR.Pipeline.RequestExceptionActionProcessorBehavior`2.Handle(TRequest request, RequestHandlerDelegate`1 next, CancellationToken cancellationToken)
   at MediatR.Pipeline.RequestExceptionActionProcessorBehavior`2.Handle(TRequest request, RequestHandlerDelegate`1 next, CancellationToken cancellationToken)
   at MediatR.Pipeline.RequestPostProcessorBehavior`2.Handle(TRequest request, RequestHandlerDelegate`1 next, CancellationToken cancellationToken)
   at MediatR.Pipeline.RequestPreProcessorBehavior`2.Handle(TRequest request, RequestHandlerDelegate`1 next, CancellationToken cancellationToken)
   at tas.WebAPI.Controllers.Tas.DashboardTransportAdminController.GetRosterMonthlyData(Nullable`1 startDate, String DepartmentIds, CancellationToken cancellationToken) in D:\00 Fractal\Development\OT\V8\tas.WebAPI\tas.WebAPI\Controllers\Tas\DashboardTransportAdminController.cs:line 89
   at lambda_method1177(Closure, Object)
   at Microsoft.AspNetCore.Mvc.Infrastructure.ActionMethodExecutor.AwaitableObjectResultExecutor.Execute(ActionContext actionContext, IActionResultTypeMapper mapper, ObjectMethodExecutor executor, Object controller, Object[] arguments)
   at Microsoft.AspNetCore.Mvc.Infrastructure.ControllerActionInvoker.<InvokeActionMethodAsync>g__Awaited|12_0(ControllerActionInvoker invoker, ValueTask`1 actionResultValueTask)
   at Microsoft.AspNetCore.Mvc.Infrastructure.ControllerActionInvoker.<InvokeNextActionFilterAsync>g__Awaited|10_0(ControllerActionInvoker invoker, Task lastTask, State next, Scope scope, Object state, Boolean isCompleted)
   at Microsoft.AspNetCore.Mvc.Infrastructure.ControllerActionInvoker.Rethrow(ActionExecutedContextSealed context)
   at Microsoft.AspNetCore.Mvc.Infrastructure.ControllerActionInvoker.Next(State& next, Scope& scope, Object& state, Boolean& isCompleted)
   at Microsoft.AspNetCore.Mvc.Infrastructure.ControllerActionInvoker.<InvokeInnerFilterAsync>g__Awaited|13_0(ControllerActionInvoker invoker, Task lastTask, State next, Scope scope, Object state, Boolean isCompleted)
   at Microsoft.AspNetCore.Mvc.Infrastructure.ResourceInvoker.<InvokeFilterPipelineAsync>g__Awaited|20_0(ResourceInvoker invoker, Task lastTask, State next, Scope scope, Object state, Boolean isCompleted)
   at Microsoft.AspNetCore.Mvc.Infrastructure.ResourceInvoker.<InvokeAsync>g__Awaited|17_0(ResourceInvoker invoker, Task task, IDisposable scope)
   at Microsoft.AspNetCore.Mvc.Infrastructure.ResourceInvoker.<InvokeAsync>g__Awaited|17_0(ResourceInvoker invoker, Task task, IDisposable scope)
   at Microsoft.AspNetCore.Diagnostics.ExceptionHandlerMiddlewareImpl.<Invoke>g__Awaited|10_0(ExceptionHandlerMiddlewareImpl middleware, HttpContext context, Task task)

