2024-11-18 11:04:17.865 +08:00  ERR  An unhandled exception has occurred while executing the request.tas.Application.Common.Exceptions.BadRequestException: This roster cannot be executed because it is restricted by Roster rules. Please review the Roster requirements or contact the administrator for assistance.
   at tas.Persistence.Repositories.EmployeeRepository.RosterExecute(RosterExecuteEmployeeRequest request, CancellationToken cancellationToken) in D:\00 Fractal\Development\OT\V8\tas.WebAPI\tas.Persistence\Repositories\EmployeeRepository.partial.cs:line 140
   at tas.Application.Features.EmployeeFeature.RosterExecuteEmployee.RosterExecuteEmployeeHandler.Handle(RosterExecuteEmployeeRequest request, CancellationToken cancellationToken) in D:\00 Fractal\Development\OT\V8\tas.WebAPI\tas.Application\Features\EmployeeFeature\RosterExecuteEmployee\RosterExecuteEmployeeHandler.cs:line 25
   at tas.Application.Common.Behaviors.ValidationBehavior`2.Handle(TRequest request, RequestHandlerDelegate`1 next, CancellationToken cancellationToken) in D:\00 Fractal\Development\OT\V8\tas.WebAPI\tas.Application\Common\Behaviors\ValidatorBehavior.cs:line 39
   at MediatR.Pipeline.RequestExceptionProcessorBehavior`2.Handle(TRequest request, RequestHandlerDelegate`1 next, CancellationToken cancellationToken)
   at MediatR.Pipeline.RequestExceptionProcessorBehavior`2.Handle(TRequest request, RequestHandlerDelegate`1 next, CancellationToken cancellationToken)
   at MediatR.Pipeline.RequestExceptionActionProcessorBehavior`2.Handle(TRequest request, RequestHandlerDelegate`1 next, CancellationToken cancellationToken)
   at MediatR.Pipeline.RequestExceptionActionProcessorBehavior`2.Handle(TRequest request, RequestHandlerDelegate`1 next, CancellationToken cancellationToken)
   at MediatR.Pipeline.RequestPostProcessorBehavior`2.Handle(TRequest request, RequestHandlerDelegate`1 next, CancellationToken cancellationToken)
   at MediatR.Pipeline.RequestPreProcessorBehavior`2.Handle(TRequest request, RequestHandlerDelegate`1 next, CancellationToken cancellationToken)
   at tas.WebAPI.Controllers.Tas.EmployeeController.RosterExcecute(RosterExecuteEmployeeRequest request, CancellationToken cancellationToken) in D:\00 Fractal\Development\OT\V8\tas.WebAPI\tas.WebAPI\Controllers\Tas\EmployeeController.cs:line 438
   at lambda_method1185(Closure, Object)
   at Microsoft.AspNetCore.Mvc.Infrastructure.ActionMethodExecutor.TaskOfActionResultExecutor.Execute(ActionContext actionContext, IActionResultTypeMapper mapper, ObjectMethodExecutor executor, Object controller, Object[] arguments)
   at Microsoft.AspNetCore.Mvc.Infrastructure.ControllerActionInvoker.<InvokeActionMethodAsync>g__Awaited|12_0(ControllerActionInvoker invoker, ValueTask`1 actionResultValueTask)
   at Microsoft.AspNetCore.Mvc.Infrastructure.ControllerActionInvoker.<InvokeNextActionFilterAsync>g__Awaited|10_0(ControllerActionInvoker invoker, Task lastTask, State next, Scope scope, Object state, Boolean isCompleted)
   at Microsoft.AspNetCore.Mvc.Infrastructure.ControllerActionInvoker.Rethrow(ActionExecutedContextSealed context)
   at Microsoft.AspNetCore.Mvc.Infrastructure.ControllerActionInvoker.Next(State& next, Scope& scope, Object& state, Boolean& isCompleted)
   at Microsoft.AspNetCore.Mvc.Infrastructure.ControllerActionInvoker.<InvokeInnerFilterAsync>g__Awaited|13_0(ControllerActionInvoker invoker, Task lastTask, State next, Scope scope, Object state, Boolean isCompleted)
   at Microsoft.AspNetCore.Mvc.Infrastructure.ResourceInvoker.<InvokeFilterPipelineAsync>g__Awaited|20_0(ResourceInvoker invoker, Task lastTask, State next, Scope scope, Object state, Boolean isCompleted)
   at Microsoft.AspNetCore.Mvc.Infrastructure.ResourceInvoker.<InvokeAsync>g__Awaited|17_0(ResourceInvoker invoker, Task task, IDisposable scope)
   at Microsoft.AspNetCore.Mvc.Infrastructure.ResourceInvoker.<InvokeAsync>g__Awaited|17_0(ResourceInvoker invoker, Task task, IDisposable scope)
   at Microsoft.AspNetCore.Diagnostics.ExceptionHandlerMiddlewareImpl.<Invoke>g__Awaited|10_0(ExceptionHandlerMiddlewareImpl middleware, HttpContext context, Task task)

2024-11-18 11:39:15.860 +08:00  ERR  An unhandled exception has occurred while executing the request.tas.Application.Common.Exceptions.BadRequestException: This roster cannot be executed because it is restricted by Roster rules. Please review the Roster requirements or contact the administrator for assistance.
   at tas.Persistence.Repositories.EmployeeRepository.RosterExecute(RosterExecuteEmployeeRequest request, CancellationToken cancellationToken) in D:\00 Fractal\Development\OT\V8\tas.WebAPI\tas.Persistence\Repositories\EmployeeRepository.partial.cs:line 140
   at tas.Application.Features.EmployeeFeature.RosterExecuteEmployee.RosterExecuteEmployeeHandler.Handle(RosterExecuteEmployeeRequest request, CancellationToken cancellationToken) in D:\00 Fractal\Development\OT\V8\tas.WebAPI\tas.Application\Features\EmployeeFeature\RosterExecuteEmployee\RosterExecuteEmployeeHandler.cs:line 25
   at tas.Application.Common.Behaviors.ValidationBehavior`2.Handle(TRequest request, RequestHandlerDelegate`1 next, CancellationToken cancellationToken) in D:\00 Fractal\Development\OT\V8\tas.WebAPI\tas.Application\Common\Behaviors\ValidatorBehavior.cs:line 39
   at MediatR.Pipeline.RequestExceptionProcessorBehavior`2.Handle(TRequest request, RequestHandlerDelegate`1 next, CancellationToken cancellationToken)
   at MediatR.Pipeline.RequestExceptionProcessorBehavior`2.Handle(TRequest request, RequestHandlerDelegate`1 next, CancellationToken cancellationToken)
   at MediatR.Pipeline.RequestExceptionActionProcessorBehavior`2.Handle(TRequest request, RequestHandlerDelegate`1 next, CancellationToken cancellationToken)
   at MediatR.Pipeline.RequestExceptionActionProcessorBehavior`2.Handle(TRequest request, RequestHandlerDelegate`1 next, CancellationToken cancellationToken)
   at MediatR.Pipeline.RequestPostProcessorBehavior`2.Handle(TRequest request, RequestHandlerDelegate`1 next, CancellationToken cancellationToken)
   at MediatR.Pipeline.RequestPreProcessorBehavior`2.Handle(TRequest request, RequestHandlerDelegate`1 next, CancellationToken cancellationToken)
   at tas.WebAPI.Controllers.Tas.EmployeeController.RosterExcecute(RosterExecuteEmployeeRequest request, CancellationToken cancellationToken) in D:\00 Fractal\Development\OT\V8\tas.WebAPI\tas.WebAPI\Controllers\Tas\EmployeeController.cs:line 438
   at lambda_method1185(Closure, Object)
   at Microsoft.AspNetCore.Mvc.Infrastructure.ActionMethodExecutor.TaskOfActionResultExecutor.Execute(ActionContext actionContext, IActionResultTypeMapper mapper, ObjectMethodExecutor executor, Object controller, Object[] arguments)
   at Microsoft.AspNetCore.Mvc.Infrastructure.ControllerActionInvoker.<InvokeActionMethodAsync>g__Awaited|12_0(ControllerActionInvoker invoker, ValueTask`1 actionResultValueTask)
   at Microsoft.AspNetCore.Mvc.Infrastructure.ControllerActionInvoker.<InvokeNextActionFilterAsync>g__Awaited|10_0(ControllerActionInvoker invoker, Task lastTask, State next, Scope scope, Object state, Boolean isCompleted)
   at Microsoft.AspNetCore.Mvc.Infrastructure.ControllerActionInvoker.Rethrow(ActionExecutedContextSealed context)
   at Microsoft.AspNetCore.Mvc.Infrastructure.ControllerActionInvoker.Next(State& next, Scope& scope, Object& state, Boolean& isCompleted)
   at Microsoft.AspNetCore.Mvc.Infrastructure.ControllerActionInvoker.<InvokeInnerFilterAsync>g__Awaited|13_0(ControllerActionInvoker invoker, Task lastTask, State next, Scope scope, Object state, Boolean isCompleted)
   at Microsoft.AspNetCore.Mvc.Infrastructure.ResourceInvoker.<InvokeFilterPipelineAsync>g__Awaited|20_0(ResourceInvoker invoker, Task lastTask, State next, Scope scope, Object state, Boolean isCompleted)
   at Microsoft.AspNetCore.Mvc.Infrastructure.ResourceInvoker.<InvokeAsync>g__Awaited|17_0(ResourceInvoker invoker, Task task, IDisposable scope)
   at Microsoft.AspNetCore.Mvc.Infrastructure.ResourceInvoker.<InvokeAsync>g__Awaited|17_0(ResourceInvoker invoker, Task task, IDisposable scope)
   at Microsoft.AspNetCore.Diagnostics.ExceptionHandlerMiddlewareImpl.<Invoke>g__Awaited|10_0(ExceptionHandlerMiddlewareImpl middleware, HttpContext context, Task task)

2024-11-18 12:03:09.332 +08:00  ERR  An unhandled exception has occurred while executing the request.tas.Application.Common.Exceptions.BadRequestException: This data cannot be deleted because it is restricted by Roster rules. Please review the Roster requirements or contact the administrator for assistance.
   at tas.Persistence.Repositories.EmployeeRepository.DeleteTransport(DeleteEmployeeTransportRequest request, CancellationToken cancellationToken)
   at tas.Application.Features.EmployeeFeature.DeleteEmployeeTransport.DeleteEmployeeTransportHandler.Handle(DeleteEmployeeTransportRequest request, CancellationToken cancellationToken) in D:\00 Fractal\Development\OT\V8\tas.WebAPI\tas.Application\Features\EmployeeFeature\DeleteEmployeeTransport\DeleteEmployeeTransportHandler.cs:line 24
   at tas.Application.Common.Behaviors.ValidationBehavior`2.Handle(TRequest request, RequestHandlerDelegate`1 next, CancellationToken cancellationToken) in D:\00 Fractal\Development\OT\V8\tas.WebAPI\tas.Application\Common\Behaviors\ValidatorBehavior.cs:line 39
   at MediatR.Pipeline.RequestExceptionProcessorBehavior`2.Handle(TRequest request, RequestHandlerDelegate`1 next, CancellationToken cancellationToken)
   at MediatR.Pipeline.RequestExceptionProcessorBehavior`2.Handle(TRequest request, RequestHandlerDelegate`1 next, CancellationToken cancellationToken)
   at MediatR.Pipeline.RequestExceptionActionProcessorBehavior`2.Handle(TRequest request, RequestHandlerDelegate`1 next, CancellationToken cancellationToken)
   at MediatR.Pipeline.RequestExceptionActionProcessorBehavior`2.Handle(TRequest request, RequestHandlerDelegate`1 next, CancellationToken cancellationToken)
   at MediatR.Pipeline.RequestPostProcessorBehavior`2.Handle(TRequest request, RequestHandlerDelegate`1 next, CancellationToken cancellationToken)
   at MediatR.Pipeline.RequestPreProcessorBehavior`2.Handle(TRequest request, RequestHandlerDelegate`1 next, CancellationToken cancellationToken)
   at tas.WebAPI.Controllers.Tas.EmployeeController.DeleteEmployeeTransport(Int32 employeeId, DateTime onSiteDate, CancellationToken cancellationToken) in D:\00 Fractal\Development\OT\V8\tas.WebAPI\tas.WebAPI\Controllers\Tas\EmployeeController.cs:line 296
   at lambda_method1185(Closure, Object)
   at Microsoft.AspNetCore.Mvc.Infrastructure.ActionMethodExecutor.TaskOfActionResultExecutor.Execute(ActionContext actionContext, IActionResultTypeMapper mapper, ObjectMethodExecutor executor, Object controller, Object[] arguments)
   at Microsoft.AspNetCore.Mvc.Infrastructure.ControllerActionInvoker.<InvokeActionMethodAsync>g__Awaited|12_0(ControllerActionInvoker invoker, ValueTask`1 actionResultValueTask)
   at Microsoft.AspNetCore.Mvc.Infrastructure.ControllerActionInvoker.<InvokeNextActionFilterAsync>g__Awaited|10_0(ControllerActionInvoker invoker, Task lastTask, State next, Scope scope, Object state, Boolean isCompleted)
   at Microsoft.AspNetCore.Mvc.Infrastructure.ControllerActionInvoker.Rethrow(ActionExecutedContextSealed context)
   at Microsoft.AspNetCore.Mvc.Infrastructure.ControllerActionInvoker.Next(State& next, Scope& scope, Object& state, Boolean& isCompleted)
   at Microsoft.AspNetCore.Mvc.Infrastructure.ControllerActionInvoker.<InvokeInnerFilterAsync>g__Awaited|13_0(ControllerActionInvoker invoker, Task lastTask, State next, Scope scope, Object state, Boolean isCompleted)
   at Microsoft.AspNetCore.Mvc.Infrastructure.ResourceInvoker.<InvokeFilterPipelineAsync>g__Awaited|20_0(ResourceInvoker invoker, Task lastTask, State next, Scope scope, Object state, Boolean isCompleted)
   at Microsoft.AspNetCore.Mvc.Infrastructure.ResourceInvoker.<InvokeAsync>g__Awaited|17_0(ResourceInvoker invoker, Task task, IDisposable scope)
   at Microsoft.AspNetCore.Mvc.Infrastructure.ResourceInvoker.<InvokeAsync>g__Awaited|17_0(ResourceInvoker invoker, Task task, IDisposable scope)
   at Microsoft.AspNetCore.Diagnostics.ExceptionHandlerMiddlewareImpl.<Invoke>g__Awaited|10_0(ExceptionHandlerMiddlewareImpl middleware, HttpContext context, Task task)

2024-11-18 12:46:41.581 +08:00  ERR  An unhandled exception has occurred while executing the request.System.InvalidOperationException: An exception was thrown while attempting to evaluate the LINQ query parameter expression 'null.CS$<>8__locals2'. See the inner exception for more information.
 ---> System.NullReferenceException: Object reference not set to an instance of an object.
   at System.Object.GetType()
   at System.Linq.Expressions.Interpreter.LoadFieldInstruction.Run(InterpretedFrame frame)
   at System.Linq.Expressions.Interpreter.Interpreter.Run(InterpretedFrame frame)
   at System.Linq.Expressions.Interpreter.LightLambda.Run(Object[] arguments)
   at System.Dynamic.Utils.DelegateHelpers.FuncThunk[TReturn](Func`2 handler)
   at Microsoft.EntityFrameworkCore.Query.Internal.ExpressionTreeFuncletizer.<Evaluate>g__EvaluateCore|63_0(Expression expression, String& parameterName, Boolean& isContextAccessor)
   --- End of inner exception stack trace ---
   at Microsoft.EntityFrameworkCore.Query.Internal.ExpressionTreeFuncletizer.<Evaluate>g__EvaluateCore|63_0(Expression expression, String& parameterName, Boolean& isContextAccessor)
   at Microsoft.EntityFrameworkCore.Query.Internal.ExpressionTreeFuncletizer.<Evaluate>g__EvaluateCore|63_0(Expression expression, String& parameterName, Boolean& isContextAccessor)
   at Microsoft.EntityFrameworkCore.Query.Internal.ExpressionTreeFuncletizer.<Evaluate>g__EvaluateCore|63_0(Expression expression, String& parameterName, Boolean& isContextAccessor)
   at Microsoft.EntityFrameworkCore.Query.Internal.ExpressionTreeFuncletizer.Evaluate(Expression expression, String& parameterName, Boolean& isContextAccessor)
   at Microsoft.EntityFrameworkCore.Query.Internal.ExpressionTreeFuncletizer.ProcessEvaluatableRoot(Expression evaluatableRoot, State& state)
   at Microsoft.EntityFrameworkCore.Query.Internal.ExpressionTreeFuncletizer.VisitBinary(BinaryExpression binary)
   at Microsoft.EntityFrameworkCore.Query.Internal.ExpressionTreeFuncletizer.Visit(Expression expression, State& state)
   at Microsoft.EntityFrameworkCore.Query.Internal.ExpressionTreeFuncletizer.VisitBinary(BinaryExpression binary)
   at Microsoft.EntityFrameworkCore.Query.Internal.ExpressionTreeFuncletizer.Visit(Expression expression, State& state)
   at Microsoft.EntityFrameworkCore.Query.Internal.ExpressionTreeFuncletizer.VisitBinary(BinaryExpression binary)
   at Microsoft.EntityFrameworkCore.Query.Internal.ExpressionTreeFuncletizer.Visit(Expression expression, State& state)
   at Microsoft.EntityFrameworkCore.Query.Internal.ExpressionTreeFuncletizer.VisitLambda[T](Expression`1 lambda)
   at Microsoft.EntityFrameworkCore.Query.Internal.ExpressionTreeFuncletizer.Visit(Expression expression, State& state)
   at Microsoft.EntityFrameworkCore.Query.Internal.ExpressionTreeFuncletizer.VisitUnary(UnaryExpression unary)
   at Microsoft.EntityFrameworkCore.Query.Internal.ExpressionTreeFuncletizer.Visit(Expression expression)
   at Microsoft.EntityFrameworkCore.Query.Internal.ExpressionTreeFuncletizer.Visit[T](ReadOnlyCollection`1 expressions, Func`2 elementVisitor, StateType& aggregateStateType, State[]& expressionStates, Boolean poolExpressionStates)
   at Microsoft.EntityFrameworkCore.Query.Internal.ExpressionTreeFuncletizer.Visit(ReadOnlyCollection`1 expressions, StateType& aggregateStateType, State[]& expressionStates, Boolean poolExpressionStates)
   at Microsoft.EntityFrameworkCore.Query.Internal.ExpressionTreeFuncletizer.VisitMethodCall(MethodCallExpression methodCall)
   at Microsoft.EntityFrameworkCore.Query.Internal.ExpressionTreeFuncletizer.Visit(Expression expression)
   at Microsoft.EntityFrameworkCore.Query.Internal.ExpressionTreeFuncletizer.Visit[T](ReadOnlyCollection`1 expressions, Func`2 elementVisitor, StateType& aggregateStateType, State[]& expressionStates, Boolean poolExpressionStates)
   at Microsoft.EntityFrameworkCore.Query.Internal.ExpressionTreeFuncletizer.Visit(ReadOnlyCollection`1 expressions, StateType& aggregateStateType, State[]& expressionStates, Boolean poolExpressionStates)
   at Microsoft.EntityFrameworkCore.Query.Internal.ExpressionTreeFuncletizer.VisitMethodCall(MethodCallExpression methodCall)
   at Microsoft.EntityFrameworkCore.Query.Internal.ExpressionTreeFuncletizer.Visit(Expression expression)
   at Microsoft.EntityFrameworkCore.Query.Internal.ExpressionTreeFuncletizer.Visit[T](ReadOnlyCollection`1 expressions, Func`2 elementVisitor, StateType& aggregateStateType, State[]& expressionStates, Boolean poolExpressionStates)
   at Microsoft.EntityFrameworkCore.Query.Internal.ExpressionTreeFuncletizer.Visit(ReadOnlyCollection`1 expressions, StateType& aggregateStateType, State[]& expressionStates, Boolean poolExpressionStates)
   at Microsoft.EntityFrameworkCore.Query.Internal.ExpressionTreeFuncletizer.VisitMethodCall(MethodCallExpression methodCall)
   at Microsoft.EntityFrameworkCore.Query.Internal.ExpressionTreeFuncletizer.Visit(Expression expression, State& state)
   at Microsoft.EntityFrameworkCore.Query.Internal.ExpressionTreeFuncletizer.ExtractParameters(Expression expression, IParameterValues parameterValues, Boolean parameterize, Boolean clearParameterizedValues)
   at Microsoft.EntityFrameworkCore.Query.Internal.QueryCompiler.ExtractParameters(Expression query, IParameterValues parameterValues, IDiagnosticsLogger`1 logger, Boolean compiledQuery, Boolean generateContextAccessors)
   at Microsoft.EntityFrameworkCore.Query.Internal.QueryCompiler.ExecuteCore[TResult](Expression query, Boolean async, CancellationToken cancellationToken)
   at Microsoft.EntityFrameworkCore.Query.Internal.QueryCompiler.ExecuteAsync[TResult](Expression query, CancellationToken cancellationToken)
   at Microsoft.EntityFrameworkCore.Query.Internal.EntityQueryProvider.ExecuteAsync[TResult](Expression expression, CancellationToken cancellationToken)
   at Microsoft.EntityFrameworkCore.EntityFrameworkQueryableExtensions.ExecuteAsync[TSource,TResult](MethodInfo operatorMethodInfo, IQueryable`1 source, Expression expression, CancellationToken cancellationToken)
   at Microsoft.EntityFrameworkCore.EntityFrameworkQueryableExtensions.ExecuteAsync[TSource,TResult](MethodInfo operatorMethodInfo, IQueryable`1 source, CancellationToken cancellationToken)
   at Microsoft.EntityFrameworkCore.EntityFrameworkQueryableExtensions.FirstOrDefaultAsync[TSource](IQueryable`1 source, CancellationToken cancellationToken)
   at tas.Persistence.Repositories.EmployeeRepository.DeleteTransportBulk(DeleteEmployeeTransportBulkRequest request, CancellationToken cancellationToken) in D:\00 Fractal\Development\OT\V8\tas.WebAPI\tas.Persistence\Repositories\EmployeeRepository.DeActive.partial.cs:line 264
   at tas.Application.Features.EmployeeFeature.DeleteEmployeeTransportBulk.DeleteEmployeeTransportBulkHandler.Handle(DeleteEmployeeTransportBulkRequest request, CancellationToken cancellationToken) in D:\00 Fractal\Development\OT\V8\tas.WebAPI\tas.Application\Features\EmployeeFeature\DeleteEmployeeTransportBulk\DeleteEmployeeTransportBulkHandler.cs:line 24
   at tas.Application.Common.Behaviors.ValidationBehavior`2.Handle(TRequest request, RequestHandlerDelegate`1 next, CancellationToken cancellationToken) in D:\00 Fractal\Development\OT\V8\tas.WebAPI\tas.Application\Common\Behaviors\ValidatorBehavior.cs:line 39
   at MediatR.Pipeline.RequestExceptionProcessorBehavior`2.Handle(TRequest request, RequestHandlerDelegate`1 next, CancellationToken cancellationToken)
   at MediatR.Pipeline.RequestExceptionProcessorBehavior`2.Handle(TRequest request, RequestHandlerDelegate`1 next, CancellationToken cancellationToken)
   at MediatR.Pipeline.RequestExceptionActionProcessorBehavior`2.Handle(TRequest request, RequestHandlerDelegate`1 next, CancellationToken cancellationToken)
   at MediatR.Pipeline.RequestExceptionActionProcessorBehavior`2.Handle(TRequest request, RequestHandlerDelegate`1 next, CancellationToken cancellationToken)
   at MediatR.Pipeline.RequestPostProcessorBehavior`2.Handle(TRequest request, RequestHandlerDelegate`1 next, CancellationToken cancellationToken)
   at MediatR.Pipeline.RequestPreProcessorBehavior`2.Handle(TRequest request, RequestHandlerDelegate`1 next, CancellationToken cancellationToken)
   at tas.WebAPI.Controllers.Tas.EmployeeController.DeleteEmployeeTransportBulk(DeleteEmployeeTransportBulkRequest request, CancellationToken cancellationToken) in D:\00 Fractal\Development\OT\V8\tas.WebAPI\tas.WebAPI\Controllers\Tas\EmployeeController.cs:line 306
   at lambda_method1185(Closure, Object)
   at Microsoft.AspNetCore.Mvc.Infrastructure.ActionMethodExecutor.TaskOfActionResultExecutor.Execute(ActionContext actionContext, IActionResultTypeMapper mapper, ObjectMethodExecutor executor, Object controller, Object[] arguments)
   at Microsoft.AspNetCore.Mvc.Infrastructure.ControllerActionInvoker.<InvokeActionMethodAsync>g__Awaited|12_0(ControllerActionInvoker invoker, ValueTask`1 actionResultValueTask)
   at Microsoft.AspNetCore.Mvc.Infrastructure.ControllerActionInvoker.<InvokeNextActionFilterAsync>g__Awaited|10_0(ControllerActionInvoker invoker, Task lastTask, State next, Scope scope, Object state, Boolean isCompleted)
   at Microsoft.AspNetCore.Mvc.Infrastructure.ControllerActionInvoker.Rethrow(ActionExecutedContextSealed context)
   at Microsoft.AspNetCore.Mvc.Infrastructure.ControllerActionInvoker.Next(State& next, Scope& scope, Object& state, Boolean& isCompleted)
   at Microsoft.AspNetCore.Mvc.Infrastructure.ControllerActionInvoker.<InvokeInnerFilterAsync>g__Awaited|13_0(ControllerActionInvoker invoker, Task lastTask, State next, Scope scope, Object state, Boolean isCompleted)
   at Microsoft.AspNetCore.Mvc.Infrastructure.ResourceInvoker.<InvokeFilterPipelineAsync>g__Awaited|20_0(ResourceInvoker invoker, Task lastTask, State next, Scope scope, Object state, Boolean isCompleted)
   at Microsoft.AspNetCore.Mvc.Infrastructure.ResourceInvoker.<InvokeAsync>g__Awaited|17_0(ResourceInvoker invoker, Task task, IDisposable scope)
   at Microsoft.AspNetCore.Mvc.Infrastructure.ResourceInvoker.<InvokeAsync>g__Awaited|17_0(ResourceInvoker invoker, Task task, IDisposable scope)
   at Microsoft.AspNetCore.Diagnostics.ExceptionHandlerMiddlewareImpl.<Invoke>g__Awaited|10_0(ExceptionHandlerMiddlewareImpl middleware, HttpContext context, Task task)

2024-11-18 12:47:14.295 +08:00  ERR  An unhandled exception has occurred while executing the request.System.InvalidOperationException: An exception was thrown while attempting to evaluate the LINQ query parameter expression 'null.CS$<>8__locals2'. See the inner exception for more information.
 ---> System.NullReferenceException: Object reference not set to an instance of an object.
   at System.Object.GetType()
   at System.Linq.Expressions.Interpreter.LoadFieldInstruction.Run(InterpretedFrame frame)
   at System.Linq.Expressions.Interpreter.Interpreter.Run(InterpretedFrame frame)
   at System.Linq.Expressions.Interpreter.LightLambda.Run(Object[] arguments)
   at System.Dynamic.Utils.DelegateHelpers.FuncThunk[TReturn](Func`2 handler)
   at Microsoft.EntityFrameworkCore.Query.Internal.ExpressionTreeFuncletizer.<Evaluate>g__EvaluateCore|63_0(Expression expression, String& parameterName, Boolean& isContextAccessor)
   --- End of inner exception stack trace ---
   at Microsoft.EntityFrameworkCore.Query.Internal.ExpressionTreeFuncletizer.<Evaluate>g__EvaluateCore|63_0(Expression expression, String& parameterName, Boolean& isContextAccessor)
   at Microsoft.EntityFrameworkCore.Query.Internal.ExpressionTreeFuncletizer.<Evaluate>g__EvaluateCore|63_0(Expression expression, String& parameterName, Boolean& isContextAccessor)
   at Microsoft.EntityFrameworkCore.Query.Internal.ExpressionTreeFuncletizer.<Evaluate>g__EvaluateCore|63_0(Expression expression, String& parameterName, Boolean& isContextAccessor)
   at Microsoft.EntityFrameworkCore.Query.Internal.ExpressionTreeFuncletizer.Evaluate(Expression expression, String& parameterName, Boolean& isContextAccessor)
   at Microsoft.EntityFrameworkCore.Query.Internal.ExpressionTreeFuncletizer.ProcessEvaluatableRoot(Expression evaluatableRoot, State& state)
   at Microsoft.EntityFrameworkCore.Query.Internal.ExpressionTreeFuncletizer.VisitBinary(BinaryExpression binary)
   at Microsoft.EntityFrameworkCore.Query.Internal.ExpressionTreeFuncletizer.Visit(Expression expression, State& state)
   at Microsoft.EntityFrameworkCore.Query.Internal.ExpressionTreeFuncletizer.VisitBinary(BinaryExpression binary)
   at Microsoft.EntityFrameworkCore.Query.Internal.ExpressionTreeFuncletizer.Visit(Expression expression, State& state)
   at Microsoft.EntityFrameworkCore.Query.Internal.ExpressionTreeFuncletizer.VisitBinary(BinaryExpression binary)
   at Microsoft.EntityFrameworkCore.Query.Internal.ExpressionTreeFuncletizer.Visit(Expression expression, State& state)
   at Microsoft.EntityFrameworkCore.Query.Internal.ExpressionTreeFuncletizer.VisitLambda[T](Expression`1 lambda)
   at Microsoft.EntityFrameworkCore.Query.Internal.ExpressionTreeFuncletizer.Visit(Expression expression, State& state)
   at Microsoft.EntityFrameworkCore.Query.Internal.ExpressionTreeFuncletizer.VisitUnary(UnaryExpression unary)
   at Microsoft.EntityFrameworkCore.Query.Internal.ExpressionTreeFuncletizer.Visit(Expression expression)
   at Microsoft.EntityFrameworkCore.Query.Internal.ExpressionTreeFuncletizer.Visit[T](ReadOnlyCollection`1 expressions, Func`2 elementVisitor, StateType& aggregateStateType, State[]& expressionStates, Boolean poolExpressionStates)
   at Microsoft.EntityFrameworkCore.Query.Internal.ExpressionTreeFuncletizer.Visit(ReadOnlyCollection`1 expressions, StateType& aggregateStateType, State[]& expressionStates, Boolean poolExpressionStates)
   at Microsoft.EntityFrameworkCore.Query.Internal.ExpressionTreeFuncletizer.VisitMethodCall(MethodCallExpression methodCall)
   at Microsoft.EntityFrameworkCore.Query.Internal.ExpressionTreeFuncletizer.Visit(Expression expression)
   at Microsoft.EntityFrameworkCore.Query.Internal.ExpressionTreeFuncletizer.Visit[T](ReadOnlyCollection`1 expressions, Func`2 elementVisitor, StateType& aggregateStateType, State[]& expressionStates, Boolean poolExpressionStates)
   at Microsoft.EntityFrameworkCore.Query.Internal.ExpressionTreeFuncletizer.Visit(ReadOnlyCollection`1 expressions, StateType& aggregateStateType, State[]& expressionStates, Boolean poolExpressionStates)
   at Microsoft.EntityFrameworkCore.Query.Internal.ExpressionTreeFuncletizer.VisitMethodCall(MethodCallExpression methodCall)
   at Microsoft.EntityFrameworkCore.Query.Internal.ExpressionTreeFuncletizer.Visit(Expression expression)
   at Microsoft.EntityFrameworkCore.Query.Internal.ExpressionTreeFuncletizer.Visit[T](ReadOnlyCollection`1 expressions, Func`2 elementVisitor, StateType& aggregateStateType, State[]& expressionStates, Boolean poolExpressionStates)
   at Microsoft.EntityFrameworkCore.Query.Internal.ExpressionTreeFuncletizer.Visit(ReadOnlyCollection`1 expressions, StateType& aggregateStateType, State[]& expressionStates, Boolean poolExpressionStates)
   at Microsoft.EntityFrameworkCore.Query.Internal.ExpressionTreeFuncletizer.VisitMethodCall(MethodCallExpression methodCall)
   at Microsoft.EntityFrameworkCore.Query.Internal.ExpressionTreeFuncletizer.Visit(Expression expression, State& state)
   at Microsoft.EntityFrameworkCore.Query.Internal.ExpressionTreeFuncletizer.ExtractParameters(Expression expression, IParameterValues parameterValues, Boolean parameterize, Boolean clearParameterizedValues)
   at Microsoft.EntityFrameworkCore.Query.Internal.QueryCompiler.ExtractParameters(Expression query, IParameterValues parameterValues, IDiagnosticsLogger`1 logger, Boolean compiledQuery, Boolean generateContextAccessors)
   at Microsoft.EntityFrameworkCore.Query.Internal.QueryCompiler.ExecuteCore[TResult](Expression query, Boolean async, CancellationToken cancellationToken)
   at Microsoft.EntityFrameworkCore.Query.Internal.QueryCompiler.ExecuteAsync[TResult](Expression query, CancellationToken cancellationToken)
   at Microsoft.EntityFrameworkCore.Query.Internal.EntityQueryProvider.ExecuteAsync[TResult](Expression expression, CancellationToken cancellationToken)
   at Microsoft.EntityFrameworkCore.EntityFrameworkQueryableExtensions.ExecuteAsync[TSource,TResult](MethodInfo operatorMethodInfo, IQueryable`1 source, Expression expression, CancellationToken cancellationToken)
   at Microsoft.EntityFrameworkCore.EntityFrameworkQueryableExtensions.ExecuteAsync[TSource,TResult](MethodInfo operatorMethodInfo, IQueryable`1 source, CancellationToken cancellationToken)
   at Microsoft.EntityFrameworkCore.EntityFrameworkQueryableExtensions.FirstOrDefaultAsync[TSource](IQueryable`1 source, CancellationToken cancellationToken)
   at tas.Persistence.Repositories.EmployeeRepository.DeleteTransportBulk(DeleteEmployeeTransportBulkRequest request, CancellationToken cancellationToken) in D:\00 Fractal\Development\OT\V8\tas.WebAPI\tas.Persistence\Repositories\EmployeeRepository.DeActive.partial.cs:line 264
   at tas.Application.Features.EmployeeFeature.DeleteEmployeeTransportBulk.DeleteEmployeeTransportBulkHandler.Handle(DeleteEmployeeTransportBulkRequest request, CancellationToken cancellationToken) in D:\00 Fractal\Development\OT\V8\tas.WebAPI\tas.Application\Features\EmployeeFeature\DeleteEmployeeTransportBulk\DeleteEmployeeTransportBulkHandler.cs:line 24
   at tas.Application.Common.Behaviors.ValidationBehavior`2.Handle(TRequest request, RequestHandlerDelegate`1 next, CancellationToken cancellationToken) in D:\00 Fractal\Development\OT\V8\tas.WebAPI\tas.Application\Common\Behaviors\ValidatorBehavior.cs:line 39
   at MediatR.Pipeline.RequestExceptionProcessorBehavior`2.Handle(TRequest request, RequestHandlerDelegate`1 next, CancellationToken cancellationToken)
   at MediatR.Pipeline.RequestExceptionProcessorBehavior`2.Handle(TRequest request, RequestHandlerDelegate`1 next, CancellationToken cancellationToken)
   at MediatR.Pipeline.RequestExceptionActionProcessorBehavior`2.Handle(TRequest request, RequestHandlerDelegate`1 next, CancellationToken cancellationToken)
   at MediatR.Pipeline.RequestExceptionActionProcessorBehavior`2.Handle(TRequest request, RequestHandlerDelegate`1 next, CancellationToken cancellationToken)
   at MediatR.Pipeline.RequestPostProcessorBehavior`2.Handle(TRequest request, RequestHandlerDelegate`1 next, CancellationToken cancellationToken)
   at MediatR.Pipeline.RequestPreProcessorBehavior`2.Handle(TRequest request, RequestHandlerDelegate`1 next, CancellationToken cancellationToken)
   at tas.WebAPI.Controllers.Tas.EmployeeController.DeleteEmployeeTransportBulk(DeleteEmployeeTransportBulkRequest request, CancellationToken cancellationToken) in D:\00 Fractal\Development\OT\V8\tas.WebAPI\tas.WebAPI\Controllers\Tas\EmployeeController.cs:line 306
   at lambda_method1185(Closure, Object)
   at Microsoft.AspNetCore.Mvc.Infrastructure.ActionMethodExecutor.TaskOfActionResultExecutor.Execute(ActionContext actionContext, IActionResultTypeMapper mapper, ObjectMethodExecutor executor, Object controller, Object[] arguments)
   at Microsoft.AspNetCore.Mvc.Infrastructure.ControllerActionInvoker.<InvokeActionMethodAsync>g__Awaited|12_0(ControllerActionInvoker invoker, ValueTask`1 actionResultValueTask)
   at Microsoft.AspNetCore.Mvc.Infrastructure.ControllerActionInvoker.<InvokeNextActionFilterAsync>g__Awaited|10_0(ControllerActionInvoker invoker, Task lastTask, State next, Scope scope, Object state, Boolean isCompleted)
   at Microsoft.AspNetCore.Mvc.Infrastructure.ControllerActionInvoker.Rethrow(ActionExecutedContextSealed context)
   at Microsoft.AspNetCore.Mvc.Infrastructure.ControllerActionInvoker.Next(State& next, Scope& scope, Object& state, Boolean& isCompleted)
   at Microsoft.AspNetCore.Mvc.Infrastructure.ControllerActionInvoker.<InvokeInnerFilterAsync>g__Awaited|13_0(ControllerActionInvoker invoker, Task lastTask, State next, Scope scope, Object state, Boolean isCompleted)
   at Microsoft.AspNetCore.Mvc.Infrastructure.ResourceInvoker.<InvokeFilterPipelineAsync>g__Awaited|20_0(ResourceInvoker invoker, Task lastTask, State next, Scope scope, Object state, Boolean isCompleted)
   at Microsoft.AspNetCore.Mvc.Infrastructure.ResourceInvoker.<InvokeAsync>g__Awaited|17_0(ResourceInvoker invoker, Task task, IDisposable scope)
   at Microsoft.AspNetCore.Mvc.Infrastructure.ResourceInvoker.<InvokeAsync>g__Awaited|17_0(ResourceInvoker invoker, Task task, IDisposable scope)
   at Microsoft.AspNetCore.Diagnostics.ExceptionHandlerMiddlewareImpl.<Invoke>g__Awaited|10_0(ExceptionHandlerMiddlewareImpl middleware, HttpContext context, Task task)

2024-11-18 12:48:12.127 +08:00  ERR  An unhandled exception has occurred while executing the request.System.InvalidOperationException: An exception was thrown while attempting to evaluate the LINQ query parameter expression 'null.CS$<>8__locals2'. See the inner exception for more information.
 ---> System.NullReferenceException: Object reference not set to an instance of an object.
   at System.Object.GetType()
   at System.Linq.Expressions.Interpreter.LoadFieldInstruction.Run(InterpretedFrame frame)
   at System.Linq.Expressions.Interpreter.Interpreter.Run(InterpretedFrame frame)
   at System.Linq.Expressions.Interpreter.LightLambda.Run(Object[] arguments)
   at System.Dynamic.Utils.DelegateHelpers.FuncThunk[TReturn](Func`2 handler)
   at Microsoft.EntityFrameworkCore.Query.Internal.ExpressionTreeFuncletizer.<Evaluate>g__EvaluateCore|63_0(Expression expression, String& parameterName, Boolean& isContextAccessor)
   --- End of inner exception stack trace ---
   at Microsoft.EntityFrameworkCore.Query.Internal.ExpressionTreeFuncletizer.<Evaluate>g__EvaluateCore|63_0(Expression expression, String& parameterName, Boolean& isContextAccessor)
   at Microsoft.EntityFrameworkCore.Query.Internal.ExpressionTreeFuncletizer.<Evaluate>g__EvaluateCore|63_0(Expression expression, String& parameterName, Boolean& isContextAccessor)
   at Microsoft.EntityFrameworkCore.Query.Internal.ExpressionTreeFuncletizer.Evaluate(Expression expression, String& parameterName, Boolean& isContextAccessor)
   at Microsoft.EntityFrameworkCore.Query.Internal.ExpressionTreeFuncletizer.ProcessEvaluatableRoot(Expression evaluatableRoot, State& state)
   at Microsoft.EntityFrameworkCore.Query.Internal.ExpressionTreeFuncletizer.VisitBinary(BinaryExpression binary)
   at Microsoft.EntityFrameworkCore.Query.Internal.ExpressionTreeFuncletizer.Visit(Expression expression, State& state)
   at Microsoft.EntityFrameworkCore.Query.Internal.ExpressionTreeFuncletizer.VisitBinary(BinaryExpression binary)
   at Microsoft.EntityFrameworkCore.Query.Internal.ExpressionTreeFuncletizer.Visit(Expression expression, State& state)
   at Microsoft.EntityFrameworkCore.Query.Internal.ExpressionTreeFuncletizer.VisitBinary(BinaryExpression binary)
   at Microsoft.EntityFrameworkCore.Query.Internal.ExpressionTreeFuncletizer.Visit(Expression expression, State& state)
   at Microsoft.EntityFrameworkCore.Query.Internal.ExpressionTreeFuncletizer.VisitLambda[T](Expression`1 lambda)
   at Microsoft.EntityFrameworkCore.Query.Internal.ExpressionTreeFuncletizer.Visit(Expression expression, State& state)
   at Microsoft.EntityFrameworkCore.Query.Internal.ExpressionTreeFuncletizer.VisitUnary(UnaryExpression unary)
   at Microsoft.EntityFrameworkCore.Query.Internal.ExpressionTreeFuncletizer.Visit(Expression expression)
   at Microsoft.EntityFrameworkCore.Query.Internal.ExpressionTreeFuncletizer.Visit[T](ReadOnlyCollection`1 expressions, Func`2 elementVisitor, StateType& aggregateStateType, State[]& expressionStates, Boolean poolExpressionStates)
   at Microsoft.EntityFrameworkCore.Query.Internal.ExpressionTreeFuncletizer.Visit(ReadOnlyCollection`1 expressions, StateType& aggregateStateType, State[]& expressionStates, Boolean poolExpressionStates)
   at Microsoft.EntityFrameworkCore.Query.Internal.ExpressionTreeFuncletizer.VisitMethodCall(MethodCallExpression methodCall)
   at Microsoft.EntityFrameworkCore.Query.Internal.ExpressionTreeFuncletizer.Visit(Expression expression)
   at Microsoft.EntityFrameworkCore.Query.Internal.ExpressionTreeFuncletizer.Visit[T](ReadOnlyCollection`1 expressions, Func`2 elementVisitor, StateType& aggregateStateType, State[]& expressionStates, Boolean poolExpressionStates)
   at Microsoft.EntityFrameworkCore.Query.Internal.ExpressionTreeFuncletizer.Visit(ReadOnlyCollection`1 expressions, StateType& aggregateStateType, State[]& expressionStates, Boolean poolExpressionStates)
   at Microsoft.EntityFrameworkCore.Query.Internal.ExpressionTreeFuncletizer.VisitMethodCall(MethodCallExpression methodCall)
   at Microsoft.EntityFrameworkCore.Query.Internal.ExpressionTreeFuncletizer.Visit(Expression expression)
   at Microsoft.EntityFrameworkCore.Query.Internal.ExpressionTreeFuncletizer.Visit[T](ReadOnlyCollection`1 expressions, Func`2 elementVisitor, StateType& aggregateStateType, State[]& expressionStates, Boolean poolExpressionStates)
   at Microsoft.EntityFrameworkCore.Query.Internal.ExpressionTreeFuncletizer.Visit(ReadOnlyCollection`1 expressions, StateType& aggregateStateType, State[]& expressionStates, Boolean poolExpressionStates)
   at Microsoft.EntityFrameworkCore.Query.Internal.ExpressionTreeFuncletizer.VisitMethodCall(MethodCallExpression methodCall)
   at Microsoft.EntityFrameworkCore.Query.Internal.ExpressionTreeFuncletizer.Visit(Expression expression, State& state)
   at Microsoft.EntityFrameworkCore.Query.Internal.ExpressionTreeFuncletizer.ExtractParameters(Expression expression, IParameterValues parameterValues, Boolean parameterize, Boolean clearParameterizedValues)
   at Microsoft.EntityFrameworkCore.Query.Internal.QueryCompiler.ExtractParameters(Expression query, IParameterValues parameterValues, IDiagnosticsLogger`1 logger, Boolean compiledQuery, Boolean generateContextAccessors)
   at Microsoft.EntityFrameworkCore.Query.Internal.QueryCompiler.ExecuteCore[TResult](Expression query, Boolean async, CancellationToken cancellationToken)
   at Microsoft.EntityFrameworkCore.Query.Internal.QueryCompiler.ExecuteAsync[TResult](Expression query, CancellationToken cancellationToken)
   at Microsoft.EntityFrameworkCore.Query.Internal.EntityQueryProvider.ExecuteAsync[TResult](Expression expression, CancellationToken cancellationToken)
   at Microsoft.EntityFrameworkCore.EntityFrameworkQueryableExtensions.ExecuteAsync[TSource,TResult](MethodInfo operatorMethodInfo, IQueryable`1 source, Expression expression, CancellationToken cancellationToken)
   at Microsoft.EntityFrameworkCore.EntityFrameworkQueryableExtensions.ExecuteAsync[TSource,TResult](MethodInfo operatorMethodInfo, IQueryable`1 source, CancellationToken cancellationToken)
   at Microsoft.EntityFrameworkCore.EntityFrameworkQueryableExtensions.FirstOrDefaultAsync[TSource](IQueryable`1 source, CancellationToken cancellationToken)
   at tas.Persistence.Repositories.EmployeeRepository.DeleteTransportBulk(DeleteEmployeeTransportBulkRequest request, CancellationToken cancellationToken) in D:\00 Fractal\Development\OT\V8\tas.WebAPI\tas.Persistence\Repositories\EmployeeRepository.DeActive.partial.cs:line 264
   at tas.Application.Features.EmployeeFeature.DeleteEmployeeTransportBulk.DeleteEmployeeTransportBulkHandler.Handle(DeleteEmployeeTransportBulkRequest request, CancellationToken cancellationToken) in D:\00 Fractal\Development\OT\V8\tas.WebAPI\tas.Application\Features\EmployeeFeature\DeleteEmployeeTransportBulk\DeleteEmployeeTransportBulkHandler.cs:line 24
   at tas.Application.Common.Behaviors.ValidationBehavior`2.Handle(TRequest request, RequestHandlerDelegate`1 next, CancellationToken cancellationToken) in D:\00 Fractal\Development\OT\V8\tas.WebAPI\tas.Application\Common\Behaviors\ValidatorBehavior.cs:line 39
   at MediatR.Pipeline.RequestExceptionProcessorBehavior`2.Handle(TRequest request, RequestHandlerDelegate`1 next, CancellationToken cancellationToken)
   at MediatR.Pipeline.RequestExceptionProcessorBehavior`2.Handle(TRequest request, RequestHandlerDelegate`1 next, CancellationToken cancellationToken)
   at MediatR.Pipeline.RequestExceptionActionProcessorBehavior`2.Handle(TRequest request, RequestHandlerDelegate`1 next, CancellationToken cancellationToken)
   at MediatR.Pipeline.RequestExceptionActionProcessorBehavior`2.Handle(TRequest request, RequestHandlerDelegate`1 next, CancellationToken cancellationToken)
   at MediatR.Pipeline.RequestPostProcessorBehavior`2.Handle(TRequest request, RequestHandlerDelegate`1 next, CancellationToken cancellationToken)
   at MediatR.Pipeline.RequestPreProcessorBehavior`2.Handle(TRequest request, RequestHandlerDelegate`1 next, CancellationToken cancellationToken)
   at tas.WebAPI.Controllers.Tas.EmployeeController.DeleteEmployeeTransportBulk(DeleteEmployeeTransportBulkRequest request, CancellationToken cancellationToken) in D:\00 Fractal\Development\OT\V8\tas.WebAPI\tas.WebAPI\Controllers\Tas\EmployeeController.cs:line 306
   at lambda_method1185(Closure, Object)
   at Microsoft.AspNetCore.Mvc.Infrastructure.ActionMethodExecutor.TaskOfActionResultExecutor.Execute(ActionContext actionContext, IActionResultTypeMapper mapper, ObjectMethodExecutor executor, Object controller, Object[] arguments)
   at Microsoft.AspNetCore.Mvc.Infrastructure.ControllerActionInvoker.<InvokeActionMethodAsync>g__Awaited|12_0(ControllerActionInvoker invoker, ValueTask`1 actionResultValueTask)
   at Microsoft.AspNetCore.Mvc.Infrastructure.ControllerActionInvoker.<InvokeNextActionFilterAsync>g__Awaited|10_0(ControllerActionInvoker invoker, Task lastTask, State next, Scope scope, Object state, Boolean isCompleted)
   at Microsoft.AspNetCore.Mvc.Infrastructure.ControllerActionInvoker.Rethrow(ActionExecutedContextSealed context)
   at Microsoft.AspNetCore.Mvc.Infrastructure.ControllerActionInvoker.Next(State& next, Scope& scope, Object& state, Boolean& isCompleted)
   at Microsoft.AspNetCore.Mvc.Infrastructure.ControllerActionInvoker.<InvokeInnerFilterAsync>g__Awaited|13_0(ControllerActionInvoker invoker, Task lastTask, State next, Scope scope, Object state, Boolean isCompleted)
   at Microsoft.AspNetCore.Mvc.Infrastructure.ResourceInvoker.<InvokeFilterPipelineAsync>g__Awaited|20_0(ResourceInvoker invoker, Task lastTask, State next, Scope scope, Object state, Boolean isCompleted)
   at Microsoft.AspNetCore.Mvc.Infrastructure.ResourceInvoker.<InvokeAsync>g__Awaited|17_0(ResourceInvoker invoker, Task task, IDisposable scope)
   at Microsoft.AspNetCore.Mvc.Infrastructure.ResourceInvoker.<InvokeAsync>g__Awaited|17_0(ResourceInvoker invoker, Task task, IDisposable scope)
   at Microsoft.AspNetCore.Diagnostics.ExceptionHandlerMiddlewareImpl.<Invoke>g__Awaited|10_0(ExceptionHandlerMiddlewareImpl middleware, HttpContext context, Task task)

