2024-09-26 12:48:54.261 +08:00  ERR  OTINFO TRANSPORT EMPTY DATA SENT-----SUCCESS----------{"status":"error","code":"102","msg":"api key buruu"}
2024-09-26 12:48:54.285 +08:00  ERR  OTINFO TRANSPORT DATA SENT-----BEGIN----------
2024-09-26 12:48:56.726 +08:00  ERR  Batch 1/91 sent. API response: {"status":"error","code":"102","msg":"api key buruu"}
2024-09-26 12:48:56.970 +08:00  ERR  Batch 2/91 sent. API response: {"status":"error","code":"102","msg":"api key buruu"}
2024-09-26 12:48:57.179 +08:00  ERR  Batch 3/91 sent. API response: {"status":"error","code":"102","msg":"api key buruu"}
2024-09-26 12:48:57.381 +08:00  ERR  Batch 4/91 sent. API response: {"status":"error","code":"102","msg":"api key buruu"}
2024-09-26 12:48:57.586 +08:00  ERR  Batch 5/91 sent. API response: {"status":"error","code":"102","msg":"api key buruu"}
2024-09-26 12:48:57.789 +08:00  ERR  Batch 6/91 sent. API response: {"status":"error","code":"102","msg":"api key buruu"}
2024-09-26 12:48:57.991 +08:00  ERR  Batch 7/91 sent. API response: {"status":"error","code":"102","msg":"api key buruu"}
2024-09-26 12:48:58.193 +08:00  ERR  Batch 8/91 sent. API response: {"status":"error","code":"102","msg":"api key buruu"}
2024-09-26 12:48:58.394 +08:00  ERR  Batch 9/91 sent. API response: {"status":"error","code":"102","msg":"api key buruu"}
2024-09-26 12:48:58.598 +08:00  ERR  Batch 10/91 sent. API response: {"status":"error","code":"102","msg":"api key buruu"}
2024-09-26 12:48:58.800 +08:00  ERR  Batch 11/91 sent. API response: {"status":"error","code":"102","msg":"api key buruu"}
2024-09-26 12:48:59.008 +08:00  ERR  Batch 12/91 sent. API response: {"status":"error","code":"102","msg":"api key buruu"}
2024-09-26 12:48:59.210 +08:00  ERR  Batch 13/91 sent. API response: {"status":"error","code":"102","msg":"api key buruu"}
2024-09-26 12:48:59.414 +08:00  ERR  Batch 14/91 sent. API response: {"status":"error","code":"102","msg":"api key buruu"}
2024-09-26 12:48:59.618 +08:00  ERR  Batch 15/91 sent. API response: {"status":"error","code":"102","msg":"api key buruu"}
2024-09-26 12:48:59.821 +08:00  ERR  Batch 16/91 sent. API response: {"status":"error","code":"102","msg":"api key buruu"}
2024-09-26 12:49:00.023 +08:00  ERR  Batch 17/91 sent. API response: {"status":"error","code":"102","msg":"api key buruu"}
2024-09-26 12:49:00.225 +08:00  ERR  Batch 18/91 sent. API response: {"status":"error","code":"102","msg":"api key buruu"}
2024-09-26 12:49:00.426 +08:00  ERR  Batch 19/91 sent. API response: {"status":"error","code":"102","msg":"api key buruu"}
2024-09-26 12:49:00.630 +08:00  ERR  Batch 20/91 sent. API response: {"status":"error","code":"102","msg":"api key buruu"}
2024-09-26 12:49:00.831 +08:00  ERR  Batch 21/91 sent. API response: {"status":"error","code":"102","msg":"api key buruu"}
2024-09-26 12:49:01.033 +08:00  ERR  Batch 22/91 sent. API response: {"status":"error","code":"102","msg":"api key buruu"}
2024-09-26 12:49:01.275 +08:00  ERR  Batch 23/91 sent. API response: {"status":"error","code":"102","msg":"api key buruu"}
2024-09-26 12:49:01.480 +08:00  ERR  Batch 24/91 sent. API response: {"status":"error","code":"102","msg":"api key buruu"}
2024-09-26 12:49:01.683 +08:00  ERR  Batch 25/91 sent. API response: {"status":"error","code":"102","msg":"api key buruu"}
2024-09-26 12:49:01.918 +08:00  ERR  Batch 26/91 sent. API response: {"status":"error","code":"102","msg":"api key buruu"}
2024-09-26 12:49:02.122 +08:00  ERR  Batch 27/91 sent. API response: {"status":"error","code":"102","msg":"api key buruu"}
2024-09-26 12:49:02.325 +08:00  ERR  Batch 28/91 sent. API response: {"status":"error","code":"102","msg":"api key buruu"}
2024-09-26 12:49:02.528 +08:00  ERR  Batch 29/91 sent. API response: {"status":"error","code":"102","msg":"api key buruu"}
2024-09-26 12:49:02.730 +08:00  ERR  Batch 30/91 sent. API response: {"status":"error","code":"102","msg":"api key buruu"}
2024-09-26 12:49:02.932 +08:00  ERR  Batch 31/91 sent. API response: {"status":"error","code":"102","msg":"api key buruu"}
2024-09-26 12:49:03.134 +08:00  ERR  Batch 32/91 sent. API response: {"status":"error","code":"102","msg":"api key buruu"}
2024-09-26 12:49:03.337 +08:00  ERR  Batch 33/91 sent. API response: {"status":"error","code":"102","msg":"api key buruu"}
2024-09-26 12:49:03.536 +08:00  ERR  Batch 34/91 sent. API response: {"status":"error","code":"102","msg":"api key buruu"}
2024-09-26 12:49:03.738 +08:00  ERR  Batch 35/91 sent. API response: {"status":"error","code":"102","msg":"api key buruu"}
2024-09-26 12:49:03.939 +08:00  ERR  Batch 36/91 sent. API response: {"status":"error","code":"102","msg":"api key buruu"}
2024-09-26 12:49:04.142 +08:00  ERR  Batch 37/91 sent. API response: {"status":"error","code":"102","msg":"api key buruu"}
2024-09-26 12:49:04.343 +08:00  ERR  Batch 38/91 sent. API response: {"status":"error","code":"102","msg":"api key buruu"}
2024-09-26 12:49:04.544 +08:00  ERR  Batch 39/91 sent. API response: {"status":"error","code":"102","msg":"api key buruu"}
2024-09-26 12:49:04.746 +08:00  ERR  Batch 40/91 sent. API response: {"status":"error","code":"102","msg":"api key buruu"}
2024-09-26 12:49:04.950 +08:00  ERR  Batch 41/91 sent. API response: {"status":"error","code":"102","msg":"api key buruu"}
2024-09-26 12:49:05.153 +08:00  ERR  Batch 42/91 sent. API response: {"status":"error","code":"102","msg":"api key buruu"}
2024-09-26 12:49:05.356 +08:00  ERR  Batch 43/91 sent. API response: {"status":"error","code":"102","msg":"api key buruu"}
2024-09-26 12:49:05.557 +08:00  ERR  Batch 44/91 sent. API response: {"status":"error","code":"102","msg":"api key buruu"}
2024-09-26 12:49:05.760 +08:00  ERR  Batch 45/91 sent. API response: {"status":"error","code":"102","msg":"api key buruu"}
2024-09-26 12:49:05.968 +08:00  ERR  Batch 46/91 sent. API response: {"status":"error","code":"102","msg":"api key buruu"}
2024-09-26 12:49:06.171 +08:00  ERR  Batch 47/91 sent. API response: {"status":"error","code":"102","msg":"api key buruu"}
2024-09-26 12:49:06.378 +08:00  ERR  Batch 48/91 sent. API response: {"status":"error","code":"102","msg":"api key buruu"}
2024-09-26 12:49:06.579 +08:00  ERR  Batch 49/91 sent. API response: {"status":"error","code":"102","msg":"api key buruu"}
2024-09-26 12:49:06.782 +08:00  ERR  Batch 50/91 sent. API response: {"status":"error","code":"102","msg":"api key buruu"}
2024-09-26 12:49:06.983 +08:00  ERR  Batch 51/91 sent. API response: {"status":"error","code":"102","msg":"api key buruu"}
2024-09-26 12:49:07.187 +08:00  ERR  Batch 52/91 sent. API response: {"status":"error","code":"102","msg":"api key buruu"}
2024-09-26 12:49:07.388 +08:00  ERR  Batch 53/91 sent. API response: {"status":"error","code":"102","msg":"api key buruu"}
2024-09-26 12:49:07.590 +08:00  ERR  Batch 54/91 sent. API response: {"status":"error","code":"102","msg":"api key buruu"}
2024-09-26 12:49:07.792 +08:00  ERR  Batch 55/91 sent. API response: {"status":"error","code":"102","msg":"api key buruu"}
2024-09-26 12:49:07.994 +08:00  ERR  Batch 56/91 sent. API response: {"status":"error","code":"102","msg":"api key buruu"}
2024-09-26 12:49:08.196 +08:00  ERR  Batch 57/91 sent. API response: {"status":"error","code":"102","msg":"api key buruu"}
2024-09-26 12:49:08.397 +08:00  ERR  Batch 58/91 sent. API response: {"status":"error","code":"102","msg":"api key buruu"}
2024-09-26 12:49:08.600 +08:00  ERR  Batch 59/91 sent. API response: {"status":"error","code":"102","msg":"api key buruu"}
2024-09-26 12:49:08.804 +08:00  ERR  Batch 60/91 sent. API response: {"status":"error","code":"102","msg":"api key buruu"}
2024-09-26 12:49:09.005 +08:00  ERR  Batch 61/91 sent. API response: {"status":"error","code":"102","msg":"api key buruu"}
2024-09-26 12:49:09.205 +08:00  ERR  Batch 62/91 sent. API response: {"status":"error","code":"102","msg":"api key buruu"}
2024-09-26 12:49:09.406 +08:00  ERR  Batch 63/91 sent. API response: {"status":"error","code":"102","msg":"api key buruu"}
2024-09-26 12:49:09.608 +08:00  ERR  Batch 64/91 sent. API response: {"status":"error","code":"102","msg":"api key buruu"}
2024-09-26 12:49:09.845 +08:00  ERR  Batch 65/91 sent. API response: {"status":"error","code":"102","msg":"api key buruu"}
2024-09-26 12:49:10.049 +08:00  ERR  Batch 66/91 sent. API response: {"status":"error","code":"102","msg":"api key buruu"}
2024-09-26 12:49:10.290 +08:00  ERR  Batch 67/91 sent. API response: {"status":"error","code":"102","msg":"api key buruu"}
2024-09-26 12:49:10.493 +08:00  ERR  Batch 68/91 sent. API response: {"status":"error","code":"102","msg":"api key buruu"}
2024-09-26 12:49:10.770 +08:00  ERR  Batch 69/91 sent. API response: {"status":"error","code":"102","msg":"api key buruu"}
2024-09-26 12:49:10.971 +08:00  ERR  Batch 70/91 sent. API response: {"status":"error","code":"102","msg":"api key buruu"}
2024-09-26 12:49:11.175 +08:00  ERR  Batch 71/91 sent. API response: {"status":"error","code":"102","msg":"api key buruu"}
2024-09-26 12:49:11.383 +08:00  ERR  Batch 72/91 sent. API response: {"status":"error","code":"102","msg":"api key buruu"}
2024-09-26 12:49:11.586 +08:00  ERR  Batch 73/91 sent. API response: {"status":"error","code":"102","msg":"api key buruu"}
2024-09-26 12:49:11.827 +08:00  ERR  Batch 74/91 sent. API response: {"status":"error","code":"102","msg":"api key buruu"}
2024-09-26 12:49:12.068 +08:00  ERR  Batch 75/91 sent. API response: {"status":"error","code":"102","msg":"api key buruu"}
2024-09-26 12:49:12.315 +08:00  ERR  Batch 76/91 sent. API response: {"status":"error","code":"102","msg":"api key buruu"}
2024-09-26 12:49:12.564 +08:00  ERR  Batch 77/91 sent. API response: {"status":"error","code":"102","msg":"api key buruu"}
2024-09-26 12:49:12.814 +08:00  ERR  Batch 78/91 sent. API response: {"status":"error","code":"102","msg":"api key buruu"}
2024-09-26 12:49:13.073 +08:00  ERR  Batch 79/91 sent. API response: {"status":"error","code":"102","msg":"api key buruu"}
2024-09-26 12:49:13.330 +08:00  ERR  Batch 80/91 sent. API response: {"status":"error","code":"102","msg":"api key buruu"}
2024-09-26 12:49:13.582 +08:00  ERR  Batch 81/91 sent. API response: {"status":"error","code":"102","msg":"api key buruu"}
2024-09-26 12:49:13.836 +08:00  ERR  Batch 82/91 sent. API response: {"status":"error","code":"102","msg":"api key buruu"}
2024-09-26 12:49:14.093 +08:00  ERR  Batch 83/91 sent. API response: {"status":"error","code":"102","msg":"api key buruu"}
2024-09-26 12:49:14.354 +08:00  ERR  Batch 84/91 sent. API response: {"status":"error","code":"102","msg":"api key buruu"}
2024-09-26 12:49:14.615 +08:00  ERR  Batch 85/91 sent. API response: {"status":"error","code":"102","msg":"api key buruu"}
2024-09-26 12:49:14.881 +08:00  ERR  Batch 86/91 sent. API response: {"status":"error","code":"102","msg":"api key buruu"}
2024-09-26 12:49:15.146 +08:00  ERR  Batch 87/91 sent. API response: {"status":"error","code":"102","msg":"api key buruu"}
2024-09-26 12:49:15.410 +08:00  ERR  Batch 88/91 sent. API response: {"status":"error","code":"102","msg":"api key buruu"}
2024-09-26 12:49:15.673 +08:00  ERR  Batch 89/91 sent. API response: {"status":"error","code":"102","msg":"api key buruu"}
2024-09-26 12:49:15.937 +08:00  ERR  Batch 90/91 sent. API response: {"status":"error","code":"102","msg":"api key buruu"}
2024-09-26 12:49:16.237 +08:00  ERR  Batch 91/91 sent. API response: {"status":"error","code":"102","msg":"api key buruu"}
2024-09-26 12:49:16.238 +08:00  ERR  OTINFO TRANSPORT DATA SENT-----END----------
2024-09-26 12:51:24.203 +08:00  ERR  OTINFO TRANSPORT EMPTY DATA SENT-----SUCCESS----------{"status":"error","code":"102","msg":"api key buruu"}
2024-09-26 12:51:24.206 +08:00  ERR  OTINFO TRANSPORT DATA MANUAL SENT-----BEGIN----------
2024-09-26 12:51:26.280 +08:00  ERR  Batch 1/19 sent. API response: {"status":"error","code":"102","msg":"api key buruu"}
2024-09-26 12:51:26.786 +08:00  ERR  Batch 2/19 sent. API response: {"status":"error","code":"102","msg":"api key buruu"}
2024-09-26 12:51:27.295 +08:00  ERR  Batch 3/19 sent. API response: {"status":"error","code":"102","msg":"api key buruu"}
2024-09-26 12:51:27.801 +08:00  ERR  Batch 4/19 sent. API response: {"status":"error","code":"102","msg":"api key buruu"}
2024-09-26 12:51:28.308 +08:00  ERR  Batch 5/19 sent. API response: {"status":"error","code":"102","msg":"api key buruu"}
2024-09-26 12:51:28.817 +08:00  ERR  Batch 6/19 sent. API response: {"status":"error","code":"102","msg":"api key buruu"}
2024-09-26 12:51:29.329 +08:00  ERR  Batch 7/19 sent. API response: {"status":"error","code":"102","msg":"api key buruu"}
2024-09-26 12:51:29.838 +08:00  ERR  Batch 8/19 sent. API response: {"status":"error","code":"102","msg":"api key buruu"}
2024-09-26 12:51:30.346 +08:00  ERR  Batch 9/19 sent. API response: {"status":"error","code":"102","msg":"api key buruu"}
2024-09-26 12:51:30.861 +08:00  ERR  Batch 10/19 sent. API response: {"status":"error","code":"102","msg":"api key buruu"}
2024-09-26 12:51:31.368 +08:00  ERR  Batch 11/19 sent. API response: {"status":"error","code":"102","msg":"api key buruu"}
2024-09-26 12:51:31.874 +08:00  ERR  Batch 12/19 sent. API response: {"status":"error","code":"102","msg":"api key buruu"}
2024-09-26 12:51:32.403 +08:00  ERR  Batch 13/19 sent. API response: {"status":"error","code":"102","msg":"api key buruu"}
2024-09-26 12:51:32.966 +08:00  ERR  Batch 14/19 sent. API response: {"status":"error","code":"102","msg":"api key buruu"}
2024-09-26 12:51:33.594 +08:00  ERR  Batch 15/19 sent. API response: {"status":"error","code":"102","msg":"api key buruu"}
2024-09-26 12:51:34.212 +08:00  ERR  Batch 16/19 sent. API response: {"status":"error","code":"102","msg":"api key buruu"}
2024-09-26 12:51:34.858 +08:00  ERR  Batch 17/19 sent. API response: {"status":"error","code":"102","msg":"api key buruu"}
2024-09-26 12:51:35.498 +08:00  ERR  Batch 18/19 sent. API response: {"status":"error","code":"102","msg":"api key buruu"}
2024-09-26 12:51:35.785 +08:00  ERR  Batch 19/19 sent. API response: {"status":"error","code":"102","msg":"api key buruu"}
2024-09-26 12:51:35.785 +08:00  ERR  OTINFO TRANSPORT DATA MANUAL SENT-----END----------
2024-09-26 12:58:52.788 +08:00  ERR  OTINFO TRANSPORT EMPTY DATA SENT-----SUCCESS----------{"status":"error","code":"102","msg":"api key buruu"}
2024-09-26 12:58:52.788 +08:00  ERR  OTINFO TRANSPORT DATA SENT-----BEGIN----------
2024-09-26 12:58:54.272 +08:00  ERR  Batch 1/91 sent. API response: {"status":"error","code":"102","msg":"api key buruu"}
2024-09-26 12:58:54.514 +08:00  ERR  Batch 2/91 sent. API response: {"status":"error","code":"102","msg":"api key buruu"}
2024-09-26 12:58:54.717 +08:00  ERR  Batch 3/91 sent. API response: {"status":"error","code":"102","msg":"api key buruu"}
2024-09-26 12:58:54.918 +08:00  ERR  Batch 4/91 sent. API response: {"status":"error","code":"102","msg":"api key buruu"}
2024-09-26 12:58:55.120 +08:00  ERR  Batch 5/91 sent. API response: {"status":"error","code":"102","msg":"api key buruu"}
2024-09-26 12:58:55.323 +08:00  ERR  Batch 6/91 sent. API response: {"status":"error","code":"102","msg":"api key buruu"}
2024-09-26 12:58:55.529 +08:00  ERR  Batch 7/91 sent. API response: {"status":"error","code":"102","msg":"api key buruu"}
2024-09-26 12:58:55.732 +08:00  ERR  Batch 8/91 sent. API response: {"status":"error","code":"102","msg":"api key buruu"}
2024-09-26 12:58:55.936 +08:00  ERR  Batch 9/91 sent. API response: {"status":"error","code":"102","msg":"api key buruu"}
2024-09-26 12:58:56.140 +08:00  ERR  Batch 10/91 sent. API response: {"status":"error","code":"102","msg":"api key buruu"}
2024-09-26 12:58:56.344 +08:00  ERR  Batch 11/91 sent. API response: {"status":"error","code":"102","msg":"api key buruu"}
2024-09-26 12:58:56.547 +08:00  ERR  Batch 12/91 sent. API response: {"status":"error","code":"102","msg":"api key buruu"}
2024-09-26 12:58:56.749 +08:00  ERR  Batch 13/91 sent. API response: {"status":"error","code":"102","msg":"api key buruu"}
2024-09-26 12:58:56.949 +08:00  ERR  Batch 14/91 sent. API response: {"status":"error","code":"102","msg":"api key buruu"}
2024-09-26 12:58:57.152 +08:00  ERR  Batch 15/91 sent. API response: {"status":"error","code":"102","msg":"api key buruu"}
2024-09-26 12:58:57.355 +08:00  ERR  Batch 16/91 sent. API response: {"status":"error","code":"102","msg":"api key buruu"}
2024-09-26 12:58:57.557 +08:00  ERR  Batch 17/91 sent. API response: {"status":"error","code":"102","msg":"api key buruu"}
2024-09-26 12:58:57.759 +08:00  ERR  Batch 18/91 sent. API response: {"status":"error","code":"102","msg":"api key buruu"}
2024-09-26 12:58:57.962 +08:00  ERR  Batch 19/91 sent. API response: {"status":"error","code":"102","msg":"api key buruu"}
2024-09-26 12:58:58.165 +08:00  ERR  Batch 20/91 sent. API response: {"status":"error","code":"102","msg":"api key buruu"}
2024-09-26 12:58:58.366 +08:00  ERR  Batch 21/91 sent. API response: {"status":"error","code":"102","msg":"api key buruu"}
2024-09-26 12:58:58.569 +08:00  ERR  Batch 22/91 sent. API response: {"status":"error","code":"102","msg":"api key buruu"}
2024-09-26 12:58:58.772 +08:00  ERR  Batch 23/91 sent. API response: {"status":"error","code":"102","msg":"api key buruu"}
2024-09-26 12:58:58.973 +08:00  ERR  Batch 24/91 sent. API response: {"status":"error","code":"102","msg":"api key buruu"}
2024-09-26 12:58:59.177 +08:00  ERR  Batch 25/91 sent. API response: {"status":"error","code":"102","msg":"api key buruu"}
2024-09-26 12:58:59.380 +08:00  ERR  Batch 26/91 sent. API response: {"status":"error","code":"102","msg":"api key buruu"}
2024-09-26 12:58:59.583 +08:00  ERR  Batch 27/91 sent. API response: {"status":"error","code":"102","msg":"api key buruu"}
2024-09-26 12:58:59.785 +08:00  ERR  Batch 28/91 sent. API response: {"status":"error","code":"102","msg":"api key buruu"}
2024-09-26 12:58:59.986 +08:00  ERR  Batch 29/91 sent. API response: {"status":"error","code":"102","msg":"api key buruu"}
2024-09-26 12:59:00.188 +08:00  ERR  Batch 30/91 sent. API response: {"status":"error","code":"102","msg":"api key buruu"}
2024-09-26 12:59:00.390 +08:00  ERR  Batch 31/91 sent. API response: {"status":"error","code":"102","msg":"api key buruu"}
2024-09-26 12:59:00.594 +08:00  ERR  Batch 32/91 sent. API response: {"status":"error","code":"102","msg":"api key buruu"}
2024-09-26 12:59:00.795 +08:00  ERR  Batch 33/91 sent. API response: {"status":"error","code":"102","msg":"api key buruu"}
2024-09-26 12:59:00.994 +08:00  ERR  Batch 34/91 sent. API response: {"status":"error","code":"102","msg":"api key buruu"}
2024-09-26 12:59:01.196 +08:00  ERR  Batch 35/91 sent. API response: {"status":"error","code":"102","msg":"api key buruu"}
2024-09-26 12:59:01.396 +08:00  ERR  Batch 36/91 sent. API response: {"status":"error","code":"102","msg":"api key buruu"}
2024-09-26 12:59:01.597 +08:00  ERR  Batch 37/91 sent. API response: {"status":"error","code":"102","msg":"api key buruu"}
2024-09-26 12:59:01.801 +08:00  ERR  Batch 38/91 sent. API response: {"status":"error","code":"102","msg":"api key buruu"}
2024-09-26 12:59:02.002 +08:00  ERR  Batch 39/91 sent. API response: {"status":"error","code":"102","msg":"api key buruu"}
2024-09-26 12:59:02.204 +08:00  ERR  Batch 40/91 sent. API response: {"status":"error","code":"102","msg":"api key buruu"}
2024-09-26 12:59:02.407 +08:00  ERR  Batch 41/91 sent. API response: {"status":"error","code":"102","msg":"api key buruu"}
2024-09-26 12:59:02.606 +08:00  ERR  Batch 42/91 sent. API response: {"status":"error","code":"102","msg":"api key buruu"}
2024-09-26 12:59:02.810 +08:00  ERR  Batch 43/91 sent. API response: {"status":"error","code":"102","msg":"api key buruu"}
2024-09-26 12:59:03.013 +08:00  ERR  Batch 44/91 sent. API response: {"status":"error","code":"102","msg":"api key buruu"}
2024-09-26 12:59:03.218 +08:00  ERR  Batch 45/91 sent. API response: {"status":"error","code":"102","msg":"api key buruu"}
2024-09-26 12:59:03.426 +08:00  ERR  Batch 46/91 sent. API response: {"status":"error","code":"102","msg":"api key buruu"}
2024-09-26 12:59:03.632 +08:00  ERR  Batch 47/91 sent. API response: {"status":"error","code":"102","msg":"api key buruu"}
2024-09-26 12:59:03.836 +08:00  ERR  Batch 48/91 sent. API response: {"status":"error","code":"102","msg":"api key buruu"}
2024-09-26 12:59:04.036 +08:00  ERR  Batch 49/91 sent. API response: {"status":"error","code":"102","msg":"api key buruu"}
2024-09-26 12:59:04.235 +08:00  ERR  Batch 50/91 sent. API response: {"status":"error","code":"102","msg":"api key buruu"}
2024-09-26 12:59:04.438 +08:00  ERR  Batch 51/91 sent. API response: {"status":"error","code":"102","msg":"api key buruu"}
2024-09-26 12:59:04.638 +08:00  ERR  Batch 52/91 sent. API response: {"status":"error","code":"102","msg":"api key buruu"}
2024-09-26 12:59:04.838 +08:00  ERR  Batch 53/91 sent. API response: {"status":"error","code":"102","msg":"api key buruu"}
2024-09-26 12:59:05.043 +08:00  ERR  Batch 54/91 sent. API response: {"status":"error","code":"102","msg":"api key buruu"}
2024-09-26 12:59:05.243 +08:00  ERR  Batch 55/91 sent. API response: {"status":"error","code":"102","msg":"api key buruu"}
2024-09-26 12:59:05.447 +08:00  ERR  Batch 56/91 sent. API response: {"status":"error","code":"102","msg":"api key buruu"}
2024-09-26 12:59:05.650 +08:00  ERR  Batch 57/91 sent. API response: {"status":"error","code":"102","msg":"api key buruu"}
2024-09-26 12:59:05.852 +08:00  ERR  Batch 58/91 sent. API response: {"status":"error","code":"102","msg":"api key buruu"}
2024-09-26 12:59:06.060 +08:00  ERR  Batch 59/91 sent. API response: {"status":"error","code":"102","msg":"api key buruu"}
2024-09-26 12:59:06.264 +08:00  ERR  Batch 60/91 sent. API response: {"status":"error","code":"102","msg":"api key buruu"}
2024-09-26 12:59:06.469 +08:00  ERR  Batch 61/91 sent. API response: {"status":"error","code":"102","msg":"api key buruu"}
2024-09-26 12:59:06.676 +08:00  ERR  Batch 62/91 sent. API response: {"status":"error","code":"102","msg":"api key buruu"}
2024-09-26 12:59:06.877 +08:00  ERR  Batch 63/91 sent. API response: {"status":"error","code":"102","msg":"api key buruu"}
2024-09-26 12:59:07.078 +08:00  ERR  Batch 64/91 sent. API response: {"status":"error","code":"102","msg":"api key buruu"}
2024-09-26 12:59:07.320 +08:00  ERR  Batch 65/91 sent. API response: {"status":"error","code":"102","msg":"api key buruu"}
2024-09-26 12:59:07.523 +08:00  ERR  Batch 66/91 sent. API response: {"status":"error","code":"102","msg":"api key buruu"}
2024-09-26 12:59:07.725 +08:00  ERR  Batch 67/91 sent. API response: {"status":"error","code":"102","msg":"api key buruu"}
2024-09-26 12:59:07.927 +08:00  ERR  Batch 68/91 sent. API response: {"status":"error","code":"102","msg":"api key buruu"}
2024-09-26 12:59:08.129 +08:00  ERR  Batch 69/91 sent. API response: {"status":"error","code":"102","msg":"api key buruu"}
2024-09-26 12:59:08.332 +08:00  ERR  Batch 70/91 sent. API response: {"status":"error","code":"102","msg":"api key buruu"}
2024-09-26 12:59:08.533 +08:00  ERR  Batch 71/91 sent. API response: {"status":"error","code":"102","msg":"api key buruu"}
2024-09-26 12:59:08.740 +08:00  ERR  Batch 72/91 sent. API response: {"status":"error","code":"102","msg":"api key buruu"}
2024-09-26 12:59:08.945 +08:00  ERR  Batch 73/91 sent. API response: {"status":"error","code":"102","msg":"api key buruu"}
2024-09-26 12:59:09.146 +08:00  ERR  Batch 74/91 sent. API response: {"status":"error","code":"102","msg":"api key buruu"}
2024-09-26 12:59:09.353 +08:00  ERR  Batch 75/91 sent. API response: {"status":"error","code":"102","msg":"api key buruu"}
2024-09-26 12:59:09.553 +08:00  ERR  Batch 76/91 sent. API response: {"status":"error","code":"102","msg":"api key buruu"}
2024-09-26 12:59:09.756 +08:00  ERR  Batch 77/91 sent. API response: {"status":"error","code":"102","msg":"api key buruu"}
2024-09-26 12:59:09.966 +08:00  ERR  Batch 78/91 sent. API response: {"status":"error","code":"102","msg":"api key buruu"}
2024-09-26 12:59:10.166 +08:00  ERR  Batch 79/91 sent. API response: {"status":"error","code":"102","msg":"api key buruu"}
2024-09-26 12:59:10.368 +08:00  ERR  Batch 80/91 sent. API response: {"status":"error","code":"102","msg":"api key buruu"}
2024-09-26 12:59:10.569 +08:00  ERR  Batch 81/91 sent. API response: {"status":"error","code":"102","msg":"api key buruu"}
2024-09-26 12:59:10.770 +08:00  ERR  Batch 82/91 sent. API response: {"status":"error","code":"102","msg":"api key buruu"}
2024-09-26 12:59:10.973 +08:00  ERR  Batch 83/91 sent. API response: {"status":"error","code":"102","msg":"api key buruu"}
2024-09-26 12:59:11.180 +08:00  ERR  Batch 84/91 sent. API response: {"status":"error","code":"102","msg":"api key buruu"}
2024-09-26 12:59:11.390 +08:00  ERR  Batch 85/91 sent. API response: {"status":"error","code":"102","msg":"api key buruu"}
2024-09-26 12:59:11.592 +08:00  ERR  Batch 86/91 sent. API response: {"status":"error","code":"102","msg":"api key buruu"}
2024-09-26 12:59:11.793 +08:00  ERR  Batch 87/91 sent. API response: {"status":"error","code":"102","msg":"api key buruu"}
2024-09-26 12:59:11.995 +08:00  ERR  Batch 88/91 sent. API response: {"status":"error","code":"102","msg":"api key buruu"}
2024-09-26 12:59:12.194 +08:00  ERR  Batch 89/91 sent. API response: {"status":"error","code":"102","msg":"api key buruu"}
2024-09-26 12:59:12.397 +08:00  ERR  Batch 90/91 sent. API response: {"status":"error","code":"102","msg":"api key buruu"}
2024-09-26 12:59:12.597 +08:00  ERR  Batch 91/91 sent. API response: {"status":"error","code":"102","msg":"api key buruu"}
2024-09-26 12:59:12.597 +08:00  ERR  OTINFO TRANSPORT DATA SENT-----END----------
2024-09-26 13:03:45.902 +08:00  ERR  OTINFO TRANSPORT EMPTY DATA SENT-----SUCCESS----------{"status":"ok","code":"200","msg":"huselt amjilttai! Empty hiisen."}
2024-09-26 13:03:45.921 +08:00  ERR  OTINFO TRANSPORT DATA SENT-----BEGIN----------
2024-09-26 13:03:48.593 +08:00  ERR  Batch 1/91 sent. API response: {"status":"ok","code":"200","msg":"huselt amjilttai!","count":"1000"}
2024-09-26 13:03:49.334 +08:00  ERR  Batch 2/91 sent. API response: {"status":"ok","code":"200","msg":"huselt amjilttai!","count":"1000"}
2024-09-26 13:03:49.995 +08:00  ERR  Batch 3/91 sent. API response: {"status":"ok","code":"200","msg":"huselt amjilttai!","count":"1000"}
2024-09-26 13:03:50.693 +08:00  ERR  Batch 4/91 sent. API response: {"status":"ok","code":"200","msg":"huselt amjilttai!","count":"1000"}
2024-09-26 13:03:51.696 +08:00  ERR  Batch 5/91 sent. API response: {"status":"ok","code":"200","msg":"huselt amjilttai!","count":"1000"}
2024-09-26 13:03:52.421 +08:00  ERR  Batch 6/91 sent. API response: {"status":"ok","code":"200","msg":"huselt amjilttai!","count":"1000"}
2024-09-26 13:03:53.035 +08:00  ERR  Batch 7/91 sent. API response: {"status":"ok","code":"200","msg":"huselt amjilttai!","count":"1000"}
2024-09-26 13:03:53.688 +08:00  ERR  Batch 8/91 sent. API response: {"status":"ok","code":"200","msg":"huselt amjilttai!","count":"1000"}
2024-09-26 13:03:54.356 +08:00  ERR  Batch 9/91 sent. API response: {"status":"ok","code":"200","msg":"huselt amjilttai!","count":"1000"}
2024-09-26 13:03:55.027 +08:00  ERR  Batch 10/91 sent. API response: {"status":"ok","code":"200","msg":"huselt amjilttai!","count":"1000"}
2024-09-26 13:03:55.693 +08:00  ERR  Batch 11/91 sent. API response: {"status":"ok","code":"200","msg":"huselt amjilttai!","count":"1000"}
2024-09-26 13:03:56.389 +08:00  ERR  Batch 12/91 sent. API response: {"status":"ok","code":"200","msg":"huselt amjilttai!","count":"1000"}
2024-09-26 13:03:57.018 +08:00  ERR  Batch 13/91 sent. API response: {"status":"ok","code":"200","msg":"huselt amjilttai!","count":"1000"}
2024-09-26 13:03:57.653 +08:00  ERR  Batch 14/91 sent. API response: {"status":"ok","code":"200","msg":"huselt amjilttai!","count":"1000"}
2024-09-26 13:03:58.314 +08:00  ERR  Batch 15/91 sent. API response: {"status":"ok","code":"200","msg":"huselt amjilttai!","count":"1000"}
2024-09-26 13:03:58.960 +08:00  ERR  Batch 16/91 sent. API response: {"status":"ok","code":"200","msg":"huselt amjilttai!","count":"1000"}
2024-09-26 13:03:59.603 +08:00  ERR  Batch 17/91 sent. API response: {"status":"ok","code":"200","msg":"huselt amjilttai!","count":"1000"}
2024-09-26 13:04:00.249 +08:00  ERR  Batch 18/91 sent. API response: {"status":"ok","code":"200","msg":"huselt amjilttai!","count":"1000"}
2024-09-26 13:04:00.958 +08:00  ERR  Batch 19/91 sent. API response: {"status":"ok","code":"200","msg":"huselt amjilttai!","count":"1000"}
2024-09-26 13:04:01.605 +08:00  ERR  Batch 20/91 sent. API response: {"status":"ok","code":"200","msg":"huselt amjilttai!","count":"1000"}
2024-09-26 13:04:02.265 +08:00  ERR  Batch 21/91 sent. API response: {"status":"ok","code":"200","msg":"huselt amjilttai!","count":"1000"}
2024-09-26 13:04:02.582 +08:00  ERR  OTINFO TRANSPORT EMPTY DATA SENT-----SUCCESS----------{"status":"ok","code":"200","msg":"huselt amjilttai! Empty hiisen."}
2024-09-26 13:04:02.583 +08:00  ERR  OTINFO TRANSPORT DATA MANUAL SENT-----BEGIN----------
2024-09-26 13:04:02.919 +08:00  ERR  Batch 22/91 sent. API response: {"status":"ok","code":"200","msg":"huselt amjilttai!","count":"1000"}
2024-09-26 13:04:03.565 +08:00  ERR  Batch 23/91 sent. API response: {"status":"ok","code":"200","msg":"huselt amjilttai!","count":"1000"}
2024-09-26 13:04:04.236 +08:00  ERR  Batch 24/91 sent. API response: {"status":"ok","code":"200","msg":"huselt amjilttai!","count":"1000"}
2024-09-26 13:04:04.985 +08:00  ERR  Batch 25/91 sent. API response: {"status":"ok","code":"200","msg":"huselt amjilttai!","count":"1000"}
2024-09-26 13:04:05.706 +08:00  ERR  Batch 26/91 sent. API response: {"status":"ok","code":"200","msg":"huselt amjilttai!","count":"1000"}
2024-09-26 13:04:06.466 +08:00  ERR  Batch 27/91 sent. API response: {"status":"ok","code":"200","msg":"huselt amjilttai!","count":"1000"}
2024-09-26 13:04:07.057 +08:00  ERR  Batch 1/19 sent. API response: {"status":"ok","code":"200","msg":"huselt amjilttai!","count":"5000"}
2024-09-26 13:04:07.147 +08:00  ERR  Batch 28/91 sent. API response: {"status":"ok","code":"200","msg":"huselt amjilttai!","count":"1000"}
2024-09-26 13:04:07.849 +08:00  ERR  Batch 29/91 sent. API response: {"status":"ok","code":"200","msg":"huselt amjilttai!","count":"1000"}
2024-09-26 13:04:08.559 +08:00  ERR  Batch 30/91 sent. API response: {"status":"ok","code":"200","msg":"huselt amjilttai!","count":"1000"}
2024-09-26 13:04:09.266 +08:00  ERR  Batch 31/91 sent. API response: {"status":"ok","code":"200","msg":"huselt amjilttai!","count":"1000"}
2024-09-26 13:04:09.918 +08:00  ERR  Batch 2/19 sent. API response: {"status":"ok","code":"200","msg":"huselt amjilttai!","count":"5000"}
2024-09-26 13:04:09.954 +08:00  ERR  Batch 32/91 sent. API response: {"status":"ok","code":"200","msg":"huselt amjilttai!","count":"1000"}
2024-09-26 13:04:10.796 +08:00  ERR  Batch 33/91 sent. API response: {"status":"ok","code":"200","msg":"huselt amjilttai!","count":"1000"}
2024-09-26 13:04:11.579 +08:00  ERR  Batch 34/91 sent. API response: {"status":"ok","code":"200","msg":"huselt amjilttai!","count":"1000"}
2024-09-26 13:04:12.315 +08:00  ERR  Batch 35/91 sent. API response: {"status":"ok","code":"200","msg":"huselt amjilttai!","count":"1000"}
2024-09-26 13:04:12.788 +08:00  ERR  Batch 3/19 sent. API response: {"status":"ok","code":"200","msg":"huselt amjilttai!","count":"5000"}
2024-09-26 13:04:12.993 +08:00  ERR  Batch 36/91 sent. API response: {"status":"ok","code":"200","msg":"huselt amjilttai!","count":"1000"}
2024-09-26 13:04:13.807 +08:00  ERR  Batch 37/91 sent. API response: {"status":"ok","code":"200","msg":"huselt amjilttai!","count":"1000"}
2024-09-26 13:04:14.516 +08:00  ERR  Batch 38/91 sent. API response: {"status":"ok","code":"200","msg":"huselt amjilttai!","count":"1000"}
2024-09-26 13:04:15.253 +08:00  ERR  Batch 39/91 sent. API response: {"status":"ok","code":"200","msg":"huselt amjilttai!","count":"1000"}
2024-09-26 13:04:15.698 +08:00  ERR  Batch 4/19 sent. API response: {"status":"ok","code":"200","msg":"huselt amjilttai!","count":"5000"}
2024-09-26 13:04:15.916 +08:00  ERR  Batch 40/91 sent. API response: {"status":"ok","code":"200","msg":"huselt amjilttai!","count":"1000"}
2024-09-26 13:04:16.796 +08:00  ERR  Batch 41/91 sent. API response: {"status":"ok","code":"200","msg":"huselt amjilttai!","count":"1000"}
2024-09-26 13:04:17.591 +08:00  ERR  Batch 42/91 sent. API response: {"status":"ok","code":"200","msg":"huselt amjilttai!","count":"1000"}
2024-09-26 13:04:18.414 +08:00  ERR  Batch 43/91 sent. API response: {"status":"ok","code":"200","msg":"huselt amjilttai!","count":"1000"}
2024-09-26 13:04:19.017 +08:00  ERR  Batch 5/19 sent. API response: {"status":"ok","code":"200","msg":"huselt amjilttai!","count":"5000"}
2024-09-26 13:04:19.111 +08:00  ERR  Batch 44/91 sent. API response: {"status":"ok","code":"200","msg":"huselt amjilttai!","count":"1000"}
2024-09-26 13:04:20.028 +08:00  ERR  Batch 45/91 sent. API response: {"status":"ok","code":"200","msg":"huselt amjilttai!","count":"1000"}
2024-09-26 13:04:20.875 +08:00  ERR  Batch 46/91 sent. API response: {"status":"ok","code":"200","msg":"huselt amjilttai!","count":"1000"}
2024-09-26 13:04:21.686 +08:00  ERR  Batch 47/91 sent. API response: {"status":"ok","code":"200","msg":"huselt amjilttai!","count":"1000"}
2024-09-26 13:04:22.431 +08:00  ERR  Batch 48/91 sent. API response: {"status":"ok","code":"200","msg":"huselt amjilttai!","count":"1000"}
2024-09-26 13:04:22.436 +08:00  ERR  Batch 6/19 sent. API response: {"status":"ok","code":"200","msg":"huselt amjilttai!","count":"5000"}
2024-09-26 13:04:23.101 +08:00  ERR  Batch 49/91 sent. API response: {"status":"ok","code":"200","msg":"huselt amjilttai!","count":"1000"}
2024-09-26 13:04:23.923 +08:00  ERR  Batch 50/91 sent. API response: {"status":"ok","code":"200","msg":"huselt amjilttai!","count":"1000"}
2024-09-26 13:04:24.785 +08:00  ERR  Batch 51/91 sent. API response: {"status":"ok","code":"200","msg":"huselt amjilttai!","count":"1000"}
2024-09-26 13:04:25.686 +08:00  ERR  Batch 52/91 sent. API response: {"status":"ok","code":"200","msg":"huselt amjilttai!","count":"1000"}
2024-09-26 13:04:25.930 +08:00  ERR  Batch 7/19 sent. API response: {"status":"ok","code":"200","msg":"huselt amjilttai!","count":"5000"}
2024-09-26 13:04:26.417 +08:00  ERR  Batch 53/91 sent. API response: {"status":"ok","code":"200","msg":"huselt amjilttai!","count":"1000"}
2024-09-26 13:04:27.253 +08:00  ERR  Batch 54/91 sent. API response: {"status":"ok","code":"200","msg":"huselt amjilttai!","count":"1000"}
2024-09-26 13:04:28.071 +08:00  ERR  Batch 55/91 sent. API response: {"status":"ok","code":"200","msg":"huselt amjilttai!","count":"1000"}
2024-09-26 13:04:28.923 +08:00  ERR  Batch 56/91 sent. API response: {"status":"ok","code":"200","msg":"huselt amjilttai!","count":"1000"}
2024-09-26 13:04:29.339 +08:00  ERR  Batch 8/19 sent. API response: {"status":"ok","code":"200","msg":"huselt amjilttai!","count":"5000"}
2024-09-26 13:04:29.583 +08:00  ERR  Batch 57/91 sent. API response: {"status":"ok","code":"200","msg":"huselt amjilttai!","count":"1000"}
2024-09-26 13:04:30.544 +08:00  ERR  Batch 58/91 sent. API response: {"status":"ok","code":"200","msg":"huselt amjilttai!","count":"1000"}
2024-09-26 13:04:31.394 +08:00  ERR  Batch 59/91 sent. API response: {"status":"ok","code":"200","msg":"huselt amjilttai!","count":"1000"}
2024-09-26 13:04:32.266 +08:00  ERR  Batch 60/91 sent. API response: {"status":"ok","code":"200","msg":"huselt amjilttai!","count":"1000"}
2024-09-26 13:04:32.697 +08:00  ERR  Batch 9/19 sent. API response: {"status":"ok","code":"200","msg":"huselt amjilttai!","count":"5000"}
2024-09-26 13:04:33.013 +08:00  ERR  Batch 61/91 sent. API response: {"status":"ok","code":"200","msg":"huselt amjilttai!","count":"1000"}
2024-09-26 13:04:33.950 +08:00  ERR  Batch 62/91 sent. API response: {"status":"ok","code":"200","msg":"huselt amjilttai!","count":"1000"}
2024-09-26 13:04:34.789 +08:00  ERR  Batch 63/91 sent. API response: {"status":"ok","code":"200","msg":"huselt amjilttai!","count":"1000"}
2024-09-26 13:04:35.675 +08:00  ERR  Batch 64/91 sent. API response: {"status":"ok","code":"200","msg":"huselt amjilttai!","count":"1000"}
2024-09-26 13:04:36.134 +08:00  ERR  Batch 10/19 sent. API response: {"status":"ok","code":"200","msg":"huselt amjilttai!","count":"5000"}
2024-09-26 13:04:36.375 +08:00  ERR  Batch 65/91 sent. API response: {"status":"ok","code":"200","msg":"huselt amjilttai!","count":"1000"}
2024-09-26 13:04:37.465 +08:00  ERR  Batch 66/91 sent. API response: {"status":"ok","code":"200","msg":"huselt amjilttai!","count":"1000"}
2024-09-26 13:04:38.394 +08:00  ERR  Batch 67/91 sent. API response: {"status":"ok","code":"200","msg":"huselt amjilttai!","count":"1000"}
2024-09-26 13:04:39.299 +08:00  ERR  Batch 68/91 sent. API response: {"status":"ok","code":"200","msg":"huselt amjilttai!","count":"1000"}
2024-09-26 13:04:39.846 +08:00  ERR  Batch 11/19 sent. API response: {"status":"ok","code":"200","msg":"huselt amjilttai!","count":"5000"}
2024-09-26 13:04:40.036 +08:00  ERR  Batch 69/91 sent. API response: {"status":"ok","code":"200","msg":"huselt amjilttai!","count":"1000"}
2024-09-26 13:04:41.151 +08:00  ERR  Batch 70/91 sent. API response: {"status":"ok","code":"200","msg":"huselt amjilttai!","count":"1000"}
2024-09-26 13:04:41.999 +08:00  ERR  Batch 71/91 sent. API response: {"status":"ok","code":"200","msg":"huselt amjilttai!","count":"1000"}
2024-09-26 13:04:42.824 +08:00  ERR  Batch 72/91 sent. API response: {"status":"ok","code":"200","msg":"huselt amjilttai!","count":"1000"}
2024-09-26 13:04:43.326 +08:00  ERR  Batch 12/19 sent. API response: {"status":"ok","code":"200","msg":"huselt amjilttai!","count":"5000"}
2024-09-26 13:04:43.513 +08:00  ERR  Batch 73/91 sent. API response: {"status":"ok","code":"200","msg":"huselt amjilttai!","count":"1000"}
2024-09-26 13:04:44.569 +08:00  ERR  Batch 74/91 sent. API response: {"status":"ok","code":"200","msg":"huselt amjilttai!","count":"1000"}
2024-09-26 13:04:45.411 +08:00  ERR  Batch 75/91 sent. API response: {"status":"ok","code":"200","msg":"huselt amjilttai!","count":"1000"}
2024-09-26 13:04:46.270 +08:00  ERR  Batch 76/91 sent. API response: {"status":"ok","code":"200","msg":"huselt amjilttai!","count":"1000"}
2024-09-26 13:04:46.780 +08:00  ERR  Batch 13/19 sent. API response: {"status":"ok","code":"200","msg":"huselt amjilttai!","count":"5000"}
2024-09-26 13:04:46.967 +08:00  ERR  Batch 77/91 sent. API response: {"status":"ok","code":"200","msg":"huselt amjilttai!","count":"1000"}
2024-09-26 13:04:48.080 +08:00  ERR  Batch 78/91 sent. API response: {"status":"ok","code":"200","msg":"huselt amjilttai!","count":"1000"}
2024-09-26 13:04:48.942 +08:00  ERR  Batch 79/91 sent. API response: {"status":"ok","code":"200","msg":"huselt amjilttai!","count":"1000"}
2024-09-26 13:04:49.787 +08:00  ERR  Batch 80/91 sent. API response: {"status":"ok","code":"200","msg":"huselt amjilttai!","count":"1000"}
2024-09-26 13:04:50.293 +08:00  ERR  Batch 14/19 sent. API response: {"status":"ok","code":"200","msg":"huselt amjilttai!","count":"5000"}
2024-09-26 13:04:50.488 +08:00  ERR  Batch 81/91 sent. API response: {"status":"ok","code":"200","msg":"huselt amjilttai!","count":"1000"}
2024-09-26 13:04:51.508 +08:00  ERR  Batch 82/91 sent. API response: {"status":"ok","code":"200","msg":"huselt amjilttai!","count":"1000"}
2024-09-26 13:04:52.369 +08:00  ERR  Batch 83/91 sent. API response: {"status":"ok","code":"200","msg":"huselt amjilttai!","count":"1000"}
2024-09-26 13:04:53.215 +08:00  ERR  Batch 84/91 sent. API response: {"status":"ok","code":"200","msg":"huselt amjilttai!","count":"1000"}
2024-09-26 13:04:53.766 +08:00  ERR  Batch 15/19 sent. API response: {"status":"ok","code":"200","msg":"huselt amjilttai!","count":"5000"}
2024-09-26 13:04:53.911 +08:00  ERR  Batch 85/91 sent. API response: {"status":"ok","code":"200","msg":"huselt amjilttai!","count":"1000"}
2024-09-26 13:04:55.024 +08:00  ERR  Batch 86/91 sent. API response: {"status":"ok","code":"200","msg":"huselt amjilttai!","count":"1000"}
2024-09-26 13:04:55.889 +08:00  ERR  Batch 87/91 sent. API response: {"status":"ok","code":"200","msg":"huselt amjilttai!","count":"1000"}
2024-09-26 13:04:56.795 +08:00  ERR  Batch 88/91 sent. API response: {"status":"ok","code":"200","msg":"huselt amjilttai!","count":"1000"}
2024-09-26 13:04:57.368 +08:00  ERR  Batch 16/19 sent. API response: {"status":"ok","code":"200","msg":"huselt amjilttai!","count":"5000"}
2024-09-26 13:04:57.555 +08:00  ERR  Batch 89/91 sent. API response: {"status":"ok","code":"200","msg":"huselt amjilttai!","count":"1000"}
2024-09-26 13:04:58.644 +08:00  ERR  Batch 90/91 sent. API response: {"status":"ok","code":"200","msg":"huselt amjilttai!","count":"1000"}
2024-09-26 13:04:59.464 +08:00  ERR  Batch 91/91 sent. API response: {"status":"ok","code":"200","msg":"huselt amjilttai!","count":"961"}
2024-09-26 13:04:59.464 +08:00  ERR  OTINFO TRANSPORT DATA SENT-----END----------
2024-09-26 13:05:00.647 +08:00  ERR  Batch 17/19 sent. API response: {"status":"ok","code":"200","msg":"huselt amjilttai!","count":"5000"}
2024-09-26 13:05:03.634 +08:00  ERR  Batch 18/19 sent. API response: {"status":"ok","code":"200","msg":"huselt amjilttai!","count":"5000"}
2024-09-26 13:05:04.307 +08:00  ERR  Batch 19/19 sent. API response: {"status":"ok","code":"200","msg":"huselt amjilttai!","count":"961"}
2024-09-26 13:05:04.308 +08:00  ERR  OTINFO TRANSPORT DATA MANUAL SENT-----END----------
