2024-08-08 07:33:03.221 +08:00  ERR  Failed executing DbCommand (121ms) [Parameters=[@EmployeeId='?' (DbType = Int32)], CommandType='"Text"', CommandTimeout='300']

                        SELECT TOP (6) t.EventDate, t.Direction, Concat(c.Description,' ', ts.Description) AS ScheduleDescription, 
                                       tm.Code AS TransportMode, r.Number AS RoomNumber
                        FROM Transport t 
                        LEFT JOIN TransportSchedule ts ON t.ScheduleId = ts.id
                        LEFT JOIN ActiveTransport at ON t.ActiveTransportId = at.Id;
                        left join Carrier c ON at.CarrierId = c.Id
                        LEFT JOIN TransportMode tm ON at.TransportModeId = tm.Id
                        LEFT JOIN EmployeeStatus es ON es.EventDate = t.EventDate AND t.EmployeeId = es.EmployeeId
                        LEFT JOIN Room r ON es.RoomId = r.Id
                        WHERE t.EmployeeId = @EmployeeId AND t.EventDate >= GETDATE()
                        ORDER BY t.EventDate;
2024-08-08 07:33:03.416 +08:00  ERR  An exception occurred while iterating over the results of a query for context type 'Persistence.Context.DataContext'.
Microsoft.Data.SqlClient.SqlException (0x80131904): Incorrect syntax near the keyword 'left'.
   at Microsoft.Data.SqlClient.SqlCommand.<>c.<ExecuteDbDataReaderAsync>b__195_0(Task`1 result)
   at System.Threading.Tasks.ContinuationResultTaskFromResultTask`2.InnerInvoke()
   at System.Threading.ExecutionContext.RunInternal(ExecutionContext executionContext, ContextCallback callback, Object state)
--- End of stack trace from previous location ---
   at System.Threading.ExecutionContext.RunInternal(ExecutionContext executionContext, ContextCallback callback, Object state)
   at System.Threading.Tasks.Task.ExecuteWithThreadLocal(Task& currentTaskSlot, Thread threadPoolThread)
--- End of stack trace from previous location ---
   at Microsoft.EntityFrameworkCore.Storage.RelationalCommand.ExecuteReaderAsync(RelationalCommandParameterObject parameterObject, CancellationToken cancellationToken)
   at Microsoft.EntityFrameworkCore.Storage.RelationalCommand.ExecuteReaderAsync(RelationalCommandParameterObject parameterObject, CancellationToken cancellationToken)
   at Microsoft.EntityFrameworkCore.Query.Internal.FromSqlQueryingEnumerable`1.AsyncEnumerator.InitializeReaderAsync(AsyncEnumerator enumerator, CancellationToken cancellationToken)
   at Microsoft.EntityFrameworkCore.SqlServer.Storage.Internal.SqlServerExecutionStrategy.ExecuteAsync[TState,TResult](TState state, Func`4 operation, Func`4 verifySucceeded, CancellationToken cancellationToken)
   at Microsoft.EntityFrameworkCore.Query.Internal.FromSqlQueryingEnumerable`1.AsyncEnumerator.MoveNextAsync()
ClientConnectionId:07ef2099-3a54-43c2-92e5-0ed121237d19
Error Number:156,State:1,Class:15Microsoft.Data.SqlClient.SqlException (0x80131904): Incorrect syntax near the keyword 'left'.
   at Microsoft.Data.SqlClient.SqlCommand.<>c.<ExecuteDbDataReaderAsync>b__195_0(Task`1 result)
   at System.Threading.Tasks.ContinuationResultTaskFromResultTask`2.InnerInvoke()
   at System.Threading.ExecutionContext.RunInternal(ExecutionContext executionContext, ContextCallback callback, Object state)
--- End of stack trace from previous location ---
   at System.Threading.ExecutionContext.RunInternal(ExecutionContext executionContext, ContextCallback callback, Object state)
   at System.Threading.Tasks.Task.ExecuteWithThreadLocal(Task& currentTaskSlot, Thread threadPoolThread)
--- End of stack trace from previous location ---
   at Microsoft.EntityFrameworkCore.Storage.RelationalCommand.ExecuteReaderAsync(RelationalCommandParameterObject parameterObject, CancellationToken cancellationToken)
   at Microsoft.EntityFrameworkCore.Storage.RelationalCommand.ExecuteReaderAsync(RelationalCommandParameterObject parameterObject, CancellationToken cancellationToken)
   at Microsoft.EntityFrameworkCore.Query.Internal.FromSqlQueryingEnumerable`1.AsyncEnumerator.InitializeReaderAsync(AsyncEnumerator enumerator, CancellationToken cancellationToken)
   at Microsoft.EntityFrameworkCore.SqlServer.Storage.Internal.SqlServerExecutionStrategy.ExecuteAsync[TState,TResult](TState state, Func`4 operation, Func`4 verifySucceeded, CancellationToken cancellationToken)
   at Microsoft.EntityFrameworkCore.Query.Internal.FromSqlQueryingEnumerable`1.AsyncEnumerator.MoveNextAsync()
ClientConnectionId:07ef2099-3a54-43c2-92e5-0ed121237d19
Error Number:156,State:1,Class:15

2024-08-08 07:33:03.508 +08:00  ERR  Incorrect syntax near the keyword 'left'.
2024-08-08 07:33:21.958 +08:00  ERR  Failed executing DbCommand (1ms) [Parameters=[@EmployeeId='?' (DbType = Int32)], CommandType='"Text"', CommandTimeout='300']

                        SELECT TOP (6) t.EventDate, t.Direction, Concat(c.Description,' ', ts.Description) AS ScheduleDescription, 
                                       tm.Code AS TransportMode, r.Number AS RoomNumber
                        FROM Transport t 
                        LEFT JOIN TransportSchedule ts ON t.ScheduleId = ts.id
                        LEFT JOIN ActiveTransport at ON t.ActiveTransportId = at.Id;
                        left join Carrier c ON at.CarrierId = c.Id
                        LEFT JOIN TransportMode tm ON at.TransportModeId = tm.Id
                        LEFT JOIN EmployeeStatus es ON es.EventDate = t.EventDate AND t.EmployeeId = es.EmployeeId
                        LEFT JOIN Room r ON es.RoomId = r.Id
                        WHERE t.EmployeeId = @EmployeeId AND t.EventDate >= GETDATE()
                        ORDER BY t.EventDate;
2024-08-08 07:33:21.959 +08:00  ERR  An exception occurred while iterating over the results of a query for context type 'Persistence.Context.DataContext'.
Microsoft.Data.SqlClient.SqlException (0x80131904): Incorrect syntax near the keyword 'left'.
   at Microsoft.Data.SqlClient.SqlCommand.<>c.<ExecuteDbDataReaderAsync>b__195_0(Task`1 result)
   at System.Threading.Tasks.ContinuationResultTaskFromResultTask`2.InnerInvoke()
   at System.Threading.ExecutionContext.RunInternal(ExecutionContext executionContext, ContextCallback callback, Object state)
--- End of stack trace from previous location ---
   at System.Threading.ExecutionContext.RunInternal(ExecutionContext executionContext, ContextCallback callback, Object state)
   at System.Threading.Tasks.Task.ExecuteWithThreadLocal(Task& currentTaskSlot, Thread threadPoolThread)
--- End of stack trace from previous location ---
   at Microsoft.EntityFrameworkCore.Storage.RelationalCommand.ExecuteReaderAsync(RelationalCommandParameterObject parameterObject, CancellationToken cancellationToken)
   at Microsoft.EntityFrameworkCore.Storage.RelationalCommand.ExecuteReaderAsync(RelationalCommandParameterObject parameterObject, CancellationToken cancellationToken)
   at Microsoft.EntityFrameworkCore.Query.Internal.FromSqlQueryingEnumerable`1.AsyncEnumerator.InitializeReaderAsync(AsyncEnumerator enumerator, CancellationToken cancellationToken)
   at Microsoft.EntityFrameworkCore.SqlServer.Storage.Internal.SqlServerExecutionStrategy.ExecuteAsync[TState,TResult](TState state, Func`4 operation, Func`4 verifySucceeded, CancellationToken cancellationToken)
   at Microsoft.EntityFrameworkCore.Query.Internal.FromSqlQueryingEnumerable`1.AsyncEnumerator.MoveNextAsync()
ClientConnectionId:07ef2099-3a54-43c2-92e5-0ed121237d19
Error Number:156,State:1,Class:15Microsoft.Data.SqlClient.SqlException (0x80131904): Incorrect syntax near the keyword 'left'.
   at Microsoft.Data.SqlClient.SqlCommand.<>c.<ExecuteDbDataReaderAsync>b__195_0(Task`1 result)
   at System.Threading.Tasks.ContinuationResultTaskFromResultTask`2.InnerInvoke()
   at System.Threading.ExecutionContext.RunInternal(ExecutionContext executionContext, ContextCallback callback, Object state)
--- End of stack trace from previous location ---
   at System.Threading.ExecutionContext.RunInternal(ExecutionContext executionContext, ContextCallback callback, Object state)
   at System.Threading.Tasks.Task.ExecuteWithThreadLocal(Task& currentTaskSlot, Thread threadPoolThread)
--- End of stack trace from previous location ---
   at Microsoft.EntityFrameworkCore.Storage.RelationalCommand.ExecuteReaderAsync(RelationalCommandParameterObject parameterObject, CancellationToken cancellationToken)
   at Microsoft.EntityFrameworkCore.Storage.RelationalCommand.ExecuteReaderAsync(RelationalCommandParameterObject parameterObject, CancellationToken cancellationToken)
   at Microsoft.EntityFrameworkCore.Query.Internal.FromSqlQueryingEnumerable`1.AsyncEnumerator.InitializeReaderAsync(AsyncEnumerator enumerator, CancellationToken cancellationToken)
   at Microsoft.EntityFrameworkCore.SqlServer.Storage.Internal.SqlServerExecutionStrategy.ExecuteAsync[TState,TResult](TState state, Func`4 operation, Func`4 verifySucceeded, CancellationToken cancellationToken)
   at Microsoft.EntityFrameworkCore.Query.Internal.FromSqlQueryingEnumerable`1.AsyncEnumerator.MoveNextAsync()
ClientConnectionId:07ef2099-3a54-43c2-92e5-0ed121237d19
Error Number:156,State:1,Class:15

2024-08-08 07:33:21.979 +08:00  ERR  Incorrect syntax near the keyword 'left'.
2024-08-08 07:33:36.777 +08:00  ERR  Failed executing DbCommand (2ms) [Parameters=[@EmployeeId='?' (DbType = Int32)], CommandType='"Text"', CommandTimeout='300']

                        SELECT TOP (6) t.EventDate, t.Direction, Concat(c.Description,' ', ts.Description) AS ScheduleDescription, 
                                       tm.Code AS TransportMode, r.Number AS RoomNumber
                        FROM Transport t 
                        LEFT JOIN TransportSchedule ts ON t.ScheduleId = ts.id
                        LEFT JOIN ActiveTransport at ON t.ActiveTransportId = at.Id;
                        left join Carrier c ON at.CarrierId = c.Id
                        LEFT JOIN TransportMode tm ON at.TransportModeId = tm.Id
                        LEFT JOIN EmployeeStatus es ON es.EventDate = t.EventDate AND t.EmployeeId = es.EmployeeId
                        LEFT JOIN Room r ON es.RoomId = r.Id
                        WHERE t.EmployeeId = @EmployeeId AND t.EventDate >= GETDATE()
                        ORDER BY t.EventDate;
2024-08-08 07:33:36.779 +08:00  ERR  An exception occurred while iterating over the results of a query for context type 'Persistence.Context.DataContext'.
Microsoft.Data.SqlClient.SqlException (0x80131904): Incorrect syntax near the keyword 'left'.
   at Microsoft.Data.SqlClient.SqlCommand.<>c.<ExecuteDbDataReaderAsync>b__195_0(Task`1 result)
   at System.Threading.Tasks.ContinuationResultTaskFromResultTask`2.InnerInvoke()
   at System.Threading.ExecutionContext.RunInternal(ExecutionContext executionContext, ContextCallback callback, Object state)
--- End of stack trace from previous location ---
   at System.Threading.ExecutionContext.RunInternal(ExecutionContext executionContext, ContextCallback callback, Object state)
   at System.Threading.Tasks.Task.ExecuteWithThreadLocal(Task& currentTaskSlot, Thread threadPoolThread)
--- End of stack trace from previous location ---
   at Microsoft.EntityFrameworkCore.Storage.RelationalCommand.ExecuteReaderAsync(RelationalCommandParameterObject parameterObject, CancellationToken cancellationToken)
   at Microsoft.EntityFrameworkCore.Storage.RelationalCommand.ExecuteReaderAsync(RelationalCommandParameterObject parameterObject, CancellationToken cancellationToken)
   at Microsoft.EntityFrameworkCore.Query.Internal.FromSqlQueryingEnumerable`1.AsyncEnumerator.InitializeReaderAsync(AsyncEnumerator enumerator, CancellationToken cancellationToken)
   at Microsoft.EntityFrameworkCore.SqlServer.Storage.Internal.SqlServerExecutionStrategy.ExecuteAsync[TState,TResult](TState state, Func`4 operation, Func`4 verifySucceeded, CancellationToken cancellationToken)
   at Microsoft.EntityFrameworkCore.Query.Internal.FromSqlQueryingEnumerable`1.AsyncEnumerator.MoveNextAsync()
ClientConnectionId:07ef2099-3a54-43c2-92e5-0ed121237d19
Error Number:156,State:1,Class:15Microsoft.Data.SqlClient.SqlException (0x80131904): Incorrect syntax near the keyword 'left'.
   at Microsoft.Data.SqlClient.SqlCommand.<>c.<ExecuteDbDataReaderAsync>b__195_0(Task`1 result)
   at System.Threading.Tasks.ContinuationResultTaskFromResultTask`2.InnerInvoke()
   at System.Threading.ExecutionContext.RunInternal(ExecutionContext executionContext, ContextCallback callback, Object state)
--- End of stack trace from previous location ---
   at System.Threading.ExecutionContext.RunInternal(ExecutionContext executionContext, ContextCallback callback, Object state)
   at System.Threading.Tasks.Task.ExecuteWithThreadLocal(Task& currentTaskSlot, Thread threadPoolThread)
--- End of stack trace from previous location ---
   at Microsoft.EntityFrameworkCore.Storage.RelationalCommand.ExecuteReaderAsync(RelationalCommandParameterObject parameterObject, CancellationToken cancellationToken)
   at Microsoft.EntityFrameworkCore.Storage.RelationalCommand.ExecuteReaderAsync(RelationalCommandParameterObject parameterObject, CancellationToken cancellationToken)
   at Microsoft.EntityFrameworkCore.Query.Internal.FromSqlQueryingEnumerable`1.AsyncEnumerator.InitializeReaderAsync(AsyncEnumerator enumerator, CancellationToken cancellationToken)
   at Microsoft.EntityFrameworkCore.SqlServer.Storage.Internal.SqlServerExecutionStrategy.ExecuteAsync[TState,TResult](TState state, Func`4 operation, Func`4 verifySucceeded, CancellationToken cancellationToken)
   at Microsoft.EntityFrameworkCore.Query.Internal.FromSqlQueryingEnumerable`1.AsyncEnumerator.MoveNextAsync()
ClientConnectionId:07ef2099-3a54-43c2-92e5-0ed121237d19
Error Number:156,State:1,Class:15

2024-08-08 07:33:36.804 +08:00  ERR  Incorrect syntax near the keyword 'left'.
2024-08-08 07:33:50.519 +08:00  ERR  Failed executing DbCommand (2ms) [Parameters=[@EmployeeId='?' (DbType = Int32)], CommandType='"Text"', CommandTimeout='300']

                        SELECT TOP (6) t.EventDate, t.Direction, Concat(c.Description,' ', ts.Description) AS ScheduleDescription, 
                                       tm.Code AS TransportMode, r.Number AS RoomNumber
                        FROM Transport t 
                        LEFT JOIN TransportSchedule ts ON t.ScheduleId = ts.id
                        LEFT JOIN ActiveTransport at ON t.ActiveTransportId = at.Id;
                        left join Carrier c ON at.CarrierId = c.Id
                        LEFT JOIN TransportMode tm ON at.TransportModeId = tm.Id
                        LEFT JOIN EmployeeStatus es ON es.EventDate = t.EventDate AND t.EmployeeId = es.EmployeeId
                        LEFT JOIN Room r ON es.RoomId = r.Id
                        WHERE t.EmployeeId = @EmployeeId AND t.EventDate >= GETDATE()
                        ORDER BY t.EventDate;
2024-08-08 07:33:50.520 +08:00  ERR  An exception occurred while iterating over the results of a query for context type 'Persistence.Context.DataContext'.
Microsoft.Data.SqlClient.SqlException (0x80131904): Incorrect syntax near the keyword 'left'.
   at Microsoft.Data.SqlClient.SqlCommand.<>c.<ExecuteDbDataReaderAsync>b__195_0(Task`1 result)
   at System.Threading.Tasks.ContinuationResultTaskFromResultTask`2.InnerInvoke()
   at System.Threading.ExecutionContext.RunInternal(ExecutionContext executionContext, ContextCallback callback, Object state)
--- End of stack trace from previous location ---
   at System.Threading.ExecutionContext.RunInternal(ExecutionContext executionContext, ContextCallback callback, Object state)
   at System.Threading.Tasks.Task.ExecuteWithThreadLocal(Task& currentTaskSlot, Thread threadPoolThread)
--- End of stack trace from previous location ---
   at Microsoft.EntityFrameworkCore.Storage.RelationalCommand.ExecuteReaderAsync(RelationalCommandParameterObject parameterObject, CancellationToken cancellationToken)
   at Microsoft.EntityFrameworkCore.Storage.RelationalCommand.ExecuteReaderAsync(RelationalCommandParameterObject parameterObject, CancellationToken cancellationToken)
   at Microsoft.EntityFrameworkCore.Query.Internal.FromSqlQueryingEnumerable`1.AsyncEnumerator.InitializeReaderAsync(AsyncEnumerator enumerator, CancellationToken cancellationToken)
   at Microsoft.EntityFrameworkCore.SqlServer.Storage.Internal.SqlServerExecutionStrategy.ExecuteAsync[TState,TResult](TState state, Func`4 operation, Func`4 verifySucceeded, CancellationToken cancellationToken)
   at Microsoft.EntityFrameworkCore.Query.Internal.FromSqlQueryingEnumerable`1.AsyncEnumerator.MoveNextAsync()
ClientConnectionId:07ef2099-3a54-43c2-92e5-0ed121237d19
Error Number:156,State:1,Class:15Microsoft.Data.SqlClient.SqlException (0x80131904): Incorrect syntax near the keyword 'left'.
   at Microsoft.Data.SqlClient.SqlCommand.<>c.<ExecuteDbDataReaderAsync>b__195_0(Task`1 result)
   at System.Threading.Tasks.ContinuationResultTaskFromResultTask`2.InnerInvoke()
   at System.Threading.ExecutionContext.RunInternal(ExecutionContext executionContext, ContextCallback callback, Object state)
--- End of stack trace from previous location ---
   at System.Threading.ExecutionContext.RunInternal(ExecutionContext executionContext, ContextCallback callback, Object state)
   at System.Threading.Tasks.Task.ExecuteWithThreadLocal(Task& currentTaskSlot, Thread threadPoolThread)
--- End of stack trace from previous location ---
   at Microsoft.EntityFrameworkCore.Storage.RelationalCommand.ExecuteReaderAsync(RelationalCommandParameterObject parameterObject, CancellationToken cancellationToken)
   at Microsoft.EntityFrameworkCore.Storage.RelationalCommand.ExecuteReaderAsync(RelationalCommandParameterObject parameterObject, CancellationToken cancellationToken)
   at Microsoft.EntityFrameworkCore.Query.Internal.FromSqlQueryingEnumerable`1.AsyncEnumerator.InitializeReaderAsync(AsyncEnumerator enumerator, CancellationToken cancellationToken)
   at Microsoft.EntityFrameworkCore.SqlServer.Storage.Internal.SqlServerExecutionStrategy.ExecuteAsync[TState,TResult](TState state, Func`4 operation, Func`4 verifySucceeded, CancellationToken cancellationToken)
   at Microsoft.EntityFrameworkCore.Query.Internal.FromSqlQueryingEnumerable`1.AsyncEnumerator.MoveNextAsync()
ClientConnectionId:07ef2099-3a54-43c2-92e5-0ed121237d19
Error Number:156,State:1,Class:15

2024-08-08 07:33:50.694 +08:00  ERR  Incorrect syntax near the keyword 'left'.
2024-08-08 07:34:04.471 +08:00  ERR  Failed executing DbCommand (2ms) [Parameters=[@EmployeeId='?' (DbType = Int32)], CommandType='"Text"', CommandTimeout='300']

                        SELECT TOP (6) t.EventDate, t.Direction, Concat(c.Description,' ', ts.Description) AS ScheduleDescription, 
                                       tm.Code AS TransportMode, r.Number AS RoomNumber
                        FROM Transport t 
                        LEFT JOIN TransportSchedule ts ON t.ScheduleId = ts.id
                        LEFT JOIN ActiveTransport at ON t.ActiveTransportId = at.Id;
                        left join Carrier c ON at.CarrierId = c.Id
                        LEFT JOIN TransportMode tm ON at.TransportModeId = tm.Id
                        LEFT JOIN EmployeeStatus es ON es.EventDate = t.EventDate AND t.EmployeeId = es.EmployeeId
                        LEFT JOIN Room r ON es.RoomId = r.Id
                        WHERE t.EmployeeId = @EmployeeId AND t.EventDate >= GETDATE()
                        ORDER BY t.EventDate;
2024-08-08 07:34:04.471 +08:00  ERR  An exception occurred while iterating over the results of a query for context type 'Persistence.Context.DataContext'.
Microsoft.Data.SqlClient.SqlException (0x80131904): Incorrect syntax near the keyword 'left'.
   at Microsoft.Data.SqlClient.SqlCommand.<>c.<ExecuteDbDataReaderAsync>b__195_0(Task`1 result)
   at System.Threading.Tasks.ContinuationResultTaskFromResultTask`2.InnerInvoke()
   at System.Threading.ExecutionContext.RunInternal(ExecutionContext executionContext, ContextCallback callback, Object state)
--- End of stack trace from previous location ---
   at System.Threading.ExecutionContext.RunInternal(ExecutionContext executionContext, ContextCallback callback, Object state)
   at System.Threading.Tasks.Task.ExecuteWithThreadLocal(Task& currentTaskSlot, Thread threadPoolThread)
--- End of stack trace from previous location ---
   at Microsoft.EntityFrameworkCore.Storage.RelationalCommand.ExecuteReaderAsync(RelationalCommandParameterObject parameterObject, CancellationToken cancellationToken)
   at Microsoft.EntityFrameworkCore.Storage.RelationalCommand.ExecuteReaderAsync(RelationalCommandParameterObject parameterObject, CancellationToken cancellationToken)
   at Microsoft.EntityFrameworkCore.Query.Internal.FromSqlQueryingEnumerable`1.AsyncEnumerator.InitializeReaderAsync(AsyncEnumerator enumerator, CancellationToken cancellationToken)
   at Microsoft.EntityFrameworkCore.SqlServer.Storage.Internal.SqlServerExecutionStrategy.ExecuteAsync[TState,TResult](TState state, Func`4 operation, Func`4 verifySucceeded, CancellationToken cancellationToken)
   at Microsoft.EntityFrameworkCore.Query.Internal.FromSqlQueryingEnumerable`1.AsyncEnumerator.MoveNextAsync()
ClientConnectionId:07ef2099-3a54-43c2-92e5-0ed121237d19
Error Number:156,State:1,Class:15Microsoft.Data.SqlClient.SqlException (0x80131904): Incorrect syntax near the keyword 'left'.
   at Microsoft.Data.SqlClient.SqlCommand.<>c.<ExecuteDbDataReaderAsync>b__195_0(Task`1 result)
   at System.Threading.Tasks.ContinuationResultTaskFromResultTask`2.InnerInvoke()
   at System.Threading.ExecutionContext.RunInternal(ExecutionContext executionContext, ContextCallback callback, Object state)
--- End of stack trace from previous location ---
   at System.Threading.ExecutionContext.RunInternal(ExecutionContext executionContext, ContextCallback callback, Object state)
   at System.Threading.Tasks.Task.ExecuteWithThreadLocal(Task& currentTaskSlot, Thread threadPoolThread)
--- End of stack trace from previous location ---
   at Microsoft.EntityFrameworkCore.Storage.RelationalCommand.ExecuteReaderAsync(RelationalCommandParameterObject parameterObject, CancellationToken cancellationToken)
   at Microsoft.EntityFrameworkCore.Storage.RelationalCommand.ExecuteReaderAsync(RelationalCommandParameterObject parameterObject, CancellationToken cancellationToken)
   at Microsoft.EntityFrameworkCore.Query.Internal.FromSqlQueryingEnumerable`1.AsyncEnumerator.InitializeReaderAsync(AsyncEnumerator enumerator, CancellationToken cancellationToken)
   at Microsoft.EntityFrameworkCore.SqlServer.Storage.Internal.SqlServerExecutionStrategy.ExecuteAsync[TState,TResult](TState state, Func`4 operation, Func`4 verifySucceeded, CancellationToken cancellationToken)
   at Microsoft.EntityFrameworkCore.Query.Internal.FromSqlQueryingEnumerable`1.AsyncEnumerator.MoveNextAsync()
ClientConnectionId:07ef2099-3a54-43c2-92e5-0ed121237d19
Error Number:156,State:1,Class:15

2024-08-08 07:34:04.667 +08:00  ERR  Incorrect syntax near the keyword 'left'.
2024-08-08 07:34:21.519 +08:00  ERR  Failed executing DbCommand (13ms) [Parameters=[@EmployeeId='?' (DbType = Int32)], CommandType='"Text"', CommandTimeout='300']

                        SELECT TOP (6) t.EventDate, t.Direction, Concat(c.Description,' ', ts.Description) AS ScheduleDescription, 
                                       tm.Code AS TransportMode, r.Number AS RoomNumber
                        FROM Transport t 
                        LEFT JOIN TransportSchedule ts ON t.ScheduleId = ts.id
                        LEFT JOIN ActiveTransport at ON t.ActiveTransportId = at.Id;
                        left join Carrier c ON at.CarrierId = c.Id
                        LEFT JOIN TransportMode tm ON at.TransportModeId = tm.Id
                        LEFT JOIN EmployeeStatus es ON es.EventDate = t.EventDate AND t.EmployeeId = es.EmployeeId
                        LEFT JOIN Room r ON es.RoomId = r.Id
                        WHERE t.EmployeeId = @EmployeeId AND t.EventDate >= GETDATE()
                        ORDER BY t.EventDate;
2024-08-08 07:34:21.520 +08:00  ERR  An exception occurred while iterating over the results of a query for context type 'Persistence.Context.DataContext'.
Microsoft.Data.SqlClient.SqlException (0x80131904): Incorrect syntax near the keyword 'left'.
   at Microsoft.Data.SqlClient.SqlCommand.<>c.<ExecuteDbDataReaderAsync>b__195_0(Task`1 result)
   at System.Threading.Tasks.ContinuationResultTaskFromResultTask`2.InnerInvoke()
   at System.Threading.ExecutionContext.RunInternal(ExecutionContext executionContext, ContextCallback callback, Object state)
--- End of stack trace from previous location ---
   at System.Threading.ExecutionContext.RunInternal(ExecutionContext executionContext, ContextCallback callback, Object state)
   at System.Threading.Tasks.Task.ExecuteWithThreadLocal(Task& currentTaskSlot, Thread threadPoolThread)
--- End of stack trace from previous location ---
   at Microsoft.EntityFrameworkCore.Storage.RelationalCommand.ExecuteReaderAsync(RelationalCommandParameterObject parameterObject, CancellationToken cancellationToken)
   at Microsoft.EntityFrameworkCore.Storage.RelationalCommand.ExecuteReaderAsync(RelationalCommandParameterObject parameterObject, CancellationToken cancellationToken)
   at Microsoft.EntityFrameworkCore.Query.Internal.FromSqlQueryingEnumerable`1.AsyncEnumerator.InitializeReaderAsync(AsyncEnumerator enumerator, CancellationToken cancellationToken)
   at Microsoft.EntityFrameworkCore.SqlServer.Storage.Internal.SqlServerExecutionStrategy.ExecuteAsync[TState,TResult](TState state, Func`4 operation, Func`4 verifySucceeded, CancellationToken cancellationToken)
   at Microsoft.EntityFrameworkCore.Query.Internal.FromSqlQueryingEnumerable`1.AsyncEnumerator.MoveNextAsync()
ClientConnectionId:07ef2099-3a54-43c2-92e5-0ed121237d19
Error Number:156,State:1,Class:15Microsoft.Data.SqlClient.SqlException (0x80131904): Incorrect syntax near the keyword 'left'.
   at Microsoft.Data.SqlClient.SqlCommand.<>c.<ExecuteDbDataReaderAsync>b__195_0(Task`1 result)
   at System.Threading.Tasks.ContinuationResultTaskFromResultTask`2.InnerInvoke()
   at System.Threading.ExecutionContext.RunInternal(ExecutionContext executionContext, ContextCallback callback, Object state)
--- End of stack trace from previous location ---
   at System.Threading.ExecutionContext.RunInternal(ExecutionContext executionContext, ContextCallback callback, Object state)
   at System.Threading.Tasks.Task.ExecuteWithThreadLocal(Task& currentTaskSlot, Thread threadPoolThread)
--- End of stack trace from previous location ---
   at Microsoft.EntityFrameworkCore.Storage.RelationalCommand.ExecuteReaderAsync(RelationalCommandParameterObject parameterObject, CancellationToken cancellationToken)
   at Microsoft.EntityFrameworkCore.Storage.RelationalCommand.ExecuteReaderAsync(RelationalCommandParameterObject parameterObject, CancellationToken cancellationToken)
   at Microsoft.EntityFrameworkCore.Query.Internal.FromSqlQueryingEnumerable`1.AsyncEnumerator.InitializeReaderAsync(AsyncEnumerator enumerator, CancellationToken cancellationToken)
   at Microsoft.EntityFrameworkCore.SqlServer.Storage.Internal.SqlServerExecutionStrategy.ExecuteAsync[TState,TResult](TState state, Func`4 operation, Func`4 verifySucceeded, CancellationToken cancellationToken)
   at Microsoft.EntityFrameworkCore.Query.Internal.FromSqlQueryingEnumerable`1.AsyncEnumerator.MoveNextAsync()
ClientConnectionId:07ef2099-3a54-43c2-92e5-0ed121237d19
Error Number:156,State:1,Class:15

2024-08-08 07:34:45.367 +08:00  ERR  Incorrect syntax near the keyword 'left'.
