2025-09-25 07:38:52.766 +08:00 [INF] Default Quartz.NET properties loaded from embedded resource file
2025-09-25 07:38:52.832 +08:00 [INF] Initialized Scheduler Signaller of type: Quartz.Core.SchedulerSignalerImpl
2025-09-25 07:38:52.832 +08:00 [INF] Quartz Scheduler created
2025-09-25 07:38:52.833 +08:00 [INF] RAMJobStore initialized.
2025-09-25 07:38:52.834 +08:00 [INF] Quartz Scheduler 3.13.0.0 - 'DefaultQuartzScheduler' with instanceId 'NON_CLUSTERED' initialized
2025-09-25 07:38:52.835 +08:00 [INF] Using thread pool 'Quartz.Simpl.DefaultThreadPool', size: 10
2025-09-25 07:38:52.835 +08:00 [INF] Using job store 'Quartz.Simpl.RAMJobStore', supports persistence: False, clustered: False
2025-09-25 07:38:52.837 +08:00 [INF] JobFactory set to: Persistence.HostedService.JobHostedService+CustomQuartzJobFactory
2025-09-25 07:38:53.801 +08:00 [INF] Default Quartz.NET properties loaded from embedded resource file
2025-09-25 07:38:53.802 +08:00 [INF] JobFactory set to: Persistence.HostedService.JobHostedService+CustomQuartzJobFactory
2025-09-25 07:38:53.829 +08:00 [INF] Scheduler DefaultQuartzScheduler_$_NON_CLUSTERED started.
2025-09-25 07:38:53.920 +08:00 [INF] Default Quartz.NET properties loaded from embedded resource file
2025-09-25 07:38:53.921 +08:00 [INF] JobFactory set to: Persistence.HostedService.JobHostedService+CustomQuartzJobFactory
2025-09-25 07:38:53.944 +08:00 [WRN] The WebRootPath was not found: D:\00 Fractal\Development\OT\V8\tas.IntegrationAPI\tas.IntegrationAPI\tas.IntegrationAPI\wwwroot. Static files may be unavailable.
2025-09-25 07:39:24.142 +08:00 [INF] Default Quartz.NET properties loaded from embedded resource file
2025-09-25 07:39:24.207 +08:00 [INF] Initialized Scheduler Signaller of type: Quartz.Core.SchedulerSignalerImpl
2025-09-25 07:39:24.209 +08:00 [INF] Quartz Scheduler created
2025-09-25 07:39:24.210 +08:00 [INF] RAMJobStore initialized.
2025-09-25 07:39:24.210 +08:00 [INF] Quartz Scheduler 3.13.0.0 - 'DefaultQuartzScheduler' with instanceId 'NON_CLUSTERED' initialized
2025-09-25 07:39:24.211 +08:00 [INF] Using thread pool 'Quartz.Simpl.DefaultThreadPool', size: 10
2025-09-25 07:39:24.212 +08:00 [INF] Using job store 'Quartz.Simpl.RAMJobStore', supports persistence: False, clustered: False
2025-09-25 07:39:24.213 +08:00 [INF] JobFactory set to: Persistence.HostedService.JobHostedService+CustomQuartzJobFactory
2025-09-25 07:39:24.648 +08:00 [INF] Default Quartz.NET properties loaded from embedded resource file
2025-09-25 07:39:24.650 +08:00 [INF] JobFactory set to: Persistence.HostedService.JobHostedService+CustomQuartzJobFactory
2025-09-25 07:39:24.675 +08:00 [INF] Scheduler DefaultQuartzScheduler_$_NON_CLUSTERED started.
2025-09-25 07:39:24.719 +08:00 [INF] Default Quartz.NET properties loaded from embedded resource file
2025-09-25 07:39:24.720 +08:00 [INF] JobFactory set to: Persistence.HostedService.JobHostedService+CustomQuartzJobFactory
2025-09-25 07:39:24.723 +08:00 [WRN] The WebRootPath was not found: D:\00 Fractal\Development\OT\V8\tas.IntegrationAPI\tas.IntegrationAPI\tas.IntegrationAPI\wwwroot. Static files may be unavailable.
2025-09-25 08:36:27.941 +08:00 [INF] Default Quartz.NET properties loaded from embedded resource file
2025-09-25 08:36:27.992 +08:00 [INF] Initialized Scheduler Signaller of type: Quartz.Core.SchedulerSignalerImpl
2025-09-25 08:36:27.992 +08:00 [INF] Quartz Scheduler created
2025-09-25 08:36:27.993 +08:00 [INF] RAMJobStore initialized.
2025-09-25 08:36:27.994 +08:00 [INF] Quartz Scheduler 3.13.0.0 - 'DefaultQuartzScheduler' with instanceId 'NON_CLUSTERED' initialized
2025-09-25 08:36:27.995 +08:00 [INF] Using thread pool 'Quartz.Simpl.DefaultThreadPool', size: 10
2025-09-25 08:36:27.996 +08:00 [INF] Using job store 'Quartz.Simpl.RAMJobStore', supports persistence: False, clustered: False
2025-09-25 08:36:27.996 +08:00 [INF] JobFactory set to: Persistence.HostedService.JobHostedService+CustomQuartzJobFactory
2025-09-25 08:36:28.395 +08:00 [INF] Default Quartz.NET properties loaded from embedded resource file
2025-09-25 08:36:28.396 +08:00 [INF] JobFactory set to: Persistence.HostedService.JobHostedService+CustomQuartzJobFactory
2025-09-25 08:36:28.424 +08:00 [INF] Scheduler DefaultQuartzScheduler_$_NON_CLUSTERED started.
2025-09-25 08:36:28.468 +08:00 [INF] Default Quartz.NET properties loaded from embedded resource file
2025-09-25 08:36:28.472 +08:00 [INF] JobFactory set to: Persistence.HostedService.JobHostedService+CustomQuartzJobFactory
2025-09-25 08:36:28.480 +08:00 [WRN] The WebRootPath was not found: D:\00 Fractal\Development\OT\V8\tas.IntegrationAPI\tas.IntegrationAPI\tas.IntegrationAPI\wwwroot. Static files may be unavailable.
2025-09-25 08:37:12.618 +08:00 [INF] Default Quartz.NET properties loaded from embedded resource file
2025-09-25 08:37:12.645 +08:00 [INF] JobFactory set to: Persistence.HostedService.JobHostedService+CustomQuartzJobFactory
2025-09-25 08:37:15.790 +08:00 [ERR] HOTDESK EMPLOYEE EMPTY DATA SENT-----ERROR----------System.Net.Http.HttpRequestException: Response status code does not indicate success: 500 (Internal Server Error).
   at System.Net.Http.HttpResponseMessage.EnsureSuccessStatusCode()
   at Persistence.Repositories.HotDeskRepository.SendEmployeeEmptyData(String root) in D:\00 Fractal\Development\OT\V8\tas.IntegrationAPI\tas.IntegrationAPI\Persistence\Repositories\HotDeskRepository.Employee.cs:line 181
2025-09-25 10:19:16.469 +08:00 [INF] Default Quartz.NET properties loaded from embedded resource file
2025-09-25 10:19:16.528 +08:00 [INF] Initialized Scheduler Signaller of type: Quartz.Core.SchedulerSignalerImpl
2025-09-25 10:19:16.529 +08:00 [INF] Quartz Scheduler created
2025-09-25 10:19:16.530 +08:00 [INF] RAMJobStore initialized.
2025-09-25 10:19:16.531 +08:00 [INF] Quartz Scheduler 3.13.0.0 - 'DefaultQuartzScheduler' with instanceId 'NON_CLUSTERED' initialized
2025-09-25 10:19:16.532 +08:00 [INF] Using thread pool 'Quartz.Simpl.DefaultThreadPool', size: 10
2025-09-25 10:19:16.533 +08:00 [INF] Using job store 'Quartz.Simpl.RAMJobStore', supports persistence: False, clustered: False
2025-09-25 10:19:16.534 +08:00 [INF] JobFactory set to: Persistence.HostedService.JobHostedService+CustomQuartzJobFactory
2025-09-25 10:19:16.937 +08:00 [INF] Default Quartz.NET properties loaded from embedded resource file
2025-09-25 10:19:16.938 +08:00 [INF] JobFactory set to: Persistence.HostedService.JobHostedService+CustomQuartzJobFactory
2025-09-25 10:19:16.963 +08:00 [INF] Scheduler DefaultQuartzScheduler_$_NON_CLUSTERED started.
2025-09-25 10:19:17.010 +08:00 [INF] Default Quartz.NET properties loaded from embedded resource file
2025-09-25 10:19:17.011 +08:00 [INF] JobFactory set to: Persistence.HostedService.JobHostedService+CustomQuartzJobFactory
2025-09-25 10:19:17.021 +08:00 [WRN] The WebRootPath was not found: D:\00 Fractal\Development\OT\V8\tas.IntegrationAPI\tas.IntegrationAPI\tas.IntegrationAPI\wwwroot. Static files may be unavailable.
2025-09-25 10:19:29.361 +08:00 [INF] Default Quartz.NET properties loaded from embedded resource file
2025-09-25 10:19:29.364 +08:00 [INF] JobFactory set to: Persistence.HostedService.JobHostedService+CustomQuartzJobFactory
2025-09-25 10:19:31.142 +08:00 [ERR] HOTDESK EMPLOYEE EMPTY DATA SENT-----SUCCESS----------{}
2025-09-25 10:19:32.960 +08:00 [INF] Batch 1/25 sent. API response: 
2025-09-25 10:19:33.260 +08:00 [INF] Batch 2/25 sent. API response: 
2025-09-25 10:19:33.476 +08:00 [INF] Batch 3/25 sent. API response: 
2025-09-25 10:19:33.707 +08:00 [INF] Batch 4/25 sent. API response: 
2025-09-25 10:19:33.940 +08:00 [INF] Batch 5/25 sent. API response: 
2025-09-25 10:19:34.127 +08:00 [INF] Batch 6/25 sent. API response: 
2025-09-25 10:19:34.302 +08:00 [INF] Batch 7/25 sent. API response: 
2025-09-25 10:19:34.509 +08:00 [INF] Batch 8/25 sent. API response: 
2025-09-25 10:19:34.722 +08:00 [INF] Batch 9/25 sent. API response: 
2025-09-25 10:19:34.975 +08:00 [INF] Batch 10/25 sent. API response: 
2025-09-25 10:19:35.182 +08:00 [INF] Batch 11/25 sent. API response: 
2025-09-25 10:19:35.373 +08:00 [INF] Batch 12/25 sent. API response: 
2025-09-25 10:19:35.529 +08:00 [INF] Batch 13/25 sent. API response: 
2025-09-25 10:19:35.682 +08:00 [INF] Batch 14/25 sent. API response: 
2025-09-25 10:19:35.832 +08:00 [INF] Batch 15/25 sent. API response: 
2025-09-25 10:19:35.983 +08:00 [INF] Batch 16/25 sent. API response: 
2025-09-25 10:19:36.119 +08:00 [INF] Batch 17/25 sent. API response: 
2025-09-25 10:19:36.251 +08:00 [INF] Batch 18/25 sent. API response: 
2025-09-25 10:19:36.371 +08:00 [INF] Batch 19/25 sent. API response: 
2025-09-25 10:19:36.493 +08:00 [INF] Batch 20/25 sent. API response: 
2025-09-25 10:19:36.611 +08:00 [INF] Batch 21/25 sent. API response: 
2025-09-25 10:19:36.731 +08:00 [INF] Batch 22/25 sent. API response: 
2025-09-25 10:19:36.848 +08:00 [INF] Batch 23/25 sent. API response: 
2025-09-25 10:19:36.967 +08:00 [INF] Batch 24/25 sent. API response: 
2025-09-25 10:19:37.027 +08:00 [INF] Batch 25/25 sent. API response: 
2025-09-25 10:19:48.209 +08:00 [ERR] HOTDESK EMPLOYEE EMPTY DATA SENT-----ERROR----------System.Net.Http.HttpRequestException: No such host is known. (hotdeskapi.fractal.localdeactivecleanup:80)
 ---> System.Net.Sockets.SocketException (11001): No such host is known.
   at System.Net.Sockets.Socket.AwaitableSocketAsyncEventArgs.ThrowException(SocketError error, CancellationToken cancellationToken)
   at System.Net.Sockets.Socket.AwaitableSocketAsyncEventArgs.System.Threading.Tasks.Sources.IValueTaskSource.GetResult(Int16 token)
   at System.Net.Sockets.Socket.<ConnectAsync>g__WaitForConnectWithCancellation|285_0(AwaitableSocketAsyncEventArgs saea, ValueTask connectTask, CancellationToken cancellationToken)
   at System.Net.Http.HttpConnectionPool.ConnectToTcpHostAsync(String host, Int32 port, HttpRequestMessage initialRequest, Boolean async, CancellationToken cancellationToken)
   --- End of inner exception stack trace ---
   at System.Net.Http.HttpConnectionPool.ConnectToTcpHostAsync(String host, Int32 port, HttpRequestMessage initialRequest, Boolean async, CancellationToken cancellationToken)
   at System.Net.Http.HttpConnectionPool.ConnectAsync(HttpRequestMessage request, Boolean async, CancellationToken cancellationToken)
   at System.Net.Http.HttpConnectionPool.CreateHttp11ConnectionAsync(HttpRequestMessage request, Boolean async, CancellationToken cancellationToken)
   at System.Net.Http.HttpConnectionPool.AddHttp11ConnectionAsync(QueueItem queueItem)
   at System.Threading.Tasks.TaskCompletionSourceWithCancellation`1.WaitWithCancellationAsync(CancellationToken cancellationToken)
   at System.Net.Http.HttpConnectionPool.HttpConnectionWaiter`1.WaitForConnectionWithTelemetryAsync(HttpRequestMessage request, HttpConnectionPool pool, Boolean async, CancellationToken requestCancellationToken)
   at System.Net.Http.HttpConnectionPool.SendWithVersionDetectionAndRetryAsync(HttpRequestMessage request, Boolean async, Boolean doRequestAuth, CancellationToken cancellationToken)
   at System.Net.Http.AuthenticationHelper.SendWithAuthAsync(HttpRequestMessage request, Uri authUri, Boolean async, ICredentials credentials, Boolean preAuthenticate, Boolean isProxyAuth, Boolean doRequestAuth, HttpConnectionPool pool, CancellationToken cancellationToken)
   at System.Net.Http.DiagnosticsHandler.SendAsyncCore(HttpRequestMessage request, Boolean async, CancellationToken cancellationToken)
   at System.Net.Http.RedirectHandler.SendAsync(HttpRequestMessage request, Boolean async, CancellationToken cancellationToken)
   at System.Net.Http.HttpClient.<SendAsync>g__Core|83_0(HttpRequestMessage request, HttpCompletionOption completionOption, CancellationTokenSource cts, Boolean disposeCts, CancellationTokenSource pendingRequestsCts, CancellationToken originalCancellationToken)
   at Persistence.Repositories.HotDeskRepository.SendEmployeeDeactiveCleanup(String root) in D:\00 Fractal\Development\OT\V8\tas.IntegrationAPI\tas.IntegrationAPI\Persistence\Repositories\HotDeskRepository.Employee.cs:line 217
2025-09-25 10:19:48.212 +08:00 [INF] EMPLOYEE DATA SENT-----END----------
2025-09-25 10:23:23.663 +08:00 [INF] Default Quartz.NET properties loaded from embedded resource file
2025-09-25 10:23:23.713 +08:00 [INF] Initialized Scheduler Signaller of type: Quartz.Core.SchedulerSignalerImpl
2025-09-25 10:23:23.714 +08:00 [INF] Quartz Scheduler created
2025-09-25 10:23:23.714 +08:00 [INF] RAMJobStore initialized.
2025-09-25 10:23:23.715 +08:00 [INF] Quartz Scheduler 3.13.0.0 - 'DefaultQuartzScheduler' with instanceId 'NON_CLUSTERED' initialized
2025-09-25 10:23:23.716 +08:00 [INF] Using thread pool 'Quartz.Simpl.DefaultThreadPool', size: 10
2025-09-25 10:23:23.716 +08:00 [INF] Using job store 'Quartz.Simpl.RAMJobStore', supports persistence: False, clustered: False
2025-09-25 10:23:23.717 +08:00 [INF] JobFactory set to: Persistence.HostedService.JobHostedService+CustomQuartzJobFactory
2025-09-25 10:23:24.127 +08:00 [INF] Default Quartz.NET properties loaded from embedded resource file
2025-09-25 10:23:24.129 +08:00 [INF] JobFactory set to: Persistence.HostedService.JobHostedService+CustomQuartzJobFactory
2025-09-25 10:23:24.154 +08:00 [INF] Scheduler DefaultQuartzScheduler_$_NON_CLUSTERED started.
2025-09-25 10:23:24.201 +08:00 [INF] Default Quartz.NET properties loaded from embedded resource file
2025-09-25 10:23:24.202 +08:00 [INF] JobFactory set to: Persistence.HostedService.JobHostedService+CustomQuartzJobFactory
2025-09-25 10:23:24.207 +08:00 [WRN] The WebRootPath was not found: D:\00 Fractal\Development\OT\V8\tas.IntegrationAPI\tas.IntegrationAPI\tas.IntegrationAPI\wwwroot. Static files may be unavailable.
2025-09-25 10:23:35.667 +08:00 [INF] Default Quartz.NET properties loaded from embedded resource file
2025-09-25 10:23:35.669 +08:00 [INF] JobFactory set to: Persistence.HostedService.JobHostedService+CustomQuartzJobFactory
2025-09-25 10:23:35.717 +08:00 [ERR] HOTDESK EMPLOYEE EMPTY DATA SENT-----SUCCESS----------{}
2025-09-25 10:23:37.043 +08:00 [INF] Batch 1/25 sent. API response: 
2025-09-25 10:23:37.164 +08:00 [INF] Batch 2/25 sent. API response: 
2025-09-25 10:23:37.286 +08:00 [INF] Batch 3/25 sent. API response: 
2025-09-25 10:23:37.402 +08:00 [INF] Batch 4/25 sent. API response: 
2025-09-25 10:23:37.516 +08:00 [INF] Batch 5/25 sent. API response: 
2025-09-25 10:23:37.627 +08:00 [INF] Batch 6/25 sent. API response: 
2025-09-25 10:23:37.741 +08:00 [INF] Batch 7/25 sent. API response: 
2025-09-25 10:23:37.856 +08:00 [INF] Batch 8/25 sent. API response: 
2025-09-25 10:23:37.974 +08:00 [INF] Batch 9/25 sent. API response: 
2025-09-25 10:23:38.086 +08:00 [INF] Batch 10/25 sent. API response: 
2025-09-25 10:23:38.203 +08:00 [INF] Batch 11/25 sent. API response: 
2025-09-25 10:23:38.417 +08:00 [INF] Batch 12/25 sent. API response: 
2025-09-25 10:23:38.622 +08:00 [INF] Batch 13/25 sent. API response: 
2025-09-25 10:23:38.738 +08:00 [INF] Batch 14/25 sent. API response: 
2025-09-25 10:23:38.853 +08:00 [INF] Batch 15/25 sent. API response: 
2025-09-25 10:23:38.979 +08:00 [INF] Batch 16/25 sent. API response: 
2025-09-25 10:23:39.117 +08:00 [INF] Batch 17/25 sent. API response: 
2025-09-25 10:23:39.230 +08:00 [INF] Batch 18/25 sent. API response: 
2025-09-25 10:23:39.341 +08:00 [INF] Batch 19/25 sent. API response: 
2025-09-25 10:23:39.456 +08:00 [INF] Batch 20/25 sent. API response: 
2025-09-25 10:23:39.570 +08:00 [INF] Batch 21/25 sent. API response: 
2025-09-25 10:23:39.684 +08:00 [INF] Batch 22/25 sent. API response: 
2025-09-25 10:23:39.800 +08:00 [INF] Batch 23/25 sent. API response: 
2025-09-25 10:23:39.908 +08:00 [INF] Batch 24/25 sent. API response: 
2025-09-25 10:23:39.963 +08:00 [INF] Batch 25/25 sent. API response: 
2025-09-25 10:23:40.007 +08:00 [ERR] HOTDESK EMPLOYEE EMPTY DATA SENT-----ERROR----------System.Net.Http.HttpRequestException: Response status code does not indicate success: 404 (Not Found).
   at System.Net.Http.HttpResponseMessage.EnsureSuccessStatusCode()
   at Persistence.Repositories.HotDeskRepository.SendEmployeeDeactiveCleanup(String root) in D:\00 Fractal\Development\OT\V8\tas.IntegrationAPI\tas.IntegrationAPI\Persistence\Repositories\HotDeskRepository.Employee.cs:line 217
2025-09-25 10:23:40.008 +08:00 [INF] EMPLOYEE DATA SENT-----END----------
2025-09-25 10:24:26.670 +08:00 [INF] Default Quartz.NET properties loaded from embedded resource file
2025-09-25 10:24:26.671 +08:00 [INF] JobFactory set to: Persistence.HostedService.JobHostedService+CustomQuartzJobFactory
2025-09-25 10:24:26.684 +08:00 [ERR] HOTDESK EMPLOYEE EMPTY DATA SENT-----SUCCESS----------{}
2025-09-25 10:24:27.177 +08:00 [INF] Batch 1/25 sent. API response: 
2025-09-25 10:24:27.301 +08:00 [INF] Batch 2/25 sent. API response: 
2025-09-25 10:24:27.413 +08:00 [INF] Batch 3/25 sent. API response: 
2025-09-25 10:24:27.530 +08:00 [INF] Batch 4/25 sent. API response: 
2025-09-25 10:24:27.639 +08:00 [INF] Batch 5/25 sent. API response: 
2025-09-25 10:24:27.755 +08:00 [INF] Batch 6/25 sent. API response: 
2025-09-25 10:24:27.864 +08:00 [INF] Batch 7/25 sent. API response: 
2025-09-25 10:24:27.975 +08:00 [INF] Batch 8/25 sent. API response: 
2025-09-25 10:24:28.084 +08:00 [INF] Batch 9/25 sent. API response: 
2025-09-25 10:24:28.192 +08:00 [INF] Batch 10/25 sent. API response: 
2025-09-25 10:24:28.299 +08:00 [INF] Batch 11/25 sent. API response: 
2025-09-25 10:24:28.411 +08:00 [INF] Batch 12/25 sent. API response: 
2025-09-25 10:24:28.517 +08:00 [INF] Batch 13/25 sent. API response: 
2025-09-25 10:24:28.627 +08:00 [INF] Batch 14/25 sent. API response: 
2025-09-25 10:24:28.732 +08:00 [INF] Batch 15/25 sent. API response: 
2025-09-25 10:24:28.841 +08:00 [INF] Batch 16/25 sent. API response: 
2025-09-25 10:24:28.949 +08:00 [INF] Batch 17/25 sent. API response: 
2025-09-25 10:24:29.058 +08:00 [INF] Batch 18/25 sent. API response: 
2025-09-25 10:24:29.167 +08:00 [INF] Batch 19/25 sent. API response: 
2025-09-25 10:24:29.276 +08:00 [INF] Batch 20/25 sent. API response: 
2025-09-25 10:24:29.420 +08:00 [INF] Batch 21/25 sent. API response: 
2025-09-25 10:24:29.530 +08:00 [INF] Batch 22/25 sent. API response: 
2025-09-25 10:24:29.634 +08:00 [INF] Batch 23/25 sent. API response: 
2025-09-25 10:24:29.742 +08:00 [INF] Batch 24/25 sent. API response: 
2025-09-25 10:24:29.796 +08:00 [INF] Batch 25/25 sent. API response: 
2025-09-25 10:25:39.859 +08:00 [INF] Default Quartz.NET properties loaded from embedded resource file
2025-09-25 10:25:39.919 +08:00 [INF] Initialized Scheduler Signaller of type: Quartz.Core.SchedulerSignalerImpl
2025-09-25 10:25:39.920 +08:00 [INF] Quartz Scheduler created
2025-09-25 10:25:39.921 +08:00 [INF] RAMJobStore initialized.
2025-09-25 10:25:39.922 +08:00 [INF] Quartz Scheduler 3.13.0.0 - 'DefaultQuartzScheduler' with instanceId 'NON_CLUSTERED' initialized
2025-09-25 10:25:39.923 +08:00 [INF] Using thread pool 'Quartz.Simpl.DefaultThreadPool', size: 10
2025-09-25 10:25:39.924 +08:00 [INF] Using job store 'Quartz.Simpl.RAMJobStore', supports persistence: False, clustered: False
2025-09-25 10:25:39.926 +08:00 [INF] JobFactory set to: Persistence.HostedService.JobHostedService+CustomQuartzJobFactory
2025-09-25 10:25:40.323 +08:00 [INF] Default Quartz.NET properties loaded from embedded resource file
2025-09-25 10:25:40.324 +08:00 [INF] JobFactory set to: Persistence.HostedService.JobHostedService+CustomQuartzJobFactory
2025-09-25 10:25:40.349 +08:00 [INF] Scheduler DefaultQuartzScheduler_$_NON_CLUSTERED started.
2025-09-25 10:25:40.410 +08:00 [INF] Default Quartz.NET properties loaded from embedded resource file
2025-09-25 10:25:40.411 +08:00 [INF] JobFactory set to: Persistence.HostedService.JobHostedService+CustomQuartzJobFactory
2025-09-25 10:25:40.416 +08:00 [WRN] The WebRootPath was not found: D:\00 Fractal\Development\OT\V8\tas.IntegrationAPI\tas.IntegrationAPI\tas.IntegrationAPI\wwwroot. Static files may be unavailable.
2025-09-25 10:25:53.592 +08:00 [INF] Default Quartz.NET properties loaded from embedded resource file
2025-09-25 10:25:53.594 +08:00 [INF] JobFactory set to: Persistence.HostedService.JobHostedService+CustomQuartzJobFactory
2025-09-25 10:25:53.639 +08:00 [ERR] HOTDESK EMPLOYEE EMPTY DATA SENT-----SUCCESS----------{}
2025-09-25 10:25:55.009 +08:00 [INF] Batch 1/25 sent. API response: 
2025-09-25 10:25:55.126 +08:00 [INF] Batch 2/25 sent. API response: 
2025-09-25 10:25:55.259 +08:00 [INF] Batch 3/25 sent. API response: 
2025-09-25 10:25:55.372 +08:00 [INF] Batch 4/25 sent. API response: 
2025-09-25 10:25:55.488 +08:00 [INF] Batch 5/25 sent. API response: 
2025-09-25 10:25:55.600 +08:00 [INF] Batch 6/25 sent. API response: 
2025-09-25 10:25:55.715 +08:00 [INF] Batch 7/25 sent. API response: 
2025-09-25 10:25:55.877 +08:00 [INF] Batch 8/25 sent. API response: 
2025-09-25 10:25:55.993 +08:00 [INF] Batch 9/25 sent. API response: 
2025-09-25 10:25:56.106 +08:00 [INF] Batch 10/25 sent. API response: 
2025-09-25 10:25:56.216 +08:00 [INF] Batch 11/25 sent. API response: 
2025-09-25 10:25:56.328 +08:00 [INF] Batch 12/25 sent. API response: 
2025-09-25 10:25:56.437 +08:00 [INF] Batch 13/25 sent. API response: 
2025-09-25 10:25:56.549 +08:00 [INF] Batch 14/25 sent. API response: 
2025-09-25 10:25:56.657 +08:00 [INF] Batch 15/25 sent. API response: 
2025-09-25 10:25:56.767 +08:00 [INF] Batch 16/25 sent. API response: 
2025-09-25 10:25:56.877 +08:00 [INF] Batch 17/25 sent. API response: 
2025-09-25 10:25:56.987 +08:00 [INF] Batch 18/25 sent. API response: 
2025-09-25 10:25:57.094 +08:00 [INF] Batch 19/25 sent. API response: 
2025-09-25 10:25:57.208 +08:00 [INF] Batch 20/25 sent. API response: 
2025-09-25 10:25:57.313 +08:00 [INF] Batch 21/25 sent. API response: 
2025-09-25 10:25:57.418 +08:00 [INF] Batch 22/25 sent. API response: 
2025-09-25 10:25:57.521 +08:00 [INF] Batch 23/25 sent. API response: 
2025-09-25 10:25:57.629 +08:00 [INF] Batch 24/25 sent. API response: 
2025-09-25 10:25:57.685 +08:00 [INF] Batch 25/25 sent. API response: 
2025-09-25 10:26:00.855 +08:00 [ERR] HOTDESK EMPLOYEE EMPTY DATA SENT-----SUCCESS----------
2025-09-25 10:26:00.856 +08:00 [INF] EMPLOYEE DATA SENT-----END----------
